2023-07-18 17:26:19,090 [T1] INFO  EngineStarter
BOT Engine Start - v3.0.100.00404
BOT ID: D_20230718_172618_238
BOT PID: 5836
BOT PPID: 16428
BOT Working Directory: C:\Users\USER\AppData\Roaming\Brity RPA Designer

2023-07-18 17:26:19,103 [T1] INFO  EngineStarter
System Language: ko-KR
Resolution: 1680 x 1050

2023-07-18 17:26:19,346 [T1] INFO  Config
Initialize Config

2023-07-18 17:26:19,378 [T1] DEBUG Config
Config Loaded

2023-07-18 17:26:19,385 [T1] INFO  Config
Orchestrator Service => https://bwrpa.samsungsds.com:8777

2023-07-18 17:26:19,389 [T1] INFO  Config
Initialize Resource Config

2023-07-18 17:26:19,420 [T1] DEBUG Config
Refresh Language Information

2023-07-18 17:26:19,482 [T1] INFO  Config
All Config Initialized.

2023-07-18 17:26:19,485 [T1] DEBUG KeyManager
Initialize KeyManager

2023-07-18 17:26:19,494 [T1] DEBUG KeyManager
Device ID is initialized.

2023-07-18 17:26:19,530 [T1] INFO  CertLicenseClient
Initialize certificate.

2023-07-18 17:26:19,534 [T1] DEBUG CertLicenseClient
Set Security Protocol: Tls12

2023-07-18 17:26:19,565 [T4] DEBUG JobService
Connect to agent service

2023-07-18 17:26:19,573 [T1] DEBUG ApplicationInitializer
InitMode: Thread

2023-07-18 17:26:19,581 [T1] INFO  LibraryManager
Load Libraries - Started

2023-07-18 17:26:19,593 [T1] DEBUG AddInLoader
Load Assembly : IPA.Lib.Chrome

2023-07-18 17:26:19,603 [T4] DEBUG JobService
JobService URL : net.tcp://127.0.0.1:59001/rpa/agent

2023-07-18 17:26:19,603 [T4] DEBUG JobService
Open connection

2023-07-18 17:26:19,639 [T4] DEBUG JobService
Register engine to agent

2023-07-18 17:26:19,670 [T4] DEBUG JobService
Engine is connected to agent service.

2023-07-18 17:26:19,670 [T4] DEBUG JobService
Owner Process PID: 16428

2023-07-18 17:26:19,677 [T4] INFO  JobService
Start monitoring owner process is terminated.

2023-07-18 17:26:19,799 [T1] DEBUG AddInLoader
Load Assembly : IPA.Lib.Desktop

2023-07-18 17:26:19,978 [T1] DEBUG AddInLoader
Load Assembly : IPA.Lib.Excel

2023-07-18 17:26:20,036 [T8] INFO  JobService
Start Job: P_기초실습 (Foreground)
{
  "UsePIP": false,
  "UserID": null,
  "UserPWD": null,
  "IsRunning": false,
  "ResultMessage": null,
  "JobWorkDir": "F:\\[ECMEDU]\\BRITY\\기초실습\\Histories\\20230718_172617_P_기초실습_Designer_20230718_172612_619",
  "JobLogDir": "F:\\[ECMEDU]\\BRITY\\기초실습\\Histories\\20230718_172617_P_기초실습_Designer_20230718_172612_619\\Log",
  "JobScreenshotDir": "F:\\[ECMEDU]\\BRITY\\기초실습\\Histories\\20230718_172617_P_기초실습_Designer_20230718_172612_619\\Log\\Screenshot",
  "TotalProcessStepCount": 0,
  "CurrentStepNo": 0,
  "CurrentStepName": null,
  "StartTime": "2023-07-18 17:26:18",
  "EndTime": null,
  "Data": null,
  "EngineID": "D_20230718_172618_238",
  "EnginePID": 0,
  "EngineRecommededVersion": "",
  "JobId": "Designer_20230718_172612_619",
  "JobType": 1,
  "UserAuthentication": null,
  "ProcessPath": "F:\\[ECMEDU]\\BRITY\\기초실습\\P_기초실습.proc",
  "ProcessId": "c81d6938-f37b-4e37-8376-4e7b4ba19ed1",
  "ProcessVer": "",
  "ProcessArgs": null,
  "RequesterType": 3,
  "RequesterId": "designer",
  "RequesterPID": 16428,
  "OptionsJsonString": null,
  "TimeoutSec": 0,
  "State": 0
}

2023-07-18 17:26:20,151 [T1] DEBUG AddInLoader
Load Assembly : IPA.Lib.Flow

2023-07-18 17:26:20,187 [T6] DEBUG JobService
Waiting library loading...

2023-07-18 17:26:20,266 [T1] DEBUG AddInLoader
Load Assembly : IPA.Lib.IE

2023-07-18 17:26:20,358 [T1] DEBUG AddInLoader
Load Assembly : IPA.Lib.ImageConverter

2023-07-18 17:26:20,425 [T1] DEBUG AddInLoader
Load Assembly : IPA.Lib.ImageRecognition

2023-07-18 17:26:20,613 [T1] DEBUG AddInLoader
Load Assembly : IPA.Lib.Net

2023-07-18 17:26:20,687 [T1] DEBUG AddInLoader
Load Assembly : IPA.Lib.Orchestra

2023-07-18 17:26:20,772 [T1] DEBUG AddInLoader
Load Assembly : IPA.Lib.ProcessFlow

2023-07-18 17:26:20,863 [T1] DEBUG AddInLoader
Load Assembly : IPA.Lib.SAP

2023-07-18 17:26:20,941 [T1] DEBUG AddInLoader
Load Assembly : IPA.Lib.Web

2023-07-18 17:26:21,046 [T1] DEBUG AddInLoader
Load Assembly : IPA.Lib.Win

2023-07-18 17:26:21,165 [T1] INFO  ScreenCapture
Default Screen Capture Bounds: 0,0,1680,1050

2023-07-18 17:26:21,195 [T1] DEBUG AddInLoader
Load Assembly : BrityWorks.AddIn.Outlook

2023-07-18 17:26:21,316 [T1] DEBUG AddInLoader
Load Assembly : BrityWorks.AddIn.Pdf

2023-07-18 17:26:21,379 [T1] DEBUG LibraryManager
Load Library - Chrome

2023-07-18 17:26:21,382 [T1] DEBUG LibraryManager
Load Library - Desktop

2023-07-18 17:26:21,383 [T1] DEBUG LibraryManager
Load Library - Excel

2023-07-18 17:26:21,384 [T1] DEBUG LibraryManager
Load Library - Flow

2023-07-18 17:26:21,384 [T1] DEBUG LibraryManager
Load Library - IE

2023-07-18 17:26:21,384 [T1] DEBUG LibraryManager
Load Library - ImageConverter

2023-07-18 17:26:21,385 [T1] DEBUG LibraryManager
Load Library - ImageRecognition

2023-07-18 17:26:21,386 [T1] DEBUG LibraryManager
Load Library - Net

2023-07-18 17:26:21,387 [T1] DEBUG LibraryManager
Load Library - Orchestra

2023-07-18 17:26:21,387 [T1] DEBUG LibraryManager
Load Library - Outlook

2023-07-18 17:26:21,390 [T1] DEBUG LibraryManager
Load Library - Pdf

2023-07-18 17:26:21,390 [T1] DEBUG LibraryManager
Load Library - SAP

2023-07-18 17:26:21,391 [T1] DEBUG LibraryManager
Load Library - Web

2023-07-18 17:26:21,392 [T1] DEBUG LibraryManager
Load Library - Win

2023-07-18 17:26:21,392 [T1] DEBUG LibraryManager
Load Library - WorkFlow

2023-07-18 17:26:21,398 [T1] DEBUG LibraryManager
Load built-in script libraries

2023-07-18 17:26:21,545 [T1] INFO  LibraryManager
Load Libraries - Completed.

2023-07-18 17:26:21,557 [T1] INFO  App
Launch Arguments: Total: 6 |  -eid D_20230718_172618_238 -runtype ProcRunner -ppid 16428

2023-07-18 17:26:21,558 [T1] DEBUG Config
Refresh Language Information

2023-07-18 17:26:21,558 [T1] DEBUG LibraryManager
LibraryManager Initialized.

2023-07-18 17:26:21,571 [T6] DEBUG Config
Reload User Settings

2023-07-18 17:26:21,572 [T6] INFO  JobService
Config Loading Completed.

2023-07-18 17:26:21,572 [T6] DEBUG JobService
Config Loading Time: 1384 ms.

2023-07-18 17:26:21,580 [T6] INFO  JobManager
Create JobManager instance for job P_기초실습(Designer_20230718_172612_619)

2023-07-18 17:26:21,586 [T6] INFO  JobRequest
Job ID : Designer_20230718_172612_619
Project Path  : F:\[ECMEDU]\BRITY\기초실습\기초실습.proj
Process Name  : P_기초실습
Engine Mode   : Designer
Requester Type: DesignerRequester PID : 16428

2023-07-18 17:26:21,589 [T5] INFO  JobRequest
Start Callback Sender

2023-07-18 17:26:21,589 [T5] DEBUG JobRequest
Step Callback Interval: 500

2023-07-18 17:26:21,637 [T6] DEBUG ProjectManager
Set Project Information

2023-07-18 17:26:21,659 [T6] INFO  PlayOptionManager
PlayOption
- Step Interval : 1
- Disable DrawBounds : False
- Invoke First : False
- Allow Upload of DumpScreen results : False

2023-07-18 17:26:21,660 [T6] INFO  JobRunner
Initialize Script Engine

2023-07-18 17:26:21,675 [TScriptEngine] INFO  JobRequest
##############################################################
### STATE: Initializing
##############################################################


2023-07-18 17:26:21,707 [T5] DEBUG JobRequest
Callback - State: Initializing


2023-07-18 17:26:22,820 [TScriptEngine] INFO  JobRequest
##############################################################
### STATE: Ready
##############################################################


2023-07-18 17:26:22,823 [T5] DEBUG JobRequest
Callback - State: Ready


2023-07-18 17:26:22,872 [T6] INFO  JobRunnerHook
HotKey Hook Started

2023-07-18 17:26:22,873 [T6] INFO  JobRequest
##############################################################
### STATE: Starting
##############################################################


2023-07-18 17:26:22,875 [TScriptEngine] INFO  JobRunner
RunProcess start

2023-07-18 17:26:22,875 [T5] DEBUG JobRequest
Callback - State: Starting


2023-07-18 17:26:22,877 [TScriptEngine] INFO  JobRequest
##############################################################
### STATE: Running
##############################################################


2023-07-18 17:26:22,877 [TScriptEngine] INFO  JobRequest
Last job life cycle state: Running

2023-07-18 17:26:22,886 [T5] DEBUG JobRequest
Callback - State: Running


2023-07-18 17:26:24,021 [TScriptEngine] DEBUG ScreenCapture
DirectX Screen Capture Initialized.

2023-07-18 17:26:24,082 [TScriptEngine] DEBUG JobRunner
DirectX ScreenCapture Checked.

2023-07-18 17:26:24,109 [TScriptEngine] INFO  JobRequest
##############################################################
### STATE: StartProcess - P_기초실습
##############################################################
c81d6938-f37b-4e37-8376-4e7b4ba19ed1
P_기초실습


2023-07-18 17:26:24,157 [TScriptEngine] INFO  JobRequest
**************************************************************
*** TASK: P_기초실습
**************************************************************
 - STEP 1: S566c23facd5b420eb91176b61da200a3 (1/4) - (1/32)
 - [1] RunTask


2023-07-18 17:26:24,258 [TScriptEngine] INFO  JobRequest
##############################################################
### STATE: StartTask - T_네이버_열기
##############################################################
c03b96df-f8f2-4dcc-bfa1-1394c014750a
T_네이버_열기


2023-07-18 17:26:24,276 [TScriptEngine] INFO  JobRequest
**************************************************************
*** TASK: T_네이버_열기
**************************************************************
 - STEP 2: S5ccb91c989a846739f1f5b6b8f57d3d7 (1/1) - (2/32)
 - [1] ChromeOpen


2023-07-18 17:26:24,539 [T12] DEBUG ChromeCommonExtension
extension default locale empty

2023-07-18 17:26:24,745 [T12] DEBUG ChromeCommonExtension
extension default locale empty

2023-07-18 17:26:26,666 [TScriptEngine] INFO  JobRunner
[PASS] TASK: T_네이버_열기 => Microsoft.ClearScript.V8.V8ScriptItem

2023-07-18 17:26:26,681 [TScriptEngine] INFO  JobRequest
##############################################################
### STATE: EndTask - T_네이버_열기
##############################################################
c03b96df-f8f2-4dcc-bfa1-1394c014750a
T_네이버_열기


2023-07-18 17:26:26,694 [TScriptEngine] INFO  JobRequest
**************************************************************
*** TASK: P_기초실습
**************************************************************
 - STEP 3: S098d7172ff9d40d59581aae0ec75712f (2/4) - (3/32)
 - [2] RunTask


2023-07-18 17:26:26,953 [TScriptEngine] INFO  JobRequest
##############################################################
### STATE: StartTask - T_네이버_증권이동
##############################################################
65b365d1-2ebc-4a62-be15-69acc4924452
T_네이버_증권이동


2023-07-18 17:26:26,956 [TScriptEngine] INFO  JobRequest
**************************************************************
*** TASK: T_네이버_증권이동
**************************************************************
 - STEP 4: Sb66ffd4fa1de4ddc9b20425b05c9f191 (1/2) - (4/32)
 - [1] WaitAppear


2023-07-18 17:26:28,160 [T23] INFO  UIAEventHandler
Start UIA event handler

2023-07-18 17:26:29,164 [T23] DEBUG UIAEventHandler
UI Structure Changed Count: 0

2023-07-18 17:26:29,164 [T23] INFO  UIAEventHandler
waiting for 736 msec during the screen structure is changing.

2023-07-18 17:26:29,632 [TScriptEngine] INFO  JobRequest
 - STEP 5: S29df0de63318453ea4741d8a4e315afa (2/2) - (5/32)
 - [2] Click


2023-07-18 17:26:30,625 [T7] DEBUG UIAEventHandler
UI Structure Changed Count: 0

2023-07-18 17:26:30,625 [T7] INFO  UIAEventHandler
waiting for 930 msec during the screen structure is changing.

2023-07-18 17:26:31,769 [TScriptEngine] INFO  JobRunner
[PASS] TASK: T_네이버_증권이동

2023-07-18 17:26:31,770 [TScriptEngine] INFO  JobRequest
##############################################################
### STATE: EndTask - T_네이버_증권이동
##############################################################
65b365d1-2ebc-4a62-be15-69acc4924452
T_네이버_증권이동


2023-07-18 17:26:31,772 [TScriptEngine] INFO  JobRequest
**************************************************************
*** TASK: P_기초실습
**************************************************************
 - STEP 6: S8fb7dfdbba904fbb8e117f5e67498e0f (3/4) - (6/32)
 - [3] RunTask


2023-07-18 17:26:31,778 [TScriptEngine] INFO  JobRequest
##############################################################
### STATE: StartTask - T_네이버_증권_시가총액이동
##############################################################
b3b6ceb1-4d67-4c53-a596-7625f734437e
T_네이버_증권_시가총액이동


2023-07-18 17:26:31,780 [TScriptEngine] INFO  JobRequest
**************************************************************
*** TASK: T_네이버_증권_시가총액이동
**************************************************************
 - STEP 7: S554cbe00ed864949a2775a61b86447e7 (1/4) - (7/32)
 - [1] WaitAppear


2023-07-18 17:26:32,980 [TScriptEngine] INFO  JobRequest
 - STEP 8: Sba731afc97434ec8a1a2bafda0b571bf (2/4) - (8/32)
 - [2] Click


2023-07-18 17:26:33,971 [T23] DEBUG UIAEventHandler
UI Structure Changed Count: 0

2023-07-18 17:26:33,971 [T23] INFO  UIAEventHandler
waiting for 954 msec during the screen structure is changing.

2023-07-18 17:26:34,175 [T23] DEBUG UIAEventHandler
UI Structure Changed Count: 0

2023-07-18 17:26:34,175 [T23] INFO  UIAEventHandler
waiting for 82 msec during the screen structure is changing.

2023-07-18 17:26:34,741 [TScriptEngine] INFO  JobRequest
 - STEP 9: S7d099286df5a49fa8ae6e4038e5a5969 (3/4) - (9/32)
 - [3] WaitAppear


2023-07-18 17:26:36,228 [T22] DEBUG UIAEventHandler
UI Structure Changed Count: 0

2023-07-18 17:26:36,228 [T22] INFO  UIAEventHandler
waiting for 102 msec during the screen structure is changing.

2023-07-18 17:26:36,239 [TScriptEngine] INFO  JobRequest
 - STEP 10: S9fa9554851544baea9021173b36e398d (4/4) - (10/32)
 - [4] Click


2023-07-18 17:26:37,130 [T26] DEBUG UIAEventHandler
UI Structure Changed Count: 0

2023-07-18 17:26:37,130 [T26] INFO  UIAEventHandler
waiting for 850 msec during the screen structure is changing.

2023-07-18 17:26:37,528 [T26] DEBUG UIAEventHandler
UI Structure Changed Count: 0

2023-07-18 17:26:37,528 [T26] INFO  UIAEventHandler
waiting for 71 msec during the screen structure is changing.

2023-07-18 17:26:38,096 [TScriptEngine] INFO  JobRunner
[PASS] TASK: T_네이버_증권_시가총액이동

2023-07-18 17:26:38,097 [TScriptEngine] INFO  JobRequest
##############################################################
### STATE: EndTask - T_네이버_증권_시가총액이동
##############################################################
b3b6ceb1-4d67-4c53-a596-7625f734437e
T_네이버_증권_시가총액이동


2023-07-18 17:26:38,098 [TScriptEngine] INFO  JobRequest
**************************************************************
*** TASK: P_기초실습
**************************************************************
 - STEP 11: S3a0d00180f424f98b9392e0bd7d7bf5b (4/4) - (11/32)
 - [4] RunTask


2023-07-18 17:26:38,106 [TScriptEngine] INFO  JobRequest
##############################################################
### STATE: StartTask - T_네이버_증권_시가총액_조건테이블선택
##############################################################
117882be-5e28-42db-bee2-482390ab88c9
T_네이버_증권_시가총액_조건테이블선택


2023-07-18 17:26:38,109 [TScriptEngine] INFO  JobRequest
**************************************************************
*** TASK: T_네이버_증권_시가총액_조건테이블선택
**************************************************************
 - STEP 12: Sc84c80be0bc14489957ce845b620f612 (1/22) - (12/32)
 - [1] Assign


2023-07-18 17:26:38,157 [TScriptEngine] INFO  JobRequest
 - STEP 13: S79ca87a21f854fa19607dbb1dd8bdacc (2/22) - (13/32)
 - [2] WaitAppear


2023-07-18 17:26:39,378 [T24] DEBUG UIAEventHandler
UI Structure Changed Count: 0

2023-07-18 17:26:39,378 [T24] INFO  UIAEventHandler
waiting for 81 msec during the screen structure is changing.

2023-07-18 17:26:39,390 [TScriptEngine] INFO  JobRequest
 - STEP 14: Sfc85215ba1ce44c2900f1e217512dc24 (3/22) - (14/32)
 - [3] ChromeGetTableData


2023-07-18 17:26:39,735 [TScriptEngine] INFO  JobRequest
 - STEP 15: Se19877daedcf42b9af65425ae6d9fac9 (4/22) - (15/32)
 - [4] Foreach


2023-07-18 17:26:39,754 [TScriptEngine] INFO  JobRequest
 - STEP 16: S5cd83eca9a6a4f028a620b67e88dd5ef (5/22) - (16/32)
 - [5] Foreach


2023-07-18 17:26:39,762 [TScriptEngine] INFO  JobRequest
 - STEP 17: S0c44654008c841159a0058b09345b194 (6/22) - (17/32)
 - [6] Assign


2023-07-18 17:26:39,764 [TScriptEngine] INFO  JobRequest
 - STEP 18: S38ee26c734ba4065a38d010e1e2333f6 (7/22) - (18/32)
 - [7] IfThen


2023-07-18 17:26:39,766 [TScriptEngine] INFO  JobRequest
 - STEP 19: S9aeeb04b93fe4f1a99b1184bb23bad96 (9/22) - (20/32)
 - [9] End-IfThen


2023-07-18 17:26:39,768 [TScriptEngine] INFO  JobRequest
 - STEP 20: Sca9dfcf1158042f1a12447b12fe1352d (10/22) - (21/32)
 - [10] GetCheckState


2023-07-18 17:26:40,276 [T7] DEBUG UIAEventHandler
UI Structure Changed Count: 0

2023-07-18 17:26:40,276 [T7] INFO  UIAEventHandler
waiting for 459 msec during the screen structure is changing.

2023-07-18 17:26:40,628 [T7] DEBUG UIAEventHandler
UI Structure Changed Count: 0

2023-07-18 17:26:40,628 [T7] INFO  UIAEventHandler
waiting for 71 msec during the screen structure is changing.

2023-07-18 17:26:40,634 [TScriptEngine] INFO  JobRequest
 - STEP 21: S3b65a20d1728462982dfa724387e33d5 (11/22) - (22/32)
 - [11] IfElse


2023-07-18 17:26:40,639 [TScriptEngine] INFO  JobRequest
 - STEP 22: S7a2932eec89a4bd2aa1dffc77fbd6dcd (12/22) - (23/32)
 - [12] SetCheckState


2023-07-18 17:26:41,530 [T15] DEBUG UIAEventHandler
UI Structure Changed Count: 0

2023-07-18 17:26:41,530 [T15] INFO  UIAEventHandler
waiting for 836 msec during the screen structure is changing.

2023-07-18 17:26:41,691 [T15] DEBUG UIAEventHandler
UI Structure Changed Count: 0

2023-07-18 17:26:41,691 [T15] INFO  UIAEventHandler
waiting for 81 msec during the screen structure is changing.

2023-07-18 17:26:41,699 [TScriptEngine] INFO  JobRequest
 - STEP 23: Sbe2e029680ab45558a37f1a750c43f84 (18/22) - (29/32)
 - [18] End-IfElse


2023-07-18 17:26:41,701 [TScriptEngine] INFO  JobRequest
 - STEP 24: S0c44654008c841159a0058b09345b194 (6/22) - (29/32)
 - [6] Assign


2023-07-18 17:26:41,703 [TScriptEngine] INFO  JobRequest
 - STEP 25: S38ee26c734ba4065a38d010e1e2333f6 (7/22) - (29/32)
 - [7] IfThen


2023-07-18 17:26:41,705 [TScriptEngine] INFO  JobRequest
 - STEP 26: S9aeeb04b93fe4f1a99b1184bb23bad96 (9/22) - (29/32)
 - [9] End-IfThen


2023-07-18 17:26:41,707 [TScriptEngine] INFO  JobRequest
 - STEP 27: Sca9dfcf1158042f1a12447b12fe1352d (10/22) - (29/32)
 - [10] GetCheckState


2023-07-18 17:26:42,583 [T26] DEBUG UIAEventHandler
UI Structure Changed Count: 0

2023-07-18 17:26:42,583 [T26] INFO  UIAEventHandler
waiting for 838 msec during the screen structure is changing.

2023-07-18 17:26:42,947 [T26] DEBUG UIAEventHandler
UI Structure Changed Count: 0

2023-07-18 17:26:42,947 [T26] INFO  UIAEventHandler
waiting for 81 msec during the screen structure is changing.

2023-07-18 17:26:42,950 [TScriptEngine] INFO  JobRequest
 - STEP 28: S3b65a20d1728462982dfa724387e33d5 (11/22) - (29/32)
 - [11] IfElse


2023-07-18 17:26:42,952 [TScriptEngine] INFO  JobRequest
 - STEP 29: S04c8d9afda404805b5a11e15b84a7a19 (13/22) - (29/32)
 - [13] Else


2023-07-18 17:26:42,954 [TScriptEngine] INFO  JobRequest
 - STEP 30: Sf9c2eb83c18a41aa8c3669d7b5462bcf (14/22) - (29/32)
 - [14] IfElse


2023-07-18 17:26:42,956 [TScriptEngine] INFO  JobRequest
 - STEP 31: S1cc578f57e934a87b7048a3f280ed642 (16/22) - (29/32)
 - [16] Else


2023-07-18 17:26:42,958 [TScriptEngine] INFO  JobRequest
 - STEP 32: S1fc299ff59bc497c8a1953a042d51934 (17/22) - (29/32)
 - [17] End-IfElse


2023-07-18 17:26:42,959 [TScriptEngine] INFO  JobRequest
 - STEP 33: Sbe2e029680ab45558a37f1a750c43f84 (18/22) - (29/32)
 - [18] End-IfElse


2023-07-18 17:26:42,961 [TScriptEngine] INFO  JobRequest
 - STEP 34: S0c44654008c841159a0058b09345b194 (6/22) - (29/32)
 - [6] Assign


2023-07-18 17:26:42,963 [TScriptEngine] INFO  JobRequest
 - STEP 35: S38ee26c734ba4065a38d010e1e2333f6 (7/22) - (29/32)
 - [7] IfThen


2023-07-18 17:26:42,966 [TScriptEngine] INFO  JobRequest
 - STEP 36: S9aeeb04b93fe4f1a99b1184bb23bad96 (9/22) - (29/32)
 - [9] End-IfThen


2023-07-18 17:26:42,968 [TScriptEngine] INFO  JobRequest
 - STEP 37: Sca9dfcf1158042f1a12447b12fe1352d (10/22) - (29/32)
 - [10] GetCheckState


2023-07-18 17:26:43,848 [T7] DEBUG UIAEventHandler
UI Structure Changed Count: 0

2023-07-18 17:26:43,848 [T7] INFO  UIAEventHandler
waiting for 836 msec during the screen structure is changing.

2023-07-18 17:26:44,204 [T7] DEBUG UIAEventHandler
UI Structure Changed Count: 0

2023-07-18 17:26:44,204 [T7] INFO  UIAEventHandler
waiting for 71 msec during the screen structure is changing.

2023-07-18 17:26:44,207 [TScriptEngine] INFO  JobRequest
 - STEP 38: S3b65a20d1728462982dfa724387e33d5 (11/22) - (29/32)
 - [11] IfElse


2023-07-18 17:26:44,210 [TScriptEngine] INFO  JobRequest
 - STEP 39: S04c8d9afda404805b5a11e15b84a7a19 (13/22) - (29/32)
 - [13] Else


2023-07-18 17:26:44,211 [TScriptEngine] INFO  JobRequest
 - STEP 40: Sf9c2eb83c18a41aa8c3669d7b5462bcf (14/22) - (29/32)
 - [14] IfElse


2023-07-18 17:26:44,213 [TScriptEngine] INFO  JobRequest
 - STEP 41: S1cc578f57e934a87b7048a3f280ed642 (16/22) - (29/32)
 - [16] Else


2023-07-18 17:26:44,215 [TScriptEngine] INFO  JobRequest
 - STEP 42: S1fc299ff59bc497c8a1953a042d51934 (17/22) - (29/32)
 - [17] End-IfElse


2023-07-18 17:26:44,216 [TScriptEngine] INFO  JobRequest
 - STEP 43: Sbe2e029680ab45558a37f1a750c43f84 (18/22) - (29/32)
 - [18] End-IfElse


2023-07-18 17:26:44,218 [TScriptEngine] INFO  JobRequest
 - STEP 44: S0c44654008c841159a0058b09345b194 (6/22) - (29/32)
 - [6] Assign


2023-07-18 17:26:44,221 [TScriptEngine] INFO  JobRequest
 - STEP 45: S38ee26c734ba4065a38d010e1e2333f6 (7/22) - (29/32)
 - [7] IfThen


2023-07-18 17:26:44,223 [TScriptEngine] INFO  JobRequest
 - STEP 46: S9aeeb04b93fe4f1a99b1184bb23bad96 (9/22) - (29/32)
 - [9] End-IfThen


2023-07-18 17:26:44,224 [TScriptEngine] INFO  JobRequest
 - STEP 47: Sca9dfcf1158042f1a12447b12fe1352d (10/22) - (29/32)
 - [10] GetCheckState


2023-07-18 17:26:45,102 [T6] DEBUG UIAEventHandler
UI Structure Changed Count: 0

2023-07-18 17:26:45,102 [T6] INFO  UIAEventHandler
waiting for 828 msec during the screen structure is changing.

2023-07-18 17:26:45,476 [T6] DEBUG UIAEventHandler
UI Structure Changed Count: 0

2023-07-18 17:26:45,476 [T6] INFO  UIAEventHandler
waiting for 82 msec during the screen structure is changing.

2023-07-18 17:26:45,479 [TScriptEngine] INFO  JobRequest
 - STEP 48: S3b65a20d1728462982dfa724387e33d5 (11/22) - (29/32)
 - [11] IfElse


2023-07-18 17:26:45,482 [TScriptEngine] INFO  JobRequest
 - STEP 49: S7a2932eec89a4bd2aa1dffc77fbd6dcd (12/22) - (29/32)
 - [12] SetCheckState


2023-07-18 17:26:46,377 [T17] DEBUG UIAEventHandler
UI Structure Changed Count: 0

2023-07-18 17:26:46,377 [T17] INFO  UIAEventHandler
waiting for 850 msec during the screen structure is changing.

2023-07-18 17:26:46,754 [T17] DEBUG UIAEventHandler
UI Structure Changed Count: 0

2023-07-18 17:26:46,754 [T17] INFO  UIAEventHandler
waiting for 81 msec during the screen structure is changing.

2023-07-18 17:26:46,756 [TScriptEngine] INFO  JobRequest
 - STEP 50: Sbe2e029680ab45558a37f1a750c43f84 (18/22) - (29/32)
 - [18] End-IfElse


2023-07-18 17:26:46,758 [TScriptEngine] INFO  JobRequest
 - STEP 51: S0c44654008c841159a0058b09345b194 (6/22) - (29/32)
 - [6] Assign


2023-07-18 17:26:46,760 [TScriptEngine] INFO  JobRequest
 - STEP 52: S38ee26c734ba4065a38d010e1e2333f6 (7/22) - (29/32)
 - [7] IfThen


2023-07-18 17:26:46,762 [TScriptEngine] INFO  JobRequest
 - STEP 53: S9aeeb04b93fe4f1a99b1184bb23bad96 (9/22) - (29/32)
 - [9] End-IfThen


2023-07-18 17:26:46,764 [TScriptEngine] INFO  JobRequest
 - STEP 54: Sca9dfcf1158042f1a12447b12fe1352d (10/22) - (29/32)
 - [10] GetCheckState


2023-07-18 17:26:47,649 [T6] DEBUG UIAEventHandler
UI Structure Changed Count: 0

2023-07-18 17:26:47,649 [T6] INFO  UIAEventHandler
waiting for 846 msec during the screen structure is changing.

2023-07-18 17:26:48,021 [T6] DEBUG UIAEventHandler
UI Structure Changed Count: 0

2023-07-18 17:26:48,021 [T6] INFO  UIAEventHandler
waiting for 81 msec during the screen structure is changing.

2023-07-18 17:26:48,024 [TScriptEngine] INFO  JobRequest
 - STEP 55: S3b65a20d1728462982dfa724387e33d5 (11/22) - (29/32)
 - [11] IfElse


2023-07-18 17:26:48,026 [TScriptEngine] INFO  JobRequest
 - STEP 56: S04c8d9afda404805b5a11e15b84a7a19 (13/22) - (29/32)
 - [13] Else


2023-07-18 17:26:48,028 [TScriptEngine] INFO  JobRequest
 - STEP 57: Sf9c2eb83c18a41aa8c3669d7b5462bcf (14/22) - (29/32)
 - [14] IfElse


2023-07-18 17:26:48,030 [TScriptEngine] INFO  JobRequest
 - STEP 58: S1cc578f57e934a87b7048a3f280ed642 (16/22) - (29/32)
 - [16] Else


2023-07-18 17:26:48,031 [TScriptEngine] INFO  JobRequest
 - STEP 59: S1fc299ff59bc497c8a1953a042d51934 (17/22) - (29/32)
 - [17] End-IfElse


2023-07-18 17:26:48,033 [TScriptEngine] INFO  JobRequest
 - STEP 60: Sbe2e029680ab45558a37f1a750c43f84 (18/22) - (29/32)
 - [18] End-IfElse


2023-07-18 17:26:48,035 [TScriptEngine] INFO  JobRequest
 - STEP 61: S0c44654008c841159a0058b09345b194 (6/22) - (29/32)
 - [6] Assign


2023-07-18 17:26:48,037 [TScriptEngine] INFO  JobRequest
 - STEP 62: S38ee26c734ba4065a38d010e1e2333f6 (7/22) - (29/32)
 - [7] IfThen


2023-07-18 17:26:48,039 [TScriptEngine] INFO  JobRequest
 - STEP 63: S9aeeb04b93fe4f1a99b1184bb23bad96 (9/22) - (29/32)
 - [9] End-IfThen


2023-07-18 17:26:48,041 [TScriptEngine] INFO  JobRequest
 - STEP 64: Sca9dfcf1158042f1a12447b12fe1352d (10/22) - (29/32)
 - [10] GetCheckState


2023-07-18 17:26:48,917 [T15] DEBUG UIAEventHandler
UI Structure Changed Count: 0

2023-07-18 17:26:48,917 [T15] INFO  UIAEventHandler
waiting for 835 msec during the screen structure is changing.

2023-07-18 17:26:49,278 [T15] DEBUG UIAEventHandler
UI Structure Changed Count: 0

2023-07-18 17:26:49,278 [T15] INFO  UIAEventHandler
waiting for 71 msec during the screen structure is changing.

2023-07-18 17:26:49,281 [TScriptEngine] INFO  JobRequest
 - STEP 65: S3b65a20d1728462982dfa724387e33d5 (11/22) - (29/32)
 - [11] IfElse


2023-07-18 17:26:49,283 [TScriptEngine] INFO  JobRequest
 - STEP 66: S04c8d9afda404805b5a11e15b84a7a19 (13/22) - (29/32)
 - [13] Else


2023-07-18 17:26:49,285 [TScriptEngine] INFO  JobRequest
 - STEP 67: Sf9c2eb83c18a41aa8c3669d7b5462bcf (14/22) - (29/32)
 - [14] IfElse


2023-07-18 17:26:49,287 [TScriptEngine] INFO  JobRequest
 - STEP 68: S3f4b9dd0e7c247d48ca7c98fa14cb3aa (15/22) - (29/32)
 - [15] SetCheckState


2023-07-18 17:26:50,176 [T25] DEBUG UIAEventHandler
UI Structure Changed Count: 0

2023-07-18 17:26:50,176 [T25] INFO  UIAEventHandler
waiting for 845 msec during the screen structure is changing.

2023-07-18 17:26:50,550 [T25] DEBUG UIAEventHandler
UI Structure Changed Count: 0

2023-07-18 17:26:50,550 [T25] INFO  UIAEventHandler
waiting for 81 msec during the screen structure is changing.

2023-07-18 17:26:50,574 [TScriptEngine] INFO  JobRequest
 - STEP 69: S1fc299ff59bc497c8a1953a042d51934 (17/22) - (29/32)
 - [17] End-IfElse


2023-07-18 17:26:50,576 [TScriptEngine] INFO  JobRequest
 - STEP 70: Sbe2e029680ab45558a37f1a750c43f84 (18/22) - (29/32)
 - [18] End-IfElse


2023-07-18 17:26:50,577 [TScriptEngine] INFO  JobRequest
 - STEP 71: S5d556b9be2184d659971025951e5ee3b (20/22) - (30/32)
 - [20] End-Foreach


2023-07-18 17:26:50,579 [TScriptEngine] INFO  JobRequest
 - STEP 72: S5cd83eca9a6a4f028a620b67e88dd5ef (5/22) - (30/32)
 - [5] Foreach


2023-07-18 17:26:50,583 [TScriptEngine] INFO  JobRequest
 - STEP 73: S0c44654008c841159a0058b09345b194 (6/22) - (30/32)
 - [6] Assign


2023-07-18 17:26:50,586 [TScriptEngine] INFO  JobRequest
 - STEP 74: S38ee26c734ba4065a38d010e1e2333f6 (7/22) - (30/32)
 - [7] IfThen


2023-07-18 17:26:50,588 [TScriptEngine] INFO  JobRequest
 - STEP 75: S9aeeb04b93fe4f1a99b1184bb23bad96 (9/22) - (30/32)
 - [9] End-IfThen


2023-07-18 17:26:50,589 [TScriptEngine] INFO  JobRequest
 - STEP 76: Sca9dfcf1158042f1a12447b12fe1352d (10/22) - (30/32)
 - [10] GetCheckState


2023-07-18 17:26:51,446 [T6] DEBUG UIAEventHandler
UI Structure Changed Count: 0

2023-07-18 17:26:51,446 [T6] INFO  UIAEventHandler
waiting for 816 msec during the screen structure is changing.

2023-07-18 17:26:51,814 [T6] DEBUG UIAEventHandler
UI Structure Changed Count: 0

2023-07-18 17:26:51,814 [T6] INFO  UIAEventHandler
waiting for 71 msec during the screen structure is changing.

2023-07-18 17:26:51,816 [TScriptEngine] INFO  JobRequest
 - STEP 77: S3b65a20d1728462982dfa724387e33d5 (11/22) - (30/32)
 - [11] IfElse


2023-07-18 17:26:51,820 [TScriptEngine] INFO  JobRequest
 - STEP 78: S7a2932eec89a4bd2aa1dffc77fbd6dcd (12/22) - (30/32)
 - [12] SetCheckState


2023-07-18 17:26:52,722 [T17] DEBUG UIAEventHandler
UI Structure Changed Count: 0

2023-07-18 17:26:52,722 [T17] INFO  UIAEventHandler
waiting for 856 msec during the screen structure is changing.

2023-07-18 17:26:53,082 [T17] DEBUG UIAEventHandler
UI Structure Changed Count: 0

2023-07-18 17:26:53,082 [T17] INFO  UIAEventHandler
waiting for 81 msec during the screen structure is changing.

2023-07-18 17:26:53,093 [TScriptEngine] INFO  JobRequest
 - STEP 79: Sbe2e029680ab45558a37f1a750c43f84 (18/22) - (30/32)
 - [18] End-IfElse


2023-07-18 17:26:53,095 [TScriptEngine] INFO  JobRequest
 - STEP 80: S0c44654008c841159a0058b09345b194 (6/22) - (30/32)
 - [6] Assign


2023-07-18 17:26:53,098 [TScriptEngine] INFO  JobRequest
 - STEP 81: S38ee26c734ba4065a38d010e1e2333f6 (7/22) - (30/32)
 - [7] IfThen


2023-07-18 17:26:53,101 [TScriptEngine] INFO  JobRequest
 - STEP 82: S9aeeb04b93fe4f1a99b1184bb23bad96 (9/22) - (30/32)
 - [9] End-IfThen


2023-07-18 17:26:53,102 [TScriptEngine] INFO  JobRequest
 - STEP 83: Sca9dfcf1158042f1a12447b12fe1352d (10/22) - (30/32)
 - [10] GetCheckState


2023-07-18 17:26:53,980 [T7] DEBUG UIAEventHandler
UI Structure Changed Count: 0

2023-07-18 17:26:53,980 [T7] INFO  UIAEventHandler
waiting for 836 msec during the screen structure is changing.

2023-07-18 17:26:54,337 [T7] DEBUG UIAEventHandler
UI Structure Changed Count: 0

2023-07-18 17:26:54,337 [T7] INFO  UIAEventHandler
waiting for 71 msec during the screen structure is changing.

2023-07-18 17:26:54,339 [TScriptEngine] INFO  JobRequest
 - STEP 84: S3b65a20d1728462982dfa724387e33d5 (11/22) - (30/32)
 - [11] IfElse


2023-07-18 17:26:54,342 [TScriptEngine] INFO  JobRequest
 - STEP 85: S04c8d9afda404805b5a11e15b84a7a19 (13/22) - (30/32)
 - [13] Else


2023-07-18 17:26:54,344 [TScriptEngine] INFO  JobRequest
 - STEP 86: Sf9c2eb83c18a41aa8c3669d7b5462bcf (14/22) - (30/32)
 - [14] IfElse


2023-07-18 17:26:54,346 [TScriptEngine] INFO  JobRequest
 - STEP 87: S1cc578f57e934a87b7048a3f280ed642 (16/22) - (30/32)
 - [16] Else


2023-07-18 17:26:54,347 [TScriptEngine] INFO  JobRequest
 - STEP 88: S1fc299ff59bc497c8a1953a042d51934 (17/22) - (30/32)
 - [17] End-IfElse


2023-07-18 17:26:54,349 [TScriptEngine] INFO  JobRequest
 - STEP 89: Sbe2e029680ab45558a37f1a750c43f84 (18/22) - (30/32)
 - [18] End-IfElse


2023-07-18 17:26:54,350 [TScriptEngine] INFO  JobRequest
 - STEP 90: S0c44654008c841159a0058b09345b194 (6/22) - (30/32)
 - [6] Assign


2023-07-18 17:26:54,352 [TScriptEngine] INFO  JobRequest
 - STEP 91: S38ee26c734ba4065a38d010e1e2333f6 (7/22) - (30/32)
 - [7] IfThen


2023-07-18 17:26:54,354 [TScriptEngine] INFO  JobRequest
 - STEP 92: S9aeeb04b93fe4f1a99b1184bb23bad96 (9/22) - (30/32)
 - [9] End-IfThen


2023-07-18 17:26:54,356 [TScriptEngine] INFO  JobRequest
 - STEP 93: Sca9dfcf1158042f1a12447b12fe1352d (10/22) - (30/32)
 - [10] GetCheckState


2023-07-18 17:26:55,239 [T6] DEBUG UIAEventHandler
UI Structure Changed Count: 0

2023-07-18 17:26:55,239 [T6] INFO  UIAEventHandler
waiting for 836 msec during the screen structure is changing.

2023-07-18 17:26:55,599 [T6] DEBUG UIAEventHandler
UI Structure Changed Count: 0

2023-07-18 17:26:55,599 [T6] INFO  UIAEventHandler
waiting for 81 msec during the screen structure is changing.

2023-07-18 17:26:55,602 [TScriptEngine] INFO  JobRequest
 - STEP 94: S3b65a20d1728462982dfa724387e33d5 (11/22) - (30/32)
 - [11] IfElse


2023-07-18 17:26:55,604 [TScriptEngine] INFO  JobRequest
 - STEP 95: S7a2932eec89a4bd2aa1dffc77fbd6dcd (12/22) - (30/32)
 - [12] SetCheckState


2023-07-18 17:26:56,497 [T7] DEBUG UIAEventHandler
UI Structure Changed Count: 0

2023-07-18 17:26:56,497 [T7] INFO  UIAEventHandler
waiting for 849 msec during the screen structure is changing.

2023-07-18 17:26:56,865 [T7] DEBUG UIAEventHandler
UI Structure Changed Count: 0

2023-07-18 17:26:56,865 [T7] INFO  UIAEventHandler
waiting for 72 msec during the screen structure is changing.

2023-07-18 17:26:56,878 [TScriptEngine] INFO  JobRequest
 - STEP 96: Sbe2e029680ab45558a37f1a750c43f84 (18/22) - (30/32)
 - [18] End-IfElse


2023-07-18 17:26:56,880 [TScriptEngine] INFO  JobRequest
 - STEP 97: S0c44654008c841159a0058b09345b194 (6/22) - (30/32)
 - [6] Assign


2023-07-18 17:26:56,882 [TScriptEngine] INFO  JobRequest
 - STEP 98: S38ee26c734ba4065a38d010e1e2333f6 (7/22) - (30/32)
 - [7] IfThen


2023-07-18 17:26:56,886 [TScriptEngine] INFO  JobRequest
 - STEP 99: S9aeeb04b93fe4f1a99b1184bb23bad96 (9/22) - (30/32)
 - [9] End-IfThen


2023-07-18 17:26:56,888 [TScriptEngine] INFO  JobRequest
 - STEP 100: Sca9dfcf1158042f1a12447b12fe1352d (10/22) - (30/32)
 - [10] GetCheckState


2023-07-18 17:26:57,770 [T6] DEBUG UIAEventHandler
UI Structure Changed Count: 0

2023-07-18 17:26:57,770 [T6] INFO  UIAEventHandler
waiting for 836 msec during the screen structure is changing.

2023-07-18 17:26:58,160 [T6] DEBUG UIAEventHandler
UI Structure Changed Count: 0

2023-07-18 17:26:58,160 [T6] INFO  UIAEventHandler
waiting for 102 msec during the screen structure is changing.

2023-07-18 17:26:58,162 [TScriptEngine] INFO  JobRequest
 - STEP 101: S3b65a20d1728462982dfa724387e33d5 (11/22) - (30/32)
 - [11] IfElse


2023-07-18 17:26:58,165 [TScriptEngine] INFO  JobRequest
 - STEP 102: S04c8d9afda404805b5a11e15b84a7a19 (13/22) - (30/32)
 - [13] Else


2023-07-18 17:26:58,167 [TScriptEngine] INFO  JobRequest
 - STEP 103: Sf9c2eb83c18a41aa8c3669d7b5462bcf (14/22) - (30/32)
 - [14] IfElse


2023-07-18 17:26:58,169 [TScriptEngine] INFO  JobRequest
 - STEP 104: S1cc578f57e934a87b7048a3f280ed642 (16/22) - (30/32)
 - [16] Else


2023-07-18 17:26:58,170 [TScriptEngine] INFO  JobRequest
 - STEP 105: S1fc299ff59bc497c8a1953a042d51934 (17/22) - (30/32)
 - [17] End-IfElse


2023-07-18 17:26:58,172 [TScriptEngine] INFO  JobRequest
 - STEP 106: Sbe2e029680ab45558a37f1a750c43f84 (18/22) - (30/32)
 - [18] End-IfElse


2023-07-18 17:26:58,173 [TScriptEngine] INFO  JobRequest
 - STEP 107: S0c44654008c841159a0058b09345b194 (6/22) - (30/32)
 - [6] Assign


2023-07-18 17:26:58,175 [TScriptEngine] INFO  JobRequest
 - STEP 108: S38ee26c734ba4065a38d010e1e2333f6 (7/22) - (30/32)
 - [7] IfThen


2023-07-18 17:26:58,177 [TScriptEngine] INFO  JobRequest
 - STEP 109: S9aeeb04b93fe4f1a99b1184bb23bad96 (9/22) - (30/32)
 - [9] End-IfThen


2023-07-18 17:26:58,179 [TScriptEngine] INFO  JobRequest
 - STEP 110: Sca9dfcf1158042f1a12447b12fe1352d (10/22) - (30/32)
 - [10] GetCheckState


2023-07-18 17:26:59,058 [T24] DEBUG UIAEventHandler
UI Structure Changed Count: 0

2023-07-18 17:26:59,058 [T24] INFO  UIAEventHandler
waiting for 836 msec during the screen structure is changing.

2023-07-18 17:26:59,416 [T24] DEBUG UIAEventHandler
UI Structure Changed Count: 0

2023-07-18 17:26:59,416 [T24] INFO  UIAEventHandler
waiting for 71 msec during the screen structure is changing.

2023-07-18 17:26:59,418 [TScriptEngine] INFO  JobRequest
 - STEP 111: S3b65a20d1728462982dfa724387e33d5 (11/22) - (30/32)
 - [11] IfElse


2023-07-18 17:26:59,421 [TScriptEngine] INFO  JobRequest
 - STEP 112: S04c8d9afda404805b5a11e15b84a7a19 (13/22) - (30/32)
 - [13] Else


2023-07-18 17:26:59,422 [TScriptEngine] INFO  JobRequest
 - STEP 113: Sf9c2eb83c18a41aa8c3669d7b5462bcf (14/22) - (30/32)
 - [14] IfElse


2023-07-18 17:26:59,424 [TScriptEngine] INFO  JobRequest
 - STEP 114: S1cc578f57e934a87b7048a3f280ed642 (16/22) - (30/32)
 - [16] Else


2023-07-18 17:26:59,426 [TScriptEngine] INFO  JobRequest
 - STEP 115: S1fc299ff59bc497c8a1953a042d51934 (17/22) - (30/32)
 - [17] End-IfElse


2023-07-18 17:26:59,427 [TScriptEngine] INFO  JobRequest
 - STEP 116: Sbe2e029680ab45558a37f1a750c43f84 (18/22) - (30/32)
 - [18] End-IfElse


2023-07-18 17:26:59,430 [TScriptEngine] INFO  JobRequest
 - STEP 117: S0c44654008c841159a0058b09345b194 (6/22) - (30/32)
 - [6] Assign


2023-07-18 17:26:59,432 [TScriptEngine] INFO  JobRequest
 - STEP 118: S38ee26c734ba4065a38d010e1e2333f6 (7/22) - (30/32)
 - [7] IfThen


2023-07-18 17:26:59,434 [TScriptEngine] INFO  JobRequest
 - STEP 119: S9aeeb04b93fe4f1a99b1184bb23bad96 (9/22) - (30/32)
 - [9] End-IfThen


2023-07-18 17:26:59,435 [TScriptEngine] INFO  JobRequest
 - STEP 120: Sca9dfcf1158042f1a12447b12fe1352d (10/22) - (30/32)
 - [10] GetCheckState


2023-07-18 17:27:00,312 [T22] DEBUG UIAEventHandler
UI Structure Changed Count: 0

2023-07-18 17:27:00,312 [T22] INFO  UIAEventHandler
waiting for 836 msec during the screen structure is changing.

2023-07-18 17:27:00,684 [T22] DEBUG UIAEventHandler
UI Structure Changed Count: 0

2023-07-18 17:27:00,684 [T22] INFO  UIAEventHandler
waiting for 81 msec during the screen structure is changing.

2023-07-18 17:27:00,687 [TScriptEngine] INFO  JobRequest
 - STEP 121: S3b65a20d1728462982dfa724387e33d5 (11/22) - (30/32)
 - [11] IfElse


2023-07-18 17:27:00,689 [TScriptEngine] INFO  JobRequest
 - STEP 122: S04c8d9afda404805b5a11e15b84a7a19 (13/22) - (30/32)
 - [13] Else


2023-07-18 17:27:00,691 [TScriptEngine] INFO  JobRequest
 - STEP 123: Sf9c2eb83c18a41aa8c3669d7b5462bcf (14/22) - (30/32)
 - [14] IfElse


2023-07-18 17:27:00,693 [TScriptEngine] INFO  JobRequest
 - STEP 124: S3f4b9dd0e7c247d48ca7c98fa14cb3aa (15/22) - (30/32)
 - [15] SetCheckState


2023-07-18 17:27:01,581 [T26] DEBUG UIAEventHandler
UI Structure Changed Count: 0

2023-07-18 17:27:01,581 [T26] INFO  UIAEventHandler
waiting for 846 msec during the screen structure is changing.

2023-07-18 17:27:01,935 [T26] DEBUG UIAEventHandler
UI Structure Changed Count: 0

2023-07-18 17:27:01,935 [T26] INFO  UIAEventHandler
waiting for 71 msec during the screen structure is changing.

2023-07-18 17:27:01,945 [TScriptEngine] INFO  JobRequest
 - STEP 125: S1fc299ff59bc497c8a1953a042d51934 (17/22) - (30/32)
 - [17] End-IfElse


2023-07-18 17:27:01,947 [TScriptEngine] INFO  JobRequest
 - STEP 126: Sbe2e029680ab45558a37f1a750c43f84 (18/22) - (30/32)
 - [18] End-IfElse


2023-07-18 17:27:01,948 [TScriptEngine] INFO  JobRequest
 - STEP 127: S5d556b9be2184d659971025951e5ee3b (20/22) - (30/32)
 - [20] End-Foreach


2023-07-18 17:27:01,950 [TScriptEngine] INFO  JobRequest
 - STEP 128: S5cd83eca9a6a4f028a620b67e88dd5ef (5/22) - (30/32)
 - [5] Foreach


2023-07-18 17:27:01,954 [TScriptEngine] INFO  JobRequest
 - STEP 129: S0c44654008c841159a0058b09345b194 (6/22) - (30/32)
 - [6] Assign


2023-07-18 17:27:01,956 [TScriptEngine] INFO  JobRequest
 - STEP 130: S38ee26c734ba4065a38d010e1e2333f6 (7/22) - (30/32)
 - [7] IfThen


2023-07-18 17:27:01,958 [TScriptEngine] INFO  JobRequest
 - STEP 131: S9aeeb04b93fe4f1a99b1184bb23bad96 (9/22) - (30/32)
 - [9] End-IfThen


2023-07-18 17:27:01,960 [TScriptEngine] INFO  JobRequest
 - STEP 132: Sca9dfcf1158042f1a12447b12fe1352d (10/22) - (30/32)
 - [10] GetCheckState


2023-07-18 17:27:02,838 [T15] DEBUG UIAEventHandler
UI Structure Changed Count: 0

2023-07-18 17:27:02,838 [T15] INFO  UIAEventHandler
waiting for 836 msec during the screen structure is changing.

2023-07-18 17:27:03,219 [T15] DEBUG UIAEventHandler
UI Structure Changed Count: 0

2023-07-18 17:27:03,219 [T15] INFO  UIAEventHandler
waiting for 81 msec during the screen structure is changing.

2023-07-18 17:27:03,221 [TScriptEngine] INFO  JobRequest
 - STEP 133: S3b65a20d1728462982dfa724387e33d5 (11/22) - (30/32)
 - [11] IfElse


2023-07-18 17:27:03,224 [TScriptEngine] INFO  JobRequest
 - STEP 134: S7a2932eec89a4bd2aa1dffc77fbd6dcd (12/22) - (30/32)
 - [12] SetCheckState


2023-07-18 17:27:04,118 [T25] DEBUG UIAEventHandler
UI Structure Changed Count: 0

2023-07-18 17:27:04,118 [T25] INFO  UIAEventHandler
waiting for 848 msec during the screen structure is changing.

2023-07-18 17:27:04,485 [T25] DEBUG UIAEventHandler
UI Structure Changed Count: 0

2023-07-18 17:27:04,485 [T25] INFO  UIAEventHandler
waiting for 71 msec during the screen structure is changing.

2023-07-18 17:27:04,499 [TScriptEngine] INFO  JobRequest
 - STEP 135: Sbe2e029680ab45558a37f1a750c43f84 (18/22) - (30/32)
 - [18] End-IfElse


2023-07-18 17:27:04,501 [TScriptEngine] INFO  JobRequest
 - STEP 136: S0c44654008c841159a0058b09345b194 (6/22) - (30/32)
 - [6] Assign


2023-07-18 17:27:04,503 [TScriptEngine] INFO  JobRequest
 - STEP 137: S38ee26c734ba4065a38d010e1e2333f6 (7/22) - (30/32)
 - [7] IfThen


2023-07-18 17:27:04,505 [TScriptEngine] INFO  JobRequest
 - STEP 138: S9aeeb04b93fe4f1a99b1184bb23bad96 (9/22) - (30/32)
 - [9] End-IfThen


2023-07-18 17:27:04,506 [TScriptEngine] INFO  JobRequest
 - STEP 139: Sca9dfcf1158042f1a12447b12fe1352d (10/22) - (30/32)
 - [10] GetCheckState


2023-07-18 17:27:05,392 [T23] DEBUG UIAEventHandler
UI Structure Changed Count: 0

2023-07-18 17:27:05,392 [T23] INFO  UIAEventHandler
waiting for 835 msec during the screen structure is changing.

2023-07-18 17:27:05,764 [T23] DEBUG UIAEventHandler
UI Structure Changed Count: 0

2023-07-18 17:27:05,764 [T23] INFO  UIAEventHandler
waiting for 81 msec during the screen structure is changing.

2023-07-18 17:27:05,767 [TScriptEngine] INFO  JobRequest
 - STEP 140: S3b65a20d1728462982dfa724387e33d5 (11/22) - (30/32)
 - [11] IfElse


2023-07-18 17:27:05,771 [TScriptEngine] INFO  JobRequest
 - STEP 141: S04c8d9afda404805b5a11e15b84a7a19 (13/22) - (30/32)
 - [13] Else


2023-07-18 17:27:05,772 [TScriptEngine] INFO  JobRequest
 - STEP 142: Sf9c2eb83c18a41aa8c3669d7b5462bcf (14/22) - (30/32)
 - [14] IfElse


2023-07-18 17:27:05,774 [TScriptEngine] INFO  JobRequest
 - STEP 143: S1cc578f57e934a87b7048a3f280ed642 (16/22) - (30/32)
 - [16] Else


2023-07-18 17:27:05,776 [TScriptEngine] INFO  JobRequest
 - STEP 144: S1fc299ff59bc497c8a1953a042d51934 (17/22) - (30/32)
 - [17] End-IfElse


2023-07-18 17:27:05,778 [TScriptEngine] INFO  JobRequest
 - STEP 145: Sbe2e029680ab45558a37f1a750c43f84 (18/22) - (30/32)
 - [18] End-IfElse


2023-07-18 17:27:05,779 [TScriptEngine] INFO  JobRequest
 - STEP 146: S0c44654008c841159a0058b09345b194 (6/22) - (30/32)
 - [6] Assign


2023-07-18 17:27:05,781 [TScriptEngine] INFO  JobRequest
 - STEP 147: S38ee26c734ba4065a38d010e1e2333f6 (7/22) - (30/32)
 - [7] IfThen


2023-07-18 17:27:05,783 [TScriptEngine] INFO  JobRequest
 - STEP 148: S9aeeb04b93fe4f1a99b1184bb23bad96 (9/22) - (30/32)
 - [9] End-IfThen


2023-07-18 17:27:05,785 [TScriptEngine] INFO  JobRequest
 - STEP 149: Sca9dfcf1158042f1a12447b12fe1352d (10/22) - (30/32)
 - [10] GetCheckState


2023-07-18 17:27:06,662 [T26] DEBUG UIAEventHandler
UI Structure Changed Count: 0

2023-07-18 17:27:06,662 [T26] INFO  UIAEventHandler
waiting for 836 msec during the screen structure is changing.

2023-07-18 17:27:07,030 [T26] DEBUG UIAEventHandler
UI Structure Changed Count: 0

2023-07-18 17:27:07,030 [T26] INFO  UIAEventHandler
waiting for 81 msec during the screen structure is changing.

2023-07-18 17:27:07,033 [TScriptEngine] INFO  JobRequest
 - STEP 150: S3b65a20d1728462982dfa724387e33d5 (11/22) - (30/32)
 - [11] IfElse


2023-07-18 17:27:07,036 [TScriptEngine] INFO  JobRequest
 - STEP 151: S04c8d9afda404805b5a11e15b84a7a19 (13/22) - (30/32)
 - [13] Else


2023-07-18 17:27:07,037 [TScriptEngine] INFO  JobRequest
 - STEP 152: Sf9c2eb83c18a41aa8c3669d7b5462bcf (14/22) - (30/32)
 - [14] IfElse


2023-07-18 17:27:07,040 [TScriptEngine] INFO  JobRequest
 - STEP 153: S3f4b9dd0e7c247d48ca7c98fa14cb3aa (15/22) - (30/32)
 - [15] SetCheckState


2023-07-18 17:27:07,927 [T6] DEBUG UIAEventHandler
UI Structure Changed Count: 0

2023-07-18 17:27:07,927 [T6] INFO  UIAEventHandler
waiting for 838 msec during the screen structure is changing.

2023-07-18 17:27:08,301 [T6] DEBUG UIAEventHandler
UI Structure Changed Count: 0

2023-07-18 17:27:08,301 [T6] INFO  UIAEventHandler
waiting for 82 msec during the screen structure is changing.

2023-07-18 17:27:08,313 [TScriptEngine] INFO  JobRequest
 - STEP 154: S1fc299ff59bc497c8a1953a042d51934 (17/22) - (30/32)
 - [17] End-IfElse


2023-07-18 17:27:08,315 [TScriptEngine] INFO  JobRequest
 - STEP 155: Sbe2e029680ab45558a37f1a750c43f84 (18/22) - (30/32)
 - [18] End-IfElse


2023-07-18 17:27:08,317 [TScriptEngine] INFO  JobRequest
 - STEP 156: S0c44654008c841159a0058b09345b194 (6/22) - (30/32)
 - [6] Assign


2023-07-18 17:27:08,320 [TScriptEngine] INFO  JobRequest
 - STEP 157: S38ee26c734ba4065a38d010e1e2333f6 (7/22) - (30/32)
 - [7] IfThen


2023-07-18 17:27:08,322 [TScriptEngine] INFO  JobRequest
 - STEP 158: S9aeeb04b93fe4f1a99b1184bb23bad96 (9/22) - (30/32)
 - [9] End-IfThen


2023-07-18 17:27:08,323 [TScriptEngine] INFO  JobRequest
 - STEP 159: Sca9dfcf1158042f1a12447b12fe1352d (10/22) - (30/32)
 - [10] GetCheckState


2023-07-18 17:27:09,192 [T23] DEBUG UIAEventHandler
UI Structure Changed Count: 0

2023-07-18 17:27:09,192 [T23] INFO  UIAEventHandler
waiting for 825 msec during the screen structure is changing.

2023-07-18 17:27:09,554 [T23] DEBUG UIAEventHandler
UI Structure Changed Count: 0

2023-07-18 17:27:09,554 [T23] INFO  UIAEventHandler
waiting for 71 msec during the screen structure is changing.

2023-07-18 17:27:09,557 [TScriptEngine] INFO  JobRequest
 - STEP 160: S3b65a20d1728462982dfa724387e33d5 (11/22) - (30/32)
 - [11] IfElse


2023-07-18 17:27:09,560 [TScriptEngine] INFO  JobRequest
 - STEP 161: S04c8d9afda404805b5a11e15b84a7a19 (13/22) - (30/32)
 - [13] Else


2023-07-18 17:27:09,561 [TScriptEngine] INFO  JobRequest
 - STEP 162: Sf9c2eb83c18a41aa8c3669d7b5462bcf (14/22) - (30/32)
 - [14] IfElse


2023-07-18 17:27:09,563 [TScriptEngine] INFO  JobRequest
 - STEP 163: S1cc578f57e934a87b7048a3f280ed642 (16/22) - (30/32)
 - [16] Else


2023-07-18 17:27:09,565 [TScriptEngine] INFO  JobRequest
 - STEP 164: S1fc299ff59bc497c8a1953a042d51934 (17/22) - (30/32)
 - [17] End-IfElse


2023-07-18 17:27:09,566 [TScriptEngine] INFO  JobRequest
 - STEP 165: Sbe2e029680ab45558a37f1a750c43f84 (18/22) - (30/32)
 - [18] End-IfElse


2023-07-18 17:27:09,568 [TScriptEngine] INFO  JobRequest
 - STEP 166: S0c44654008c841159a0058b09345b194 (6/22) - (30/32)
 - [6] Assign


2023-07-18 17:27:09,571 [TScriptEngine] INFO  JobRequest
 - STEP 167: S38ee26c734ba4065a38d010e1e2333f6 (7/22) - (30/32)
 - [7] IfThen


2023-07-18 17:27:09,573 [TScriptEngine] INFO  JobRequest
 - STEP 168: S9aeeb04b93fe4f1a99b1184bb23bad96 (9/22) - (30/32)
 - [9] End-IfThen


2023-07-18 17:27:09,574 [TScriptEngine] INFO  JobRequest
 - STEP 169: Sca9dfcf1158042f1a12447b12fe1352d (10/22) - (30/32)
 - [10] GetCheckState


2023-07-18 17:27:10,453 [T24] DEBUG UIAEventHandler
UI Structure Changed Count: 0

2023-07-18 17:27:10,453 [T24] INFO  UIAEventHandler
waiting for 837 msec during the screen structure is changing.

2023-07-18 17:27:10,817 [T24] DEBUG UIAEventHandler
UI Structure Changed Count: 0

2023-07-18 17:27:10,817 [T24] INFO  UIAEventHandler
waiting for 81 msec during the screen structure is changing.

2023-07-18 17:27:10,820 [TScriptEngine] INFO  JobRequest
 - STEP 170: S3b65a20d1728462982dfa724387e33d5 (11/22) - (30/32)
 - [11] IfElse


2023-07-18 17:27:10,823 [TScriptEngine] INFO  JobRequest
 - STEP 171: S7a2932eec89a4bd2aa1dffc77fbd6dcd (12/22) - (30/32)
 - [12] SetCheckState


2023-07-18 17:27:11,713 [T22] DEBUG UIAEventHandler
UI Structure Changed Count: 0

2023-07-18 17:27:11,713 [T22] INFO  UIAEventHandler
waiting for 846 msec during the screen structure is changing.

2023-07-18 17:27:12,067 [T22] DEBUG UIAEventHandler
UI Structure Changed Count: 0

2023-07-18 17:27:12,067 [T22] INFO  UIAEventHandler
waiting for 71 msec during the screen structure is changing.

2023-07-18 17:27:12,080 [TScriptEngine] INFO  JobRequest
 - STEP 172: Sbe2e029680ab45558a37f1a750c43f84 (18/22) - (30/32)
 - [18] End-IfElse


2023-07-18 17:27:12,082 [TScriptEngine] INFO  JobRequest
 - STEP 173: S0c44654008c841159a0058b09345b194 (6/22) - (30/32)
 - [6] Assign


2023-07-18 17:27:12,084 [TScriptEngine] INFO  JobRequest
 - STEP 174: S38ee26c734ba4065a38d010e1e2333f6 (7/22) - (30/32)
 - [7] IfThen


2023-07-18 17:27:12,086 [TScriptEngine] INFO  JobRequest
 - STEP 175: S9aeeb04b93fe4f1a99b1184bb23bad96 (9/22) - (30/32)
 - [9] End-IfThen


2023-07-18 17:27:12,087 [TScriptEngine] INFO  JobRequest
 - STEP 176: Sca9dfcf1158042f1a12447b12fe1352d (10/22) - (30/32)
 - [10] GetCheckState


2023-07-18 17:27:12,967 [T23] DEBUG UIAEventHandler
UI Structure Changed Count: 0

2023-07-18 17:27:12,967 [T23] INFO  UIAEventHandler
waiting for 836 msec during the screen structure is changing.

2023-07-18 17:27:13,360 [T23] DEBUG UIAEventHandler
UI Structure Changed Count: 0

2023-07-18 17:27:13,360 [T23] INFO  UIAEventHandler
waiting for 81 msec during the screen structure is changing.

2023-07-18 17:27:13,363 [TScriptEngine] INFO  JobRequest
 - STEP 177: S3b65a20d1728462982dfa724387e33d5 (11/22) - (30/32)
 - [11] IfElse


2023-07-18 17:27:13,366 [TScriptEngine] INFO  JobRequest
 - STEP 178: S04c8d9afda404805b5a11e15b84a7a19 (13/22) - (30/32)
 - [13] Else


2023-07-18 17:27:13,367 [TScriptEngine] INFO  JobRequest
 - STEP 179: Sf9c2eb83c18a41aa8c3669d7b5462bcf (14/22) - (30/32)
 - [14] IfElse


2023-07-18 17:27:13,369 [TScriptEngine] INFO  JobRequest
 - STEP 180: S1cc578f57e934a87b7048a3f280ed642 (16/22) - (30/32)
 - [16] Else


2023-07-18 17:27:13,371 [TScriptEngine] INFO  JobRequest
 - STEP 181: S1fc299ff59bc497c8a1953a042d51934 (17/22) - (30/32)
 - [17] End-IfElse


2023-07-18 17:27:13,372 [TScriptEngine] INFO  JobRequest
 - STEP 182: Sbe2e029680ab45558a37f1a750c43f84 (18/22) - (30/32)
 - [18] End-IfElse


2023-07-18 17:27:13,374 [TScriptEngine] INFO  JobRequest
 - STEP 183: S5d556b9be2184d659971025951e5ee3b (20/22) - (30/32)
 - [20] End-Foreach


2023-07-18 17:27:13,375 [TScriptEngine] INFO  JobRequest
 - STEP 184: S5cd83eca9a6a4f028a620b67e88dd5ef (5/22) - (30/32)
 - [5] Foreach


2023-07-18 17:27:13,378 [TScriptEngine] INFO  JobRequest
 - STEP 185: S0c44654008c841159a0058b09345b194 (6/22) - (30/32)
 - [6] Assign


2023-07-18 17:27:13,380 [TScriptEngine] INFO  JobRequest
 - STEP 186: S38ee26c734ba4065a38d010e1e2333f6 (7/22) - (30/32)
 - [7] IfThen


2023-07-18 17:27:13,382 [TScriptEngine] INFO  JobRequest
 - STEP 187: S9aeeb04b93fe4f1a99b1184bb23bad96 (9/22) - (30/32)
 - [9] End-IfThen


2023-07-18 17:27:13,384 [TScriptEngine] INFO  JobRequest
 - STEP 188: Sca9dfcf1158042f1a12447b12fe1352d (10/22) - (30/32)
 - [10] GetCheckState


2023-07-18 17:27:14,253 [T6] DEBUG UIAEventHandler
UI Structure Changed Count: 0

2023-07-18 17:27:14,253 [T6] INFO  UIAEventHandler
waiting for 827 msec during the screen structure is changing.

2023-07-18 17:27:14,606 [T6] DEBUG UIAEventHandler
UI Structure Changed Count: 0

2023-07-18 17:27:14,606 [T6] INFO  UIAEventHandler
waiting for 71 msec during the screen structure is changing.

2023-07-18 17:27:14,608 [TScriptEngine] INFO  JobRequest
 - STEP 189: S3b65a20d1728462982dfa724387e33d5 (11/22) - (30/32)
 - [11] IfElse


2023-07-18 17:27:14,611 [TScriptEngine] INFO  JobRequest
 - STEP 190: S04c8d9afda404805b5a11e15b84a7a19 (13/22) - (30/32)
 - [13] Else


2023-07-18 17:27:14,612 [TScriptEngine] INFO  JobRequest
 - STEP 191: Sf9c2eb83c18a41aa8c3669d7b5462bcf (14/22) - (30/32)
 - [14] IfElse


2023-07-18 17:27:14,614 [TScriptEngine] INFO  JobRequest
 - STEP 192: S1cc578f57e934a87b7048a3f280ed642 (16/22) - (30/32)
 - [16] Else


2023-07-18 17:27:14,616 [TScriptEngine] INFO  JobRequest
 - STEP 193: S1fc299ff59bc497c8a1953a042d51934 (17/22) - (30/32)
 - [17] End-IfElse


2023-07-18 17:27:14,617 [TScriptEngine] INFO  JobRequest
 - STEP 194: Sbe2e029680ab45558a37f1a750c43f84 (18/22) - (30/32)
 - [18] End-IfElse


2023-07-18 17:27:14,619 [TScriptEngine] INFO  JobRequest
 - STEP 195: S0c44654008c841159a0058b09345b194 (6/22) - (30/32)
 - [6] Assign


2023-07-18 17:27:14,621 [TScriptEngine] INFO  JobRequest
 - STEP 196: S38ee26c734ba4065a38d010e1e2333f6 (7/22) - (30/32)
 - [7] IfThen


2023-07-18 17:27:14,623 [TScriptEngine] INFO  JobRequest
 - STEP 197: S9aeeb04b93fe4f1a99b1184bb23bad96 (9/22) - (30/32)
 - [9] End-IfThen


2023-07-18 17:27:14,624 [TScriptEngine] INFO  JobRequest
 - STEP 198: Sca9dfcf1158042f1a12447b12fe1352d (10/22) - (30/32)
 - [10] GetCheckState


2023-07-18 17:27:15,507 [T25] DEBUG UIAEventHandler
UI Structure Changed Count: 0

2023-07-18 17:27:15,507 [T25] INFO  UIAEventHandler
waiting for 837 msec during the screen structure is changing.

2023-07-18 17:27:15,885 [T25] DEBUG UIAEventHandler
UI Structure Changed Count: 0

2023-07-18 17:27:15,885 [T25] INFO  UIAEventHandler
waiting for 81 msec during the screen structure is changing.

2023-07-18 17:27:15,887 [TScriptEngine] INFO  JobRequest
 - STEP 199: S3b65a20d1728462982dfa724387e33d5 (11/22) - (30/32)
 - [11] IfElse


2023-07-18 17:27:15,890 [TScriptEngine] INFO  JobRequest
 - STEP 200: S04c8d9afda404805b5a11e15b84a7a19 (13/22) - (30/32)
 - [13] Else


2023-07-18 17:27:15,892 [TScriptEngine] INFO  JobRequest
 - STEP 201: Sf9c2eb83c18a41aa8c3669d7b5462bcf (14/22) - (30/32)
 - [14] IfElse


2023-07-18 17:27:15,894 [TScriptEngine] INFO  JobRequest
 - STEP 202: S1cc578f57e934a87b7048a3f280ed642 (16/22) - (30/32)
 - [16] Else


2023-07-18 17:27:15,896 [TScriptEngine] INFO  JobRequest
 - STEP 203: S1fc299ff59bc497c8a1953a042d51934 (17/22) - (30/32)
 - [17] End-IfElse


2023-07-18 17:27:15,897 [TScriptEngine] INFO  JobRequest
 - STEP 204: Sbe2e029680ab45558a37f1a750c43f84 (18/22) - (30/32)
 - [18] End-IfElse


2023-07-18 17:27:15,900 [TScriptEngine] INFO  JobRequest
 - STEP 205: S0c44654008c841159a0058b09345b194 (6/22) - (30/32)
 - [6] Assign


2023-07-18 17:27:15,906 [TScriptEngine] INFO  JobRequest
 - STEP 206: S38ee26c734ba4065a38d010e1e2333f6 (7/22) - (30/32)
 - [7] IfThen


2023-07-18 17:27:15,910 [TScriptEngine] INFO  JobRequest
 - STEP 207: S9aeeb04b93fe4f1a99b1184bb23bad96 (9/22) - (30/32)
 - [9] End-IfThen


2023-07-18 17:27:15,912 [TScriptEngine] INFO  JobRequest
 - STEP 208: Sca9dfcf1158042f1a12447b12fe1352d (10/22) - (30/32)
 - [10] GetCheckState


2023-07-18 17:27:16,780 [T26] DEBUG UIAEventHandler
UI Structure Changed Count: 0

2023-07-18 17:27:16,780 [T26] INFO  UIAEventHandler
waiting for 826 msec during the screen structure is changing.

2023-07-18 17:27:17,140 [T26] DEBUG UIAEventHandler
UI Structure Changed Count: 0

2023-07-18 17:27:17,140 [T26] INFO  UIAEventHandler
waiting for 71 msec during the screen structure is changing.

2023-07-18 17:27:17,143 [TScriptEngine] INFO  JobRequest
 - STEP 209: S3b65a20d1728462982dfa724387e33d5 (11/22) - (30/32)
 - [11] IfElse


2023-07-18 17:27:17,146 [TScriptEngine] INFO  JobRequest
 - STEP 210: S04c8d9afda404805b5a11e15b84a7a19 (13/22) - (30/32)
 - [13] Else


2023-07-18 17:27:17,148 [TScriptEngine] INFO  JobRequest
 - STEP 211: Sf9c2eb83c18a41aa8c3669d7b5462bcf (14/22) - (30/32)
 - [14] IfElse


2023-07-18 17:27:17,150 [TScriptEngine] INFO  JobRequest
 - STEP 212: S3f4b9dd0e7c247d48ca7c98fa14cb3aa (15/22) - (30/32)
 - [15] SetCheckState


2023-07-18 17:27:18,036 [T7] DEBUG UIAEventHandler
UI Structure Changed Count: 0

2023-07-18 17:27:18,036 [T7] INFO  UIAEventHandler
waiting for 846 msec during the screen structure is changing.

2023-07-18 17:27:18,408 [T7] DEBUG UIAEventHandler
UI Structure Changed Count: 0

2023-07-18 17:27:18,408 [T7] INFO  UIAEventHandler
waiting for 82 msec during the screen structure is changing.

2023-07-18 17:27:18,421 [TScriptEngine] INFO  JobRequest
 - STEP 213: S1fc299ff59bc497c8a1953a042d51934 (17/22) - (30/32)
 - [17] End-IfElse


2023-07-18 17:27:18,423 [TScriptEngine] INFO  JobRequest
 - STEP 214: Sbe2e029680ab45558a37f1a750c43f84 (18/22) - (30/32)
 - [18] End-IfElse


2023-07-18 17:27:18,425 [TScriptEngine] INFO  JobRequest
 - STEP 215: S0c44654008c841159a0058b09345b194 (6/22) - (30/32)
 - [6] Assign


2023-07-18 17:27:18,427 [TScriptEngine] INFO  JobRequest
 - STEP 216: S38ee26c734ba4065a38d010e1e2333f6 (7/22) - (30/32)
 - [7] IfThen


2023-07-18 17:27:18,429 [TScriptEngine] INFO  JobRequest
 - STEP 217: S9aeeb04b93fe4f1a99b1184bb23bad96 (9/22) - (30/32)
 - [9] End-IfThen


2023-07-18 17:27:18,430 [TScriptEngine] INFO  JobRequest
 - STEP 218: Sca9dfcf1158042f1a12447b12fe1352d (10/22) - (30/32)
 - [10] GetCheckState


2023-07-18 17:27:19,305 [T17] DEBUG UIAEventHandler
UI Structure Changed Count: 0

2023-07-18 17:27:19,305 [T17] INFO  UIAEventHandler
waiting for 833 msec during the screen structure is changing.

2023-07-18 17:27:19,673 [T17] DEBUG UIAEventHandler
UI Structure Changed Count: 0

2023-07-18 17:27:19,673 [T17] INFO  UIAEventHandler
waiting for 71 msec during the screen structure is changing.

2023-07-18 17:27:19,675 [TScriptEngine] INFO  JobRequest
 - STEP 219: S3b65a20d1728462982dfa724387e33d5 (11/22) - (30/32)
 - [11] IfElse


2023-07-18 17:27:19,678 [TScriptEngine] INFO  JobRequest
 - STEP 220: S04c8d9afda404805b5a11e15b84a7a19 (13/22) - (30/32)
 - [13] Else


2023-07-18 17:27:19,680 [TScriptEngine] INFO  JobRequest
 - STEP 221: Sf9c2eb83c18a41aa8c3669d7b5462bcf (14/22) - (30/32)
 - [14] IfElse


2023-07-18 17:27:19,682 [TScriptEngine] INFO  JobRequest
 - STEP 222: S1cc578f57e934a87b7048a3f280ed642 (16/22) - (30/32)
 - [16] Else


2023-07-18 17:27:19,684 [TScriptEngine] INFO  JobRequest
 - STEP 223: S1fc299ff59bc497c8a1953a042d51934 (17/22) - (30/32)
 - [17] End-IfElse


2023-07-18 17:27:19,685 [TScriptEngine] INFO  JobRequest
 - STEP 224: Sbe2e029680ab45558a37f1a750c43f84 (18/22) - (30/32)
 - [18] End-IfElse


2023-07-18 17:27:19,687 [TScriptEngine] INFO  JobRequest
 - STEP 225: S0c44654008c841159a0058b09345b194 (6/22) - (30/32)
 - [6] Assign


2023-07-18 17:27:19,689 [TScriptEngine] INFO  JobRequest
 - STEP 226: S38ee26c734ba4065a38d010e1e2333f6 (7/22) - (30/32)
 - [7] IfThen


2023-07-18 17:27:19,691 [TScriptEngine] INFO  JobRequest
 - STEP 227: S9aeeb04b93fe4f1a99b1184bb23bad96 (9/22) - (30/32)
 - [9] End-IfThen


2023-07-18 17:27:19,693 [TScriptEngine] INFO  JobRequest
 - STEP 228: Sca9dfcf1158042f1a12447b12fe1352d (10/22) - (30/32)
 - [10] GetCheckState


2023-07-18 17:27:20,573 [T24] DEBUG UIAEventHandler
UI Structure Changed Count: 0

2023-07-18 17:27:20,573 [T24] INFO  UIAEventHandler
waiting for 836 msec during the screen structure is changing.

2023-07-18 17:27:20,936 [T24] DEBUG UIAEventHandler
UI Structure Changed Count: 0

2023-07-18 17:27:20,936 [T24] INFO  UIAEventHandler
waiting for 81 msec during the screen structure is changing.

2023-07-18 17:27:20,939 [TScriptEngine] INFO  JobRequest
 - STEP 229: S3b65a20d1728462982dfa724387e33d5 (11/22) - (30/32)
 - [11] IfElse


2023-07-18 17:27:20,942 [TScriptEngine] INFO  JobRequest
 - STEP 230: S04c8d9afda404805b5a11e15b84a7a19 (13/22) - (30/32)
 - [13] Else


2023-07-18 17:27:20,943 [TScriptEngine] INFO  JobRequest
 - STEP 231: Sf9c2eb83c18a41aa8c3669d7b5462bcf (14/22) - (30/32)
 - [14] IfElse


2023-07-18 17:27:20,945 [TScriptEngine] INFO  JobRequest
 - STEP 232: S1cc578f57e934a87b7048a3f280ed642 (16/22) - (30/32)
 - [16] Else


2023-07-18 17:27:20,947 [TScriptEngine] INFO  JobRequest
 - STEP 233: S1fc299ff59bc497c8a1953a042d51934 (17/22) - (30/32)
 - [17] End-IfElse


2023-07-18 17:27:20,948 [TScriptEngine] INFO  JobRequest
 - STEP 234: Sbe2e029680ab45558a37f1a750c43f84 (18/22) - (30/32)
 - [18] End-IfElse


2023-07-18 17:27:20,950 [TScriptEngine] INFO  JobRequest
 - STEP 235: S0c44654008c841159a0058b09345b194 (6/22) - (30/32)
 - [6] Assign


2023-07-18 17:27:20,952 [TScriptEngine] INFO  JobRequest
 - STEP 236: S38ee26c734ba4065a38d010e1e2333f6 (7/22) - (30/32)
 - [7] IfThen


2023-07-18 17:27:20,954 [TScriptEngine] INFO  JobRequest
 - STEP 237: S9aeeb04b93fe4f1a99b1184bb23bad96 (9/22) - (30/32)
 - [9] End-IfThen


2023-07-18 17:27:20,955 [TScriptEngine] INFO  JobRequest
 - STEP 238: Sca9dfcf1158042f1a12447b12fe1352d (10/22) - (30/32)
 - [10] GetCheckState


2023-07-18 17:27:21,833 [T7] DEBUG UIAEventHandler
UI Structure Changed Count: 0

2023-07-18 17:27:21,833 [T7] INFO  UIAEventHandler
waiting for 836 msec during the screen structure is changing.

2023-07-18 17:27:22,230 [T7] DEBUG UIAEventHandler
UI Structure Changed Count: 0

2023-07-18 17:27:22,230 [T7] INFO  UIAEventHandler
waiting for 102 msec during the screen structure is changing.

2023-07-18 17:27:22,232 [TScriptEngine] INFO  JobRequest
 - STEP 239: S3b65a20d1728462982dfa724387e33d5 (11/22) - (30/32)
 - [11] IfElse


2023-07-18 17:27:22,235 [TScriptEngine] INFO  JobRequest
 - STEP 240: S04c8d9afda404805b5a11e15b84a7a19 (13/22) - (30/32)
 - [13] Else


2023-07-18 17:27:22,236 [TScriptEngine] INFO  JobRequest
 - STEP 241: Sf9c2eb83c18a41aa8c3669d7b5462bcf (14/22) - (30/32)
 - [14] IfElse


2023-07-18 17:27:22,238 [TScriptEngine] INFO  JobRequest
 - STEP 242: S1cc578f57e934a87b7048a3f280ed642 (16/22) - (30/32)
 - [16] Else


2023-07-18 17:27:22,240 [TScriptEngine] INFO  JobRequest
 - STEP 243: S1fc299ff59bc497c8a1953a042d51934 (17/22) - (30/32)
 - [17] End-IfElse


2023-07-18 17:27:22,241 [TScriptEngine] INFO  JobRequest
 - STEP 244: Sbe2e029680ab45558a37f1a750c43f84 (18/22) - (30/32)
 - [18] End-IfElse


2023-07-18 17:27:22,243 [TScriptEngine] INFO  JobRequest
 - STEP 245: S5d556b9be2184d659971025951e5ee3b (20/22) - (30/32)
 - [20] End-Foreach


2023-07-18 17:27:22,246 [TScriptEngine] INFO  JobRequest
 - STEP 246: S5cd83eca9a6a4f028a620b67e88dd5ef (5/22) - (30/32)
 - [5] Foreach


2023-07-18 17:27:22,256 [TScriptEngine] INFO  JobRequest
 - STEP 247: S0c44654008c841159a0058b09345b194 (6/22) - (30/32)
 - [6] Assign


2023-07-18 17:27:22,258 [TScriptEngine] INFO  JobRequest
 - STEP 248: S38ee26c734ba4065a38d010e1e2333f6 (7/22) - (30/32)
 - [7] IfThen


2023-07-18 17:27:22,260 [TScriptEngine] INFO  JobRequest
 - STEP 249: S66dc504a908c4744a108a419457f860e (8/22) - (30/32)
 - [8] Continue


2023-07-18 17:27:22,262 [TScriptEngine] INFO  JobRequest
 - STEP 250: S0c44654008c841159a0058b09345b194 (6/22) - (30/32)
 - [6] Assign


2023-07-18 17:27:22,265 [TScriptEngine] INFO  JobRequest
 - STEP 251: S38ee26c734ba4065a38d010e1e2333f6 (7/22) - (30/32)
 - [7] IfThen


2023-07-18 17:27:22,267 [TScriptEngine] INFO  JobRequest
 - STEP 252: S66dc504a908c4744a108a419457f860e (8/22) - (30/32)
 - [8] Continue


2023-07-18 17:27:22,268 [TScriptEngine] INFO  JobRequest
 - STEP 253: S0c44654008c841159a0058b09345b194 (6/22) - (30/32)
 - [6] Assign


2023-07-18 17:27:22,270 [TScriptEngine] INFO  JobRequest
 - STEP 254: S38ee26c734ba4065a38d010e1e2333f6 (7/22) - (30/32)
 - [7] IfThen


2023-07-18 17:27:22,272 [TScriptEngine] INFO  JobRequest
 - STEP 255: S66dc504a908c4744a108a419457f860e (8/22) - (30/32)
 - [8] Continue


2023-07-18 17:27:22,274 [TScriptEngine] INFO  JobRequest
 - STEP 256: S0c44654008c841159a0058b09345b194 (6/22) - (30/32)
 - [6] Assign


2023-07-18 17:27:22,276 [TScriptEngine] INFO  JobRequest
 - STEP 257: S38ee26c734ba4065a38d010e1e2333f6 (7/22) - (30/32)
 - [7] IfThen


2023-07-18 17:27:22,278 [TScriptEngine] INFO  JobRequest
 - STEP 258: S9aeeb04b93fe4f1a99b1184bb23bad96 (9/22) - (30/32)
 - [9] End-IfThen


2023-07-18 17:27:22,279 [TScriptEngine] INFO  JobRequest
 - STEP 259: Sca9dfcf1158042f1a12447b12fe1352d (10/22) - (30/32)
 - [10] GetCheckState


2023-07-18 17:27:23,127 [T23] DEBUG UIAEventHandler
UI Structure Changed Count: 0

2023-07-18 17:27:23,127 [T23] INFO  UIAEventHandler
waiting for 806 msec during the screen structure is changing.

2023-07-18 17:27:23,498 [T23] DEBUG UIAEventHandler
UI Structure Changed Count: 0

2023-07-18 17:27:23,498 [T23] INFO  UIAEventHandler
waiting for 81 msec during the screen structure is changing.

2023-07-18 17:27:23,501 [TScriptEngine] INFO  JobRequest
 - STEP 260: S3b65a20d1728462982dfa724387e33d5 (11/22) - (30/32)
 - [11] IfElse


2023-07-18 17:27:23,503 [TScriptEngine] INFO  JobRequest
 - STEP 261: S04c8d9afda404805b5a11e15b84a7a19 (13/22) - (30/32)
 - [13] Else


2023-07-18 17:27:23,505 [TScriptEngine] INFO  JobRequest
 - STEP 262: Sf9c2eb83c18a41aa8c3669d7b5462bcf (14/22) - (30/32)
 - [14] IfElse


2023-07-18 17:27:23,507 [TScriptEngine] INFO  JobRequest
 - STEP 263: S1cc578f57e934a87b7048a3f280ed642 (16/22) - (30/32)
 - [16] Else


2023-07-18 17:27:23,508 [TScriptEngine] INFO  JobRequest
 - STEP 264: S1fc299ff59bc497c8a1953a042d51934 (17/22) - (30/32)
 - [17] End-IfElse


2023-07-18 17:27:23,510 [TScriptEngine] INFO  JobRequest
 - STEP 265: Sbe2e029680ab45558a37f1a750c43f84 (18/22) - (30/32)
 - [18] End-IfElse


2023-07-18 17:27:23,511 [TScriptEngine] INFO  JobRequest
 - STEP 266: S0c44654008c841159a0058b09345b194 (6/22) - (30/32)
 - [6] Assign


2023-07-18 17:27:23,513 [TScriptEngine] INFO  JobRequest
 - STEP 267: S38ee26c734ba4065a38d010e1e2333f6 (7/22) - (30/32)
 - [7] IfThen


2023-07-18 17:27:23,519 [TScriptEngine] INFO  JobRequest
 - STEP 268: S9aeeb04b93fe4f1a99b1184bb23bad96 (9/22) - (30/32)
 - [9] End-IfThen


2023-07-18 17:27:23,521 [TScriptEngine] INFO  JobRequest
 - STEP 269: Sca9dfcf1158042f1a12447b12fe1352d (10/22) - (30/32)
 - [10] GetCheckState


2023-07-18 17:27:24,401 [T22] DEBUG UIAEventHandler
UI Structure Changed Count: 0

2023-07-18 17:27:24,401 [T22] INFO  UIAEventHandler
waiting for 836 msec during the screen structure is changing.

2023-07-18 17:27:24,770 [T22] DEBUG UIAEventHandler
UI Structure Changed Count: 0

2023-07-18 17:27:24,770 [T22] INFO  UIAEventHandler
waiting for 71 msec during the screen structure is changing.

2023-07-18 17:27:24,773 [TScriptEngine] INFO  JobRequest
 - STEP 270: S3b65a20d1728462982dfa724387e33d5 (11/22) - (30/32)
 - [11] IfElse


2023-07-18 17:27:24,777 [TScriptEngine] INFO  JobRequest
 - STEP 271: S04c8d9afda404805b5a11e15b84a7a19 (13/22) - (30/32)
 - [13] Else


2023-07-18 17:27:24,779 [TScriptEngine] INFO  JobRequest
 - STEP 272: Sf9c2eb83c18a41aa8c3669d7b5462bcf (14/22) - (30/32)
 - [14] IfElse


2023-07-18 17:27:24,782 [TScriptEngine] INFO  JobRequest
 - STEP 273: S1cc578f57e934a87b7048a3f280ed642 (16/22) - (30/32)
 - [16] Else


2023-07-18 17:27:24,784 [TScriptEngine] INFO  JobRequest
 - STEP 274: S1fc299ff59bc497c8a1953a042d51934 (17/22) - (30/32)
 - [17] End-IfElse


2023-07-18 17:27:24,785 [TScriptEngine] INFO  JobRequest
 - STEP 275: Sbe2e029680ab45558a37f1a750c43f84 (18/22) - (30/32)
 - [18] End-IfElse


2023-07-18 17:27:24,787 [TScriptEngine] INFO  JobRequest
 - STEP 276: S0c44654008c841159a0058b09345b194 (6/22) - (30/32)
 - [6] Assign


2023-07-18 17:27:24,789 [TScriptEngine] INFO  JobRequest
 - STEP 277: S38ee26c734ba4065a38d010e1e2333f6 (7/22) - (30/32)
 - [7] IfThen


2023-07-18 17:27:24,791 [TScriptEngine] INFO  JobRequest
 - STEP 278: S9aeeb04b93fe4f1a99b1184bb23bad96 (9/22) - (30/32)
 - [9] End-IfThen


2023-07-18 17:27:24,793 [TScriptEngine] INFO  JobRequest
 - STEP 279: Sca9dfcf1158042f1a12447b12fe1352d (10/22) - (30/32)
 - [10] GetCheckState


2023-07-18 17:27:25,672 [T26] DEBUG UIAEventHandler
UI Structure Changed Count: 0

2023-07-18 17:27:25,672 [T26] INFO  UIAEventHandler
waiting for 835 msec during the screen structure is changing.

2023-07-18 17:27:26,033 [T26] DEBUG UIAEventHandler
UI Structure Changed Count: 0

2023-07-18 17:27:26,033 [T26] INFO  UIAEventHandler
waiting for 81 msec during the screen structure is changing.

2023-07-18 17:27:26,036 [TScriptEngine] INFO  JobRequest
 - STEP 280: S3b65a20d1728462982dfa724387e33d5 (11/22) - (30/32)
 - [11] IfElse


2023-07-18 17:27:26,039 [TScriptEngine] INFO  JobRequest
 - STEP 281: S04c8d9afda404805b5a11e15b84a7a19 (13/22) - (30/32)
 - [13] Else


2023-07-18 17:27:26,041 [TScriptEngine] INFO  JobRequest
 - STEP 282: Sf9c2eb83c18a41aa8c3669d7b5462bcf (14/22) - (30/32)
 - [14] IfElse


2023-07-18 17:27:26,044 [TScriptEngine] INFO  JobRequest
 - STEP 283: S1cc578f57e934a87b7048a3f280ed642 (16/22) - (30/32)
 - [16] Else


2023-07-18 17:27:26,046 [TScriptEngine] INFO  JobRequest
 - STEP 284: S1fc299ff59bc497c8a1953a042d51934 (17/22) - (30/32)
 - [17] End-IfElse


2023-07-18 17:27:26,048 [TScriptEngine] INFO  JobRequest
 - STEP 285: Sbe2e029680ab45558a37f1a750c43f84 (18/22) - (30/32)
 - [18] End-IfElse


2023-07-18 17:27:26,050 [TScriptEngine] INFO  JobRequest
 - STEP 286: S5d556b9be2184d659971025951e5ee3b (20/22) - (30/32)
 - [20] End-Foreach


2023-07-18 17:27:26,052 [TScriptEngine] INFO  JobRequest
 - STEP 287: Scbc7f427a6f24c428447dbb3ba3fb3a0 (21/22) - (31/32)
 - [21] End-Foreach


2023-07-18 17:27:26,054 [TScriptEngine] INFO  JobRequest
 - STEP 288: S209aa91c4c10415db999a8faa777042c (22/22) - (32/32)
 - [22] Click


2023-07-18 17:27:26,935 [T7] DEBUG UIAEventHandler
UI Structure Changed Count: 0

2023-07-18 17:27:26,935 [T7] INFO  UIAEventHandler
waiting for 837 msec during the screen structure is changing.

2023-07-18 17:27:27,155 [T7] DEBUG UIAEventHandler
UI Structure Changed Count: 0

2023-07-18 17:27:27,155 [T7] INFO  UIAEventHandler
waiting for 102 msec during the screen structure is changing.

2023-07-18 17:27:27,726 [TScriptEngine] INFO  JobRunner
[PASS] TASK: T_네이버_증권_시가총액_조건테이블선택

2023-07-18 17:27:27,727 [TScriptEngine] INFO  JobRequest
##############################################################
### STATE: EndTask - T_네이버_증권_시가총액_조건테이블선택
##############################################################
117882be-5e28-42db-bee2-482390ab88c9
T_네이버_증권_시가총액_조건테이블선택


2023-07-18 17:27:27,727 [TScriptEngine] INFO  JobRunner
[PASS] TASK: P_기초실습

2023-07-18 17:27:27,727 [TScriptEngine] INFO  JobRequest
##############################################################
### STATE: EndProcess - P_기초실습
##############################################################
c81d6938-f37b-4e37-8376-4e7b4ba19ed1
P_기초실습


2023-07-18 17:27:27,742 [TScriptEngine] INFO  JobRunner
RunProcess - Job Result: {}

2023-07-18 17:27:27,743 [TScriptEngine] DEBUG JobManager
Set Result State: Completed

2023-07-18 17:27:27,745 [TScriptEngine] INFO  JobRunner
Make report.

2023-07-18 17:27:27,926 [TScriptEngine] INFO  JobRunner
Start to clean up resources.

2023-07-18 17:27:27,928 [TScriptEngine] DEBUG JobRunner
OnProcessCompleted

2023-07-18 17:27:27,928 [T25] DEBUG JobRunner
Start timer for checking the job to be completed.

2023-07-18 17:27:27,929 [TScriptEngine] INFO  JobRunner
Start to clean up resources.

2023-07-18 17:27:27,931 [TScriptEngine] DEBUG JobRunner
Remove all libraries

2023-07-18 17:27:27,936 [TScriptEngine] DEBUG NetPlayer
WebPlayer OnDispose

2023-07-18 17:27:27,938 [TScriptEngine] DEBUG WebPlayer
WebPlayer OnDispose : Do Nothing

2023-07-18 17:27:27,939 [TScriptEngine] DEBUG UIAEventHandler
Stop UIA event handler

2023-07-18 17:27:27,953 [TScriptEngine] DEBUG UiaAppHelper
WinHelper DisposeAppList Count: 0

2023-07-18 17:27:27,953 [TScriptEngine] INFO  JobRunner
All Resources Clear

2023-07-18 17:27:27,954 [TScriptEngine] DEBUG JobRunner
OnCompleted

2023-07-18 17:27:27,954 [TScriptEngine] DEBUG JobRunner
SendJobResult: Completed

2023-07-18 17:27:27,954 [TScriptEngine] INFO  JobRequest
##############################################################
### STATE: Completed
##############################################################
{}


2023-07-18 17:27:27,954 [TScriptEngine] INFO  JobRequest
Last job life cycle state: Completed

2023-07-18 17:27:27,954 [TScriptEngine] INFO  JobRequest
Update skipped current step informations.

2023-07-18 17:27:27,966 [T5] DEBUG JobRequest
Callback - State: Completed
{}

2023-07-18 17:27:27,968 [TScriptEngine] INFO  JobRequest
##############################################################
### JOB COMPLETED
##############################################################


2023-07-18 17:27:27,978 [TScriptEngine] INFO  JobRunner
RunProcess end

2023-07-18 17:27:27,978 [T1] INFO  JobService
Exit - Shutdown Engine BOT

2023-07-18 17:27:27,979 [T5] INFO  JobRequest
Callback - EngineClosed

2023-07-18 17:27:27,980 [T5] INFO  JobService
Disconnect agent service

2023-07-18 17:27:27,983 [T5] DEBUG JobRequest
End of Callback Sender

