2023-07-18 17:32:29,698 [T1] INFO  EngineStarter
BOT Engine Start - v3.0.100.00404
BOT ID: D_20230718_173229_048
BOT PID: 13852
BOT PPID: 16428
BOT Working Directory: C:\Users\USER\AppData\Roaming\Brity RPA Designer

2023-07-18 17:32:29,712 [T1] INFO  EngineStarter
System Language: ko-KR
Resolution: 1680 x 1050

2023-07-18 17:32:29,946 [T1] INFO  Config
Initialize Config

2023-07-18 17:32:29,978 [T1] DEBUG Config
Config Loaded

2023-07-18 17:32:29,984 [T1] INFO  Config
Orchestrator Service => https://bwrpa.samsungsds.com:8777

2023-07-18 17:32:29,988 [T1] INFO  Config
Initialize Resource Config

2023-07-18 17:32:30,014 [T1] DEBUG Config
Refresh Language Information

2023-07-18 17:32:30,076 [T1] INFO  Config
All Config Initialized.

2023-07-18 17:32:30,080 [T1] DEBUG KeyManager
Initialize KeyManager

2023-07-18 17:32:30,088 [T1] DEBUG KeyManager
Device ID is initialized.

2023-07-18 17:32:30,124 [T1] INFO  CertLicenseClient
Initialize certificate.

2023-07-18 17:32:30,128 [T1] DEBUG CertLicenseClient
Set Security Protocol: Tls12

2023-07-18 17:32:30,142 [T4] DEBUG JobService
Connect to agent service

2023-07-18 17:32:30,168 [T1] DEBUG ApplicationInitializer
InitMode: Thread

2023-07-18 17:32:30,173 [T4] DEBUG JobService
JobService URL : net.tcp://127.0.0.1:59001/rpa/agent

2023-07-18 17:32:30,173 [T4] DEBUG JobService
Open connection

2023-07-18 17:32:30,177 [T1] INFO  LibraryManager
Load Libraries - Started

2023-07-18 17:32:30,186 [T4] DEBUG JobService
Register engine to agent

2023-07-18 17:32:30,190 [T1] DEBUG AddInLoader
Load Assembly : IPA.Lib.Chrome

2023-07-18 17:32:30,199 [T4] DEBUG JobService
Engine is connected to agent service.

2023-07-18 17:32:30,199 [T4] DEBUG JobService
Owner Process PID: 16428

2023-07-18 17:32:30,206 [T4] INFO  JobService
Start monitoring owner process is terminated.

2023-07-18 17:32:30,387 [T1] DEBUG AddInLoader
Load Assembly : IPA.Lib.Desktop

2023-07-18 17:32:30,551 [T1] DEBUG AddInLoader
Load Assembly : IPA.Lib.Excel

2023-07-18 17:32:30,716 [T1] DEBUG AddInLoader
Load Assembly : IPA.Lib.Flow

2023-07-18 17:32:30,827 [T1] DEBUG AddInLoader
Load Assembly : IPA.Lib.IE

2023-07-18 17:32:30,920 [T1] DEBUG AddInLoader
Load Assembly : IPA.Lib.ImageConverter

2023-07-18 17:32:30,981 [T1] DEBUG AddInLoader
Load Assembly : IPA.Lib.ImageRecognition

2023-07-18 17:32:31,160 [T1] DEBUG AddInLoader
Load Assembly : IPA.Lib.Net

2023-07-18 17:32:31,232 [T1] DEBUG AddInLoader
Load Assembly : IPA.Lib.Orchestra

2023-07-18 17:32:31,315 [T1] DEBUG AddInLoader
Load Assembly : IPA.Lib.ProcessFlow

2023-07-18 17:32:31,407 [T1] DEBUG AddInLoader
Load Assembly : IPA.Lib.SAP

2023-07-18 17:32:31,487 [T1] DEBUG AddInLoader
Load Assembly : IPA.Lib.Web

2023-07-18 17:32:31,594 [T1] DEBUG AddInLoader
Load Assembly : IPA.Lib.Win

2023-07-18 17:32:31,716 [T1] INFO  ScreenCapture
Default Screen Capture Bounds: 0,0,1680,1050

2023-07-18 17:32:31,747 [T1] DEBUG AddInLoader
Load Assembly : BrityWorks.AddIn.Outlook

2023-07-18 17:32:31,867 [T1] DEBUG AddInLoader
Load Assembly : BrityWorks.AddIn.Pdf

2023-07-18 17:32:31,929 [T1] DEBUG LibraryManager
Load Library - Chrome

2023-07-18 17:32:31,932 [T1] DEBUG LibraryManager
Load Library - Desktop

2023-07-18 17:32:31,933 [T1] DEBUG LibraryManager
Load Library - Excel

2023-07-18 17:32:31,934 [T1] DEBUG LibraryManager
Load Library - Flow

2023-07-18 17:32:31,934 [T1] DEBUG LibraryManager
Load Library - IE

2023-07-18 17:32:31,934 [T1] DEBUG LibraryManager
Load Library - ImageConverter

2023-07-18 17:32:31,935 [T1] DEBUG LibraryManager
Load Library - ImageRecognition

2023-07-18 17:32:31,936 [T1] DEBUG LibraryManager
Load Library - Net

2023-07-18 17:32:31,937 [T1] DEBUG LibraryManager
Load Library - Orchestra

2023-07-18 17:32:31,937 [T1] DEBUG LibraryManager
Load Library - Outlook

2023-07-18 17:32:31,940 [T1] DEBUG LibraryManager
Load Library - Pdf

2023-07-18 17:32:31,940 [T1] DEBUG LibraryManager
Load Library - SAP

2023-07-18 17:32:31,941 [T1] DEBUG LibraryManager
Load Library - Web

2023-07-18 17:32:31,942 [T1] DEBUG LibraryManager
Load Library - Win

2023-07-18 17:32:31,942 [T1] DEBUG LibraryManager
Load Library - WorkFlow

2023-07-18 17:32:31,948 [T1] DEBUG LibraryManager
Load built-in script libraries

2023-07-18 17:32:32,099 [T1] INFO  LibraryManager
Load Libraries - Completed.

2023-07-18 17:32:32,112 [T1] INFO  App
Launch Arguments: Total: 6 |  -eid D_20230718_173229_048 -runtype ProcRunner -ppid 16428

2023-07-18 17:32:32,112 [T1] DEBUG Config
Refresh Language Information

2023-07-18 17:32:32,113 [T1] DEBUG LibraryManager
LibraryManager Initialized.

2023-07-18 17:34:23,983 [T8] INFO  JobService
Start Job: T_네이버_증권_시가총액_데이터추출 (Foreground)
{
  "UsePIP": false,
  "UserID": null,
  "UserPWD": null,
  "IsRunning": false,
  "ResultMessage": null,
  "JobWorkDir": "F:\\[ECMEDU]\\BRITY\\기초실습\\Histories\\20230718_173423_T_네이버_증권_시가총액_데이터추출_Designer_20230718_173423_411",
  "JobLogDir": "F:\\[ECMEDU]\\BRITY\\기초실습\\Histories\\20230718_173423_T_네이버_증권_시가총액_데이터추출_Designer_20230718_173423_411\\Log",
  "JobScreenshotDir": "F:\\[ECMEDU]\\BRITY\\기초실습\\Histories\\20230718_173423_T_네이버_증권_시가총액_데이터추출_Designer_20230718_173423_411\\Log\\Screenshot",
  "TotalProcessStepCount": 0,
  "CurrentStepNo": 0,
  "CurrentStepName": null,
  "StartTime": "2023-07-18 17:34:23",
  "EndTime": null,
  "Data": null,
  "EngineID": "D_20230718_173229_048",
  "EnginePID": 0,
  "EngineRecommededVersion": "",
  "JobId": "Designer_20230718_173423_411",
  "JobType": 1,
  "UserAuthentication": null,
  "ProcessPath": "F:\\[ECMEDU]\\BRITY\\기초실습\\T_네이버_증권_시가총액_데이터추출.proc",
  "ProcessId": "f36d79fc-5990-4bb6-994e-8ec8406ef7a7",
  "ProcessVer": "",
  "ProcessArgs": null,
  "RequesterType": 3,
  "RequesterId": "designer",
  "RequesterPID": 16428,
  "OptionsJsonString": null,
  "TimeoutSec": 0,
  "State": 0
}

2023-07-18 17:34:24,114 [T9] DEBUG JobService
Waiting library loading...

2023-07-18 17:34:24,116 [T9] DEBUG Config
Reload User Settings

2023-07-18 17:34:24,117 [T9] INFO  JobService
Config Loading Completed.

2023-07-18 17:34:24,117 [T9] DEBUG JobService
Config Loading Time: 3 ms.

2023-07-18 17:34:24,126 [T9] INFO  JobManager
Create JobManager instance for job T_네이버_증권_시가총액_데이터추출(Designer_20230718_173423_411)

2023-07-18 17:34:24,132 [T9] INFO  JobRequest
Job ID : Designer_20230718_173423_411
Project Path  : F:\[ECMEDU]\BRITY\기초실습\기초실습.proj
Process Name  : T_네이버_증권_시가총액_데이터추출
Engine Mode   : Designer
Requester Type: DesignerRequester PID : 16428

2023-07-18 17:34:24,135 [T10] INFO  JobRequest
Start Callback Sender

2023-07-18 17:34:24,135 [T10] DEBUG JobRequest
Step Callback Interval: 500

2023-07-18 17:34:24,177 [T9] DEBUG ProjectManager
Set Project Information

2023-07-18 17:34:24,201 [T9] INFO  PlayOptionManager
PlayOption
- Step Interval : 1
- Disable DrawBounds : False
- Invoke First : False
- Allow Upload of DumpScreen results : False

2023-07-18 17:34:24,202 [T9] INFO  JobRunner
Initialize Script Engine

2023-07-18 17:34:24,217 [TScriptEngine] INFO  JobRequest
##############################################################
### STATE: Initializing
##############################################################


2023-07-18 17:34:24,238 [T10] DEBUG JobRequest
Callback - State: Initializing


2023-07-18 17:34:25,063 [TScriptEngine] INFO  JobRequest
##############################################################
### STATE: Ready
##############################################################


2023-07-18 17:34:25,067 [T10] DEBUG JobRequest
Callback - State: Ready


2023-07-18 17:34:25,076 [T9] INFO  JobRunnerHook
HotKey Hook Started

2023-07-18 17:34:25,076 [T9] INFO  JobRequest
##############################################################
### STATE: Starting
##############################################################


2023-07-18 17:34:25,077 [T10] DEBUG JobRequest
Callback - State: Starting


2023-07-18 17:34:25,078 [TScriptEngine] INFO  JobRunner
RunProcess start

2023-07-18 17:34:25,079 [TScriptEngine] INFO  JobRequest
##############################################################
### STATE: Running
##############################################################


2023-07-18 17:34:25,079 [TScriptEngine] INFO  JobRequest
Last job life cycle state: Running

2023-07-18 17:34:25,087 [T10] DEBUG JobRequest
Callback - State: Running


2023-07-18 17:34:26,116 [TScriptEngine] DEBUG ScreenCapture
DirectX Screen Capture Initialized.

2023-07-18 17:34:26,180 [TScriptEngine] DEBUG JobRunner
DirectX ScreenCapture Checked.

2023-07-18 17:34:26,205 [TScriptEngine] INFO  JobRequest
##############################################################
### STATE: StartProcess - T_네이버_증권_시가총액_데이터추출
##############################################################
f36d79fc-5990-4bb6-994e-8ec8406ef7a7
T_네이버_증권_시가총액_데이터추출


2023-07-18 17:34:26,252 [TScriptEngine] INFO  JobRequest
**************************************************************
*** TASK: T_네이버_증권_시가총액_데이터추출
**************************************************************
 - STEP 1: Sb568bb2d955b41ab96130f48b24a61be (1/10) - (1/9)
 - [1] ChromeGetTableData


2023-07-18 17:34:28,564 [TScriptEngine] DEBUG ChromeRemoteConnect
GetRemoteBrowserUsingEndPoint Fail : 하나 이상의 오류가 발생했습니다.

2023-07-18 17:34:28,564 [TScriptEngine] DEBUG LastUsedPageManager
lastUsedPage browser not exist

2023-07-18 17:34:28,565 [TScriptEngine] DEBUG RestorePuppeteer
Chrome Try RestoreConnection Start

2023-07-18 17:34:30,569 [TScriptEngine] DEBUG ChromeRemoteConnect
GetRemoteBrowserUsingEndPoint Fail : 하나 이상의 오류가 발생했습니다.

2023-07-18 17:34:30,569 [TScriptEngine] DEBUG RestorePuppeteer
페이지 또는 브라우저 와 연결이 종료되었습니다.
페이지 또는 브라우저가 존재하는지 확인 후 다시 시도하여 주시기 바랍니다. : Chrome Try RestoreConnection Fail : remoteBrowser is null

2023-07-18 17:34:30,569 [TScriptEngine] DEBUG RestorePuppeteer
Chrome Try RestoreConnection Fail : 페이지 또는 브라우저 와 연결이 종료되었습니다.
페이지 또는 브라우저가 존재하는지 확인 후 다시 시도하여 주시기 바랍니다.

2023-07-18 17:34:30,570 [TScriptEngine] DEBUG LastUsedPageManager
페이지 또는 브라우저 와 연결이 종료되었습니다.
페이지 또는 브라우저가 존재하는지 확인 후 다시 시도하여 주시기 바랍니다.

2023-07-18 17:34:30,570 [TScriptEngine] DEBUG PageManager
페이지 또는 브라우저 와 연결이 종료되었습니다.
페이지 또는 브라우저가 존재하는지 확인 후 다시 시도하여 주시기 바랍니다.

2023-07-18 17:34:30,574 [TScriptEngine] DEBUG ChromePlayer
Chrome Set Report Page Image Fail : page or result is null

2023-07-18 17:34:34,322 [TScriptEngine] WARN  ScriptSupport
[CATCH_STEP_EXCEPTION] Process: T_네이버_증권_시가총액_데이터추출
Step: ChromeGetTableData (1/10)

Error: 페이지 또는 브라우저 와 연결이 종료되었습니다.
페이지 또는 브라우저가 존재하는지 확인 후 다시 시도하여 주시기 바랍니다.

2023-07-18 17:34:34,326 [TScriptEngine] FINE  JobRunner
RunTask ExceptionOccured. TASK: T_네이버_증권_시가총액_데이터추출 => 페이지 또는 브라우저 와 연결이 종료되었습니다.
페이지 또는 브라우저가 존재하는지 확인 후 다시 시도하여 주시기 바랍니다.

2023-07-18 17:34:34,360 [TScriptEngine] INFO  JobRequest
##############################################################
### STATE: EndProcess - T_네이버_증권_시가총액_데이터추출
##############################################################
f36d79fc-5990-4bb6-994e-8ec8406ef7a7
T_네이버_증권_시가총액_데이터추출


2023-07-18 17:34:34,370 [TScriptEngine] ERROR JobRunner
Process: T_네이버_증권_시가총액_데이터추출
Step: ChromeGetTableData (1/10)

페이지 또는 브라우저 와 연결이 종료되었습니다.
페이지 또는 브라우저가 존재하는지 확인 후 다시 시도하여 주시기 바랍니다.

[CallStack]
  - T_네이버_증권_시가총액_데이터추출: [1] ChromeGetTableData

[Global Variables]
  - Data = <undefined> (Undefined)
  - RESULT = <null> (Any)

[T_네이버_증권_시가총액_데이터추출 Variables]
  - editData = <undefined> (Undefined)
  - fileName = '네이버증권_20230424.xlsx' (String)
  - filePath = 'C:\\Users\\505-20\\Downloads\\증권데이터\\' (String)
  - TableData = <undefined> (Undefined)

2023-07-18 17:34:34,370 [TScriptEngine] DEBUG JobManager
Set Result State: ExceptionOccured

2023-07-18 17:34:35,721 [TScriptEngine] INFO  JobRunner
Make report.

2023-07-18 17:34:35,799 [TScriptEngine] INFO  JobRunner
Start to clean up resources.

2023-07-18 17:34:35,800 [TScriptEngine] DEBUG JobRunner
OnProcessFailed

2023-07-18 17:34:35,800 [T12] DEBUG JobRunner
Start timer for checking the job to be completed.

2023-07-18 17:34:35,801 [TScriptEngine] INFO  JobRunner
Start to clean up resources.

2023-07-18 17:34:35,802 [TScriptEngine] DEBUG JobRunner
Remove all libraries

2023-07-18 17:34:35,810 [TScriptEngine] DEBUG NetPlayer
WebPlayer OnDispose

2023-07-18 17:34:35,813 [TScriptEngine] DEBUG WebPlayer
WebPlayer OnDispose : Do Nothing

2023-07-18 17:34:35,817 [TScriptEngine] DEBUG UiaAppHelper
WinHelper DisposeAppList Count: 0

2023-07-18 17:34:35,817 [TScriptEngine] INFO  JobRunner
All Resources Clear

2023-07-18 17:34:35,818 [TScriptEngine] DEBUG JobRunner
OnCompleted

2023-07-18 17:34:35,819 [TScriptEngine] DEBUG JobRunner
SendJobResult: ExceptionOccured

2023-07-18 17:34:35,819 [TScriptEngine] INFO  JobRequest
##############################################################
### STATE: ExceptionOccured
##############################################################
Process: T_네이버_증권_시가총액_데이터추출
Step: ChromeGetTableData (1/10)

페이지 또는 브라우저 와 연결이 종료되었습니다.
페이지 또는 브라우저가 존재하는지 확인 후 다시 시도하여 주시기 바랍니다.

[CallStack]
  - T_네이버_증권_시가총액_데이터추출: [1] ChromeGetTableData

[Global Variables]
  - Data = <undefined> (Undefined)
  - RESULT = <null> (Any)

[T_네이버_증권_시가총액_데이터추출 Variables]
  - editData = <undefined> (Undefined)
  - fileName = '네이버증권_20230424.xlsx' (String)
  - filePath = 'C:\\Users\\505-20\\Downloads\\증권데이터\\' (String)
  - TableData = <undefined> (Undefined)


2023-07-18 17:34:35,819 [TScriptEngine] INFO  JobRequest
Last job life cycle state: ExceptionOccured

2023-07-18 17:34:35,829 [TScriptEngine] INFO  JobRequest
##############################################################
### JOB COMPLETED
##############################################################


2023-07-18 17:34:35,832 [T10] DEBUG JobRequest
Callback - State: ExceptionOccured
Process: T_네이버_증권_시가총액_데이터추출
Step: ChromeGetTableData (1/10)

페이지 또는 브라우저 와 연결이 종료되었습니다.
페이지 또는 브라우저가 존재하는지 확인 후 다시 시도하여 주시기 바랍니다.

[CallStack]
  - T_네이버_증권_시가총액_데이터추출: [1] ChromeGetTableData

[Global Variables]
  - Data = <undefined> (Undefined)
  - RESULT = <null> (Any)

[T_네이버_증권_시가총액_데이터추출 Variables]
  - editData = <undefined> (Undefined)
  - fileName = '네이버증권_20230424.xlsx' (String)
  - filePath = 'C:\\Users\\505-20\\Downloads\\증권데이터\\' (String)
  - TableData = <undefined> (Undefined)

2023-07-18 17:34:35,833 [TScriptEngine] INFO  JobRunner
RunProcess end

2023-07-18 17:34:35,833 [T10] INFO  JobRequest
Callback - EngineClosed

2023-07-18 17:34:35,834 [T1] INFO  JobService
Exit - Shutdown Engine BOT

2023-07-18 17:34:35,834 [T10] INFO  JobService
Disconnect agent service

2023-07-18 17:34:35,836 [T10] DEBUG JobRequest
End of Callback Sender

