2023-04-24 17:52:33,428 [T1] INFO  EngineStarter
BOT Engine Start - v3.0.100.00404
BOT ID: D_20230424_175232_761
BOT PID: 5864
BOT PPID: 13060
BOT Working Directory: C:\Users\505-20\AppData\Roaming\Brity RPA Designer

2023-04-24 17:52:33,441 [T1] INFO  EngineStarter
System Language: ko-KR
Resolution: 1680 x 1050

2023-04-24 17:52:33,673 [T1] INFO  Config
Initialize Config

2023-04-24 17:52:33,705 [T1] DEBUG Config
Config Loaded

2023-04-24 17:52:33,712 [T1] INFO  Config
Orchestrator Service => https://bwrpa.samsungsds.com:8777

2023-04-24 17:52:33,715 [T1] INFO  Config
Initialize Resource Config

2023-04-24 17:52:33,745 [T1] DEBUG Config
Refresh Language Information

2023-04-24 17:52:33,813 [T1] INFO  Config
All Config Initialized.

2023-04-24 17:52:33,817 [T1] DEBUG KeyManager
Initialize KeyManager

2023-04-24 17:52:33,824 [T1] DEBUG KeyManager
Device ID is initialized.

2023-04-24 17:52:33,857 [T1] INFO  CertLicenseClient
Initialize certificate.

2023-04-24 17:52:33,861 [T1] DEBUG CertLicenseClient
Set Security Protocol: Tls12

2023-04-24 17:52:33,876 [T4] DEBUG JobService
Connect to agent service

2023-04-24 17:52:33,899 [T1] DEBUG ApplicationInitializer
InitMode: Thread

2023-04-24 17:52:33,907 [T1] INFO  LibraryManager
Load Libraries - Started

2023-04-24 17:52:33,907 [T4] DEBUG JobService
JobService URL : net.tcp://127.0.0.1:59001/rpa/agent

2023-04-24 17:52:33,907 [T4] DEBUG JobService
Open connection

2023-04-24 17:52:33,919 [T1] DEBUG AddInLoader
Load Assembly : IPA.Lib.Chrome

2023-04-24 17:52:33,922 [T4] DEBUG JobService
Register engine to agent

2023-04-24 17:52:33,935 [T4] DEBUG JobService
Engine is connected to agent service.

2023-04-24 17:52:33,935 [T4] DEBUG JobService
Owner Process PID: 13060

2023-04-24 17:52:33,940 [T4] INFO  JobService
Start monitoring owner process is terminated.

2023-04-24 17:52:34,120 [T1] DEBUG AddInLoader
Load Assembly : IPA.Lib.Desktop

2023-04-24 17:52:34,285 [T1] DEBUG AddInLoader
Load Assembly : IPA.Lib.Excel

2023-04-24 17:52:34,442 [T1] DEBUG AddInLoader
Load Assembly : IPA.Lib.Flow

2023-04-24 17:52:34,550 [T1] DEBUG AddInLoader
Load Assembly : IPA.Lib.IE

2023-04-24 17:52:34,638 [T1] DEBUG AddInLoader
Load Assembly : IPA.Lib.ImageConverter

2023-04-24 17:52:34,701 [T1] DEBUG AddInLoader
Load Assembly : IPA.Lib.ImageRecognition

2023-04-24 17:52:34,881 [T1] DEBUG AddInLoader
Load Assembly : IPA.Lib.Net

2023-04-24 17:52:34,952 [T1] DEBUG AddInLoader
Load Assembly : IPA.Lib.Orchestra

2023-04-24 17:52:35,037 [T1] DEBUG AddInLoader
Load Assembly : IPA.Lib.ProcessFlow

2023-04-24 17:52:35,125 [T1] DEBUG AddInLoader
Load Assembly : IPA.Lib.SAP

2023-04-24 17:52:35,202 [T1] DEBUG AddInLoader
Load Assembly : IPA.Lib.Web

2023-04-24 17:52:35,305 [T1] DEBUG AddInLoader
Load Assembly : IPA.Lib.Win

2023-04-24 17:52:35,420 [T1] INFO  ScreenCapture
Default Screen Capture Bounds: 0,0,1680,1050

2023-04-24 17:52:35,451 [T1] DEBUG AddInLoader
Load Assembly : BrityWorks.AddIn.Outlook

2023-04-24 17:52:35,570 [T1] DEBUG AddInLoader
Load Assembly : BrityWorks.AddIn.Pdf

2023-04-24 17:52:35,633 [T1] DEBUG LibraryManager
Load Library - Chrome

2023-04-24 17:52:35,636 [T1] DEBUG LibraryManager
Load Library - Desktop

2023-04-24 17:52:35,637 [T1] DEBUG LibraryManager
Load Library - Excel

2023-04-24 17:52:35,637 [T1] DEBUG LibraryManager
Load Library - Flow

2023-04-24 17:52:35,637 [T1] DEBUG LibraryManager
Load Library - IE

2023-04-24 17:52:35,638 [T1] DEBUG LibraryManager
Load Library - ImageConverter

2023-04-24 17:52:35,639 [T1] DEBUG LibraryManager
Load Library - ImageRecognition

2023-04-24 17:52:35,640 [T1] DEBUG LibraryManager
Load Library - Net

2023-04-24 17:52:35,640 [T1] DEBUG LibraryManager
Load Library - Orchestra

2023-04-24 17:52:35,641 [T1] DEBUG LibraryManager
Load Library - Outlook

2023-04-24 17:52:35,644 [T1] DEBUG LibraryManager
Load Library - Pdf

2023-04-24 17:52:35,644 [T1] DEBUG LibraryManager
Load Library - SAP

2023-04-24 17:52:35,645 [T1] DEBUG LibraryManager
Load Library - Web

2023-04-24 17:52:35,645 [T1] DEBUG LibraryManager
Load Library - Win

2023-04-24 17:52:35,646 [T1] DEBUG LibraryManager
Load Library - WorkFlow

2023-04-24 17:52:35,651 [T1] DEBUG LibraryManager
Load built-in script libraries

2023-04-24 17:52:35,767 [T1] INFO  LibraryManager
Load Libraries - Completed.

2023-04-24 17:52:35,779 [T1] INFO  App
Launch Arguments: Total: 6 |  -eid D_20230424_175232_761 -runtype ProcRunner -ppid 13060

2023-04-24 17:52:35,780 [T1] DEBUG Config
Refresh Language Information

2023-04-24 17:52:35,781 [T1] DEBUG LibraryManager
LibraryManager Initialized.

2023-04-24 17:58:11,647 [T9] INFO  JobService
Start Job: T_네이버_증권_시가총액_데이터추출 (Foreground)
{
  "UsePIP": false,
  "UserID": null,
  "UserPWD": null,
  "IsRunning": false,
  "ResultMessage": null,
  "JobWorkDir": "C:\\Users\\505-20\\Documents\\Brity RPA Projects\\기초실습\\Histories\\20230424_175811_T_네이버_증권_시가총액_데이터추출_Designer_20230424_175811_109",
  "JobLogDir": "C:\\Users\\505-20\\Documents\\Brity RPA Projects\\기초실습\\Histories\\20230424_175811_T_네이버_증권_시가총액_데이터추출_Designer_20230424_175811_109\\Log",
  "JobScreenshotDir": "C:\\Users\\505-20\\Documents\\Brity RPA Projects\\기초실습\\Histories\\20230424_175811_T_네이버_증권_시가총액_데이터추출_Designer_20230424_175811_109\\Log\\Screenshot",
  "TotalProcessStepCount": 0,
  "CurrentStepNo": 0,
  "CurrentStepName": null,
  "StartTime": "2023-04-24 17:58:11",
  "EndTime": null,
  "Data": null,
  "EngineID": "D_20230424_175232_761",
  "EnginePID": 0,
  "EngineRecommededVersion": "",
  "JobId": "Designer_20230424_175811_109",
  "JobType": 1,
  "UserAuthentication": null,
  "ProcessPath": "C:\\Users\\505-20\\Documents\\Brity RPA Projects\\기초실습\\T_네이버_증권_시가총액_데이터추출.proc",
  "ProcessId": "f36d79fc-5990-4bb6-994e-8ec8406ef7a7",
  "ProcessVer": "",
  "ProcessArgs": null,
  "RequesterType": 3,
  "RequesterId": "designer",
  "RequesterPID": 13060,
  "OptionsJsonString": null,
  "TimeoutSec": 0,
  "State": 0
}

2023-04-24 17:58:11,787 [T11] DEBUG JobService
Waiting library loading...

2023-04-24 17:58:11,790 [T11] DEBUG Config
Reload User Settings

2023-04-24 17:58:11,791 [T11] INFO  JobService
Config Loading Completed.

2023-04-24 17:58:11,791 [T11] DEBUG JobService
Config Loading Time: 4 ms.

2023-04-24 17:58:11,800 [T11] INFO  JobManager
Create JobManager instance for job T_네이버_증권_시가총액_데이터추출(Designer_20230424_175811_109)

2023-04-24 17:58:11,806 [T11] INFO  JobRequest
Job ID : Designer_20230424_175811_109
Project Path  : C:\Users\505-20\Documents\Brity RPA Projects\기초실습\기초실습.proj
Process Name  : T_네이버_증권_시가총액_데이터추출
Engine Mode   : Designer
Requester Type: DesignerRequester PID : 13060

2023-04-24 17:58:11,809 [T10] INFO  JobRequest
Start Callback Sender

2023-04-24 17:58:11,809 [T10] DEBUG JobRequest
Step Callback Interval: 500

2023-04-24 17:58:11,854 [T11] DEBUG ProjectManager
Set Project Information

2023-04-24 17:58:11,880 [T11] INFO  PlayOptionManager
PlayOption
- Step Interval : 1
- Disable DrawBounds : False
- Invoke First : False
- Allow Upload of DumpScreen results : False

2023-04-24 17:58:11,880 [T11] INFO  JobRunner
Initialize Script Engine

2023-04-24 17:58:11,895 [TScriptEngine] INFO  JobRequest
##############################################################
### STATE: Initializing
##############################################################


2023-04-24 17:58:11,923 [T10] DEBUG JobRequest
Callback - State: Initializing


2023-04-24 17:58:12,737 [TScriptEngine] INFO  JobRequest
##############################################################
### STATE: Ready
##############################################################


2023-04-24 17:58:12,738 [T10] DEBUG JobRequest
Callback - State: Ready


2023-04-24 17:58:12,748 [T11] INFO  JobRunnerHook
HotKey Hook Started

2023-04-24 17:58:12,749 [T11] INFO  JobRequest
##############################################################
### STATE: Starting
##############################################################


2023-04-24 17:58:12,751 [TScriptEngine] INFO  JobRunner
RunProcess start

2023-04-24 17:58:12,752 [TScriptEngine] INFO  JobRequest
##############################################################
### STATE: Running
##############################################################


2023-04-24 17:58:12,752 [TScriptEngine] INFO  JobRequest
Last job life cycle state: Running

2023-04-24 17:58:12,753 [T10] DEBUG JobRequest
Callback - State: Starting


2023-04-24 17:58:12,768 [T10] DEBUG JobRequest
Callback - State: Running


2023-04-24 17:58:13,827 [TScriptEngine] DEBUG ScreenCapture
DirectX Screen Capture Initialized.

2023-04-24 17:58:13,888 [TScriptEngine] DEBUG JobRunner
DirectX ScreenCapture Checked.

2023-04-24 17:58:13,914 [TScriptEngine] INFO  JobRequest
##############################################################
### STATE: StartProcess - T_네이버_증권_시가총액_데이터추출
##############################################################
f36d79fc-5990-4bb6-994e-8ec8406ef7a7
T_네이버_증권_시가총액_데이터추출


2023-04-24 17:58:13,971 [TScriptEngine] INFO  JobRequest
**************************************************************
*** TASK: T_네이버_증권_시가총액_데이터추출
**************************************************************
 - STEP 1: Sb568bb2d955b41ab96130f48b24a61be (1/10) - (1/9)
 - [1] ChromeGetTableData


2023-04-24 17:58:15,491 [TScriptEngine] INFO  JobRequest
 - STEP 2: Sfdbc8233435643bca8d29d739f8e5035 (2/10) - (2/9)
 - [2] ExecuteScript


2023-04-24 17:58:16,251 [TScriptEngine] INFO  JobRequest
 - STEP 3: Sf606b33e5b3d4ffd84ac837c28a75a34 (3/10) - (3/9)
 - [3] CreateExcel


2023-04-24 17:58:17,874 [TScriptEngine] INFO  JobRequest
 - STEP 4: S1357c039a6b44f1f8b1e1f24071c66a5 (4/10) - (4/9)
 - [4] CloseAll


2023-04-24 17:58:17,886 [TScriptEngine] DEBUG UIAHelper
CloseAll: EXCEL.EXE

2023-04-24 17:58:19,029 [TScriptEngine] INFO  JobRequest
 - STEP 5: S32d60b9c3ed045e099e5e0192e993919 (5/10) - (5/9)
 - [5] OpenExcel


2023-04-24 17:58:21,334 [TScriptEngine] INFO  JobRequest
 - STEP 6: S5b695a7cd57f4543b03fef72e532da10 (6/10) - (6/9)
 - [6] CreateWorkSheet


2023-04-24 17:58:21,460 [TScriptEngine] INFO  JobRequest
 - STEP 7: S02605ae45464477d8c68cc5d127bb056 (8/10) - (7/9)
 - [8] WriteRange


2023-04-24 17:58:21,774 [TScriptEngine] INFO  JobRequest
 - STEP 8: Sad07b207d5fb481c94b65ddd742a67e9 (9/10) - (8/9)
 - [9] SaveExcel


2023-04-24 17:58:21,822 [TScriptEngine] INFO  JobRequest
 - STEP 9: S8204618ac8cf4ed49e06f750f7cd6583 (10/10) - (9/9)
 - [10] CloseExcel


2023-04-24 17:58:21,869 [TScriptEngine] DEBUG ExcelBase
DisposeExcel

2023-04-24 17:58:23,114 [TScriptEngine] INFO  JobRunner
[PASS] TASK: T_네이버_증권_시가총액_데이터추출

2023-04-24 17:58:23,119 [TScriptEngine] INFO  JobRequest
##############################################################
### STATE: EndProcess - T_네이버_증권_시가총액_데이터추출
##############################################################
f36d79fc-5990-4bb6-994e-8ec8406ef7a7
T_네이버_증권_시가총액_데이터추출


2023-04-24 17:58:23,133 [TScriptEngine] INFO  JobRunner
RunProcess - Job Result: {}

2023-04-24 17:58:23,134 [TScriptEngine] DEBUG JobManager
Set Result State: Completed

2023-04-24 17:58:23,136 [TScriptEngine] INFO  JobRunner
Make report.

2023-04-24 17:58:23,183 [TScriptEngine] INFO  JobRunner
Start to clean up resources.

2023-04-24 17:58:23,184 [TScriptEngine] DEBUG JobRunner
OnProcessCompleted

2023-04-24 17:58:23,184 [T6] DEBUG JobRunner
Start timer for checking the job to be completed.

2023-04-24 17:58:23,185 [TScriptEngine] INFO  JobRunner
Start to clean up resources.

2023-04-24 17:58:23,186 [TScriptEngine] DEBUG JobRunner
Remove all libraries

2023-04-24 17:58:23,197 [TScriptEngine] DEBUG NetPlayer
WebPlayer OnDispose

2023-04-24 17:58:23,200 [TScriptEngine] DEBUG WebPlayer
WebPlayer OnDispose : Do Nothing

2023-04-24 17:58:23,202 [TScriptEngine] DEBUG UiaAppHelper
WinHelper DisposeAppList Count: 0

2023-04-24 17:58:23,202 [TScriptEngine] INFO  JobRunner
All Resources Clear

2023-04-24 17:58:23,203 [TScriptEngine] DEBUG JobRunner
OnCompleted

2023-04-24 17:58:23,203 [TScriptEngine] DEBUG JobRunner
SendJobResult: Completed

2023-04-24 17:58:23,203 [TScriptEngine] INFO  JobRequest
##############################################################
### STATE: Completed
##############################################################
{}


2023-04-24 17:58:23,203 [TScriptEngine] INFO  JobRequest
Last job life cycle state: Completed

2023-04-24 17:58:23,218 [TScriptEngine] INFO  JobRequest
##############################################################
### JOB COMPLETED
##############################################################


2023-04-24 17:58:23,220 [T10] DEBUG JobRequest
Callback - State: Completed
{}

2023-04-24 17:58:23,220 [T10] INFO  JobRequest
Callback - EngineClosed

2023-04-24 17:58:23,221 [T10] INFO  JobService
Disconnect agent service

2023-04-24 17:58:23,223 [T10] DEBUG JobRequest
End of Callback Sender

2023-04-24 17:58:23,236 [TScriptEngine] INFO  JobRunner
RunProcess end

2023-04-24 17:58:23,236 [T1] INFO  JobService
Exit - Shutdown Engine BOT

