2023-07-27 16:01:41,690 [T1] INFO  EngineStarter
BOT Engine Start - v3.0.100.00404
BOT ID: D_20230727_160140_903
BOT PID: 12652
BOT PPID: 5576
BOT Working Directory: C:\Users\USER\AppData\Roaming\Brity RPA Designer

2023-07-27 16:01:41,703 [T1] INFO  EngineStarter
System Language: ko-KR
Resolution: 1680 x 1050

2023-07-27 16:01:41,934 [T1] INFO  Config
Initialize Config

2023-07-27 16:01:41,965 [T1] DEBUG Config
Config Loaded

2023-07-27 16:01:41,972 [T1] INFO  Config
Orchestrator Service => https://bwrpa.samsungsds.com:8777

2023-07-27 16:01:41,975 [T1] INFO  Config
Initialize Resource Config

2023-07-27 16:01:42,000 [T1] DEBUG Config
Refresh Language Information

2023-07-27 16:01:42,065 [T1] INFO  Config
All Config Initialized.

2023-07-27 16:01:42,068 [T1] DEBUG KeyManager
Initialize KeyManager

2023-07-27 16:01:42,076 [T1] DEBUG KeyManager
Device ID is initialized.

2023-07-27 16:01:42,108 [T1] INFO  CertLicenseClient
Initialize certificate.

2023-07-27 16:01:42,113 [T1] DEBUG CertLicenseClient
Set Security Protocol: Tls12

2023-07-27 16:01:42,132 [T4] DEBUG JobService
Connect to agent service

2023-07-27 16:01:42,152 [T1] DEBUG ApplicationInitializer
InitMode: Thread

2023-07-27 16:01:42,159 [T1] INFO  LibraryManager
Load Libraries - Started

2023-07-27 16:01:42,161 [T4] DEBUG JobService
JobService URL : net.tcp://127.0.0.1:59001/rpa/agent

2023-07-27 16:01:42,161 [T4] DEBUG JobService
Open connection

2023-07-27 16:01:42,172 [T1] DEBUG AddInLoader
Load Assembly : IPA.Lib.Chrome

2023-07-27 16:01:42,187 [T4] DEBUG JobService
Register engine to agent

2023-07-27 16:01:42,209 [T4] DEBUG JobService
Engine is connected to agent service.

2023-07-27 16:01:42,209 [T4] DEBUG JobService
Owner Process PID: 5576

2023-07-27 16:01:42,214 [T4] INFO  JobService
Start monitoring owner process is terminated.

2023-07-27 16:01:42,371 [T1] DEBUG AddInLoader
Load Assembly : IPA.Lib.Desktop

2023-07-27 16:01:42,550 [T1] DEBUG AddInLoader
Load Assembly : IPA.Lib.Excel

2023-07-27 16:01:42,603 [T8] INFO  JobService
Start Job: P_데이터추출 (Foreground)
{
  "UsePIP": false,
  "UserID": null,
  "UserPWD": null,
  "IsRunning": false,
  "ResultMessage": null,
  "JobWorkDir": "F:\\[ECMEDU]\\BRITY\\RPA\\Histories\\20230727_160140_P_데이터추출_Designer_20230727_160140_408",
  "JobLogDir": "F:\\[ECMEDU]\\BRITY\\RPA\\Histories\\20230727_160140_P_데이터추출_Designer_20230727_160140_408\\Log",
  "JobScreenshotDir": "F:\\[ECMEDU]\\BRITY\\RPA\\Histories\\20230727_160140_P_데이터추출_Designer_20230727_160140_408\\Log\\Screenshot",
  "TotalProcessStepCount": 0,
  "CurrentStepNo": 0,
  "CurrentStepName": null,
  "StartTime": "2023-07-27 16:01:40",
  "EndTime": null,
  "Data": null,
  "EngineID": "D_20230727_160140_903",
  "EnginePID": 0,
  "EngineRecommededVersion": "",
  "JobId": "Designer_20230727_160140_408",
  "JobType": 1,
  "UserAuthentication": null,
  "ProcessPath": "F:\\[ECMEDU]\\BRITY\\RPA\\P_데이터추출.proc",
  "ProcessId": "6eb09e20-8126-41d8-b582-8425b2d892b9",
  "ProcessVer": "1.0",
  "ProcessArgs": null,
  "RequesterType": 3,
  "RequesterId": "designer",
  "RequesterPID": 5576,
  "OptionsJsonString": null,
  "TimeoutSec": 0,
  "State": 0
}

2023-07-27 16:01:42,718 [T1] DEBUG AddInLoader
Load Assembly : IPA.Lib.Flow

2023-07-27 16:01:42,759 [T6] DEBUG JobService
Waiting library loading...

2023-07-27 16:01:42,834 [T1] DEBUG AddInLoader
Load Assembly : IPA.Lib.IE

2023-07-27 16:01:42,925 [T1] DEBUG AddInLoader
Load Assembly : IPA.Lib.ImageConverter

2023-07-27 16:01:42,987 [T1] DEBUG AddInLoader
Load Assembly : IPA.Lib.ImageRecognition

2023-07-27 16:01:43,171 [T1] DEBUG AddInLoader
Load Assembly : IPA.Lib.Net

2023-07-27 16:01:43,243 [T1] DEBUG AddInLoader
Load Assembly : IPA.Lib.Orchestra

2023-07-27 16:01:43,328 [T1] DEBUG AddInLoader
Load Assembly : IPA.Lib.ProcessFlow

2023-07-27 16:01:43,417 [T1] DEBUG AddInLoader
Load Assembly : IPA.Lib.SAP

2023-07-27 16:01:43,495 [T1] DEBUG AddInLoader
Load Assembly : IPA.Lib.Web

2023-07-27 16:01:43,598 [T1] DEBUG AddInLoader
Load Assembly : IPA.Lib.Win

2023-07-27 16:01:43,713 [T1] INFO  ScreenCapture
Default Screen Capture Bounds: 0,0,1680,1050

2023-07-27 16:01:43,743 [T1] DEBUG AddInLoader
Load Assembly : BrityWorks.AddIn.Outlook

2023-07-27 16:01:43,862 [T1] DEBUG AddInLoader
Load Assembly : BrityWorks.AddIn.Pdf

2023-07-27 16:01:43,924 [T1] DEBUG LibraryManager
Load Library - Chrome

2023-07-27 16:01:43,927 [T1] DEBUG LibraryManager
Load Library - Desktop

2023-07-27 16:01:43,928 [T1] DEBUG LibraryManager
Load Library - Excel

2023-07-27 16:01:43,929 [T1] DEBUG LibraryManager
Load Library - Flow

2023-07-27 16:01:43,929 [T1] DEBUG LibraryManager
Load Library - IE

2023-07-27 16:01:43,930 [T1] DEBUG LibraryManager
Load Library - ImageConverter

2023-07-27 16:01:43,930 [T1] DEBUG LibraryManager
Load Library - ImageRecognition

2023-07-27 16:01:43,931 [T1] DEBUG LibraryManager
Load Library - Net

2023-07-27 16:01:43,932 [T1] DEBUG LibraryManager
Load Library - Orchestra

2023-07-27 16:01:43,932 [T1] DEBUG LibraryManager
Load Library - Outlook

2023-07-27 16:01:43,935 [T1] DEBUG LibraryManager
Load Library - Pdf

2023-07-27 16:01:43,936 [T1] DEBUG LibraryManager
Load Library - SAP

2023-07-27 16:01:43,936 [T1] DEBUG LibraryManager
Load Library - Web

2023-07-27 16:01:43,937 [T1] DEBUG LibraryManager
Load Library - Win

2023-07-27 16:01:43,937 [T1] DEBUG LibraryManager
Load Library - WorkFlow

2023-07-27 16:01:43,943 [T1] DEBUG LibraryManager
Load built-in script libraries

2023-07-27 16:01:44,084 [T1] INFO  LibraryManager
Load Libraries - Completed.

2023-07-27 16:01:44,096 [T1] INFO  App
Launch Arguments: Total: 6 |  -eid D_20230727_160140_903 -runtype ProcRunner -ppid 5576

2023-07-27 16:01:44,096 [T1] DEBUG Config
Refresh Language Information

2023-07-27 16:01:44,097 [T1] DEBUG LibraryManager
LibraryManager Initialized.

2023-07-27 16:01:44,104 [T6] DEBUG Config
Reload User Settings

2023-07-27 16:01:44,105 [T6] INFO  JobService
Config Loading Completed.

2023-07-27 16:01:44,105 [T6] DEBUG JobService
Config Loading Time: 1345 ms.

2023-07-27 16:01:44,113 [T6] INFO  JobManager
Create JobManager instance for job P_데이터추출(Designer_20230727_160140_408)

2023-07-27 16:01:44,118 [T6] INFO  JobRequest
Job ID : Designer_20230727_160140_408
Project Path  : F:\[ECMEDU]\BRITY\RPA\RPA.proj
Process Name  : P_데이터추출
Engine Mode   : Designer
Requester Type: DesignerRequester PID : 5576

2023-07-27 16:01:44,121 [T7] INFO  JobRequest
Start Callback Sender

2023-07-27 16:01:44,121 [T7] DEBUG JobRequest
Step Callback Interval: 500

2023-07-27 16:01:44,170 [T6] DEBUG ProjectManager
Set Project Information

2023-07-27 16:01:44,192 [T6] INFO  PlayOptionManager
PlayOption
- Step Interval : 1
- Disable DrawBounds : False
- Invoke First : False
- Allow Upload of DumpScreen results : False

2023-07-27 16:01:44,193 [T6] INFO  JobRunner
Initialize Script Engine

2023-07-27 16:01:44,209 [TScriptEngine] INFO  JobRequest
##############################################################
### STATE: Initializing
##############################################################


2023-07-27 16:01:44,231 [T7] DEBUG JobRequest
Callback - State: Initializing


2023-07-27 16:01:45,171 [TScriptEngine] INFO  JobRequest
##############################################################
### STATE: Ready
##############################################################


2023-07-27 16:01:45,183 [T6] INFO  JobRunnerHook
HotKey Hook Started

2023-07-27 16:01:45,183 [T6] INFO  JobRequest
##############################################################
### STATE: Starting
##############################################################


2023-07-27 16:01:45,185 [TScriptEngine] INFO  JobRunner
RunProcess start

2023-07-27 16:01:45,186 [TScriptEngine] INFO  JobRequest
##############################################################
### STATE: Running
##############################################################


2023-07-27 16:01:45,187 [TScriptEngine] INFO  JobRequest
Last job life cycle state: Running

2023-07-27 16:01:45,187 [T7] DEBUG JobRequest
Callback - State: Ready


2023-07-27 16:01:45,187 [T7] DEBUG JobRequest
Callback - State: Starting


2023-07-27 16:01:45,203 [T7] DEBUG JobRequest
Callback - State: Running


2023-07-27 16:01:46,239 [TScriptEngine] DEBUG ScreenCapture
DirectX Screen Capture Initialized.

2023-07-27 16:01:46,313 [TScriptEngine] DEBUG JobRunner
DirectX ScreenCapture Checked.

2023-07-27 16:01:46,339 [TScriptEngine] INFO  JobRequest
##############################################################
### STATE: StartProcess - P_데이터추출
##############################################################
6eb09e20-8126-41d8-b582-8425b2d892b9
P_데이터추출


2023-07-27 16:01:46,394 [TScriptEngine] INFO  JobRequest
**************************************************************
*** TASK: P_데이터추출
**************************************************************
 - STEP 1: S566c23facd5b420eb91176b61da200a3 (1/5) - (1/42)
 - [1] RunTask


2023-07-27 16:01:46,496 [TScriptEngine] INFO  JobRequest
##############################################################
### STATE: StartTask - T_네이버_열기
##############################################################
2d21715b-9499-4df4-94c0-5d987c6a0179
T_네이버_열기


2023-07-27 16:01:46,529 [TScriptEngine] INFO  JobRequest
**************************************************************
*** TASK: T_네이버_열기
**************************************************************
 - STEP 2: S5ccb91c989a846739f1f5b6b8f57d3d7 (1/1) - (2/42)
 - [1] ChromeOpen


2023-07-27 16:01:46,693 [T12] DEBUG ChromeCommonExtension
extension default locale empty

2023-07-27 16:01:47,020 [T12] DEBUG ChromeCommonExtension
extension default locale empty

2023-07-27 16:01:48,573 [TScriptEngine] INFO  JobRunner
[PASS] TASK: T_네이버_열기 => Microsoft.ClearScript.V8.V8ScriptItem

2023-07-27 16:01:48,586 [TScriptEngine] INFO  JobRequest
##############################################################
### STATE: EndTask - T_네이버_열기
##############################################################
2d21715b-9499-4df4-94c0-5d987c6a0179
T_네이버_열기


2023-07-27 16:01:48,607 [TScriptEngine] INFO  JobRequest
**************************************************************
*** TASK: P_데이터추출
**************************************************************
 - STEP 3: S098d7172ff9d40d59581aae0ec75712f (2/5) - (3/42)
 - [2] RunTask


2023-07-27 16:01:48,613 [TScriptEngine] INFO  JobRequest
##############################################################
### STATE: StartTask - T_네이버_증권이동
##############################################################
09e4c976-ddd4-4a76-92a0-e15fd6055049
T_네이버_증권이동


2023-07-27 16:01:48,622 [TScriptEngine] INFO  JobRequest
**************************************************************
*** TASK: T_네이버_증권이동
**************************************************************
 - STEP 4: Sb66ffd4fa1de4ddc9b20425b05c9f191 (1/2) - (4/42)
 - [1] WaitAppear


2023-07-27 16:01:49,835 [T23] INFO  UIAEventHandler
Start UIA event handler

2023-07-27 16:01:51,540 [T23] DEBUG UIAEventHandler
UI Structure Changed Count: 1

2023-07-27 16:01:51,649 [T23] INFO  UIAEventHandler
waiting for 1580 msec during the screen structure is changing.

2023-07-27 16:01:52,251 [TScriptEngine] INFO  JobRequest
 - STEP 5: S29df0de63318453ea4741d8a4e315afa (2/2) - (5/42)
 - [2] Click


2023-07-27 16:01:53,232 [T21] DEBUG UIAEventHandler
UI Structure Changed Count: 0

2023-07-27 16:01:53,232 [T21] INFO  UIAEventHandler
waiting for 892 msec during the screen structure is changing.

2023-07-27 16:01:54,466 [TScriptEngine] INFO  JobRunner
[PASS] TASK: T_네이버_증권이동

2023-07-27 16:01:54,468 [TScriptEngine] INFO  JobRequest
##############################################################
### STATE: EndTask - T_네이버_증권이동
##############################################################
09e4c976-ddd4-4a76-92a0-e15fd6055049
T_네이버_증권이동


2023-07-27 16:01:54,479 [TScriptEngine] INFO  JobRequest
**************************************************************
*** TASK: P_데이터추출
**************************************************************
 - STEP 6: S8fb7dfdbba904fbb8e117f5e67498e0f (3/5) - (6/42)
 - [3] RunTask


2023-07-27 16:01:54,484 [TScriptEngine] INFO  JobRequest
##############################################################
### STATE: StartTask - T_네이버_증권_시가총액이동
##############################################################
f2b9678f-a50f-4529-bb52-21e0311f5a73
T_네이버_증권_시가총액이동


2023-07-27 16:01:54,494 [TScriptEngine] INFO  JobRequest
**************************************************************
*** TASK: T_네이버_증권_시가총액이동
**************************************************************
 - STEP 7: S554cbe00ed864949a2775a61b86447e7 (1/4) - (7/42)
 - [1] WaitAppear


2023-07-27 16:01:55,693 [TScriptEngine] INFO  JobRequest
 - STEP 8: Sba731afc97434ec8a1a2bafda0b571bf (2/4) - (8/42)
 - [2] Click


2023-07-27 16:01:56,514 [TScriptEngine] INFO  JobRequest
 - STEP 9: S7d099286df5a49fa8ae6e4038e5a5969 (3/4) - (9/42)
 - [3] WaitAppear


2023-07-27 16:01:57,974 [T17] DEBUG UIAEventHandler
UI Structure Changed Count: 0

2023-07-27 16:01:57,974 [T17] INFO  UIAEventHandler
waiting for 85 msec during the screen structure is changing.

2023-07-27 16:01:57,989 [TScriptEngine] INFO  JobRequest
 - STEP 10: S9fa9554851544baea9021173b36e398d (4/4) - (10/42)
 - [4] Click


2023-07-27 16:01:58,868 [T23] DEBUG UIAEventHandler
UI Structure Changed Count: 0

2023-07-27 16:01:58,868 [T23] INFO  UIAEventHandler
waiting for 833 msec during the screen structure is changing.

2023-07-27 16:01:59,267 [T23] DEBUG UIAEventHandler
UI Structure Changed Count: 0

2023-07-27 16:01:59,267 [T23] INFO  UIAEventHandler
waiting for 92 msec during the screen structure is changing.

2023-07-27 16:01:59,851 [TScriptEngine] INFO  JobRunner
[PASS] TASK: T_네이버_증권_시가총액이동

2023-07-27 16:01:59,852 [TScriptEngine] INFO  JobRequest
##############################################################
### STATE: EndTask - T_네이버_증권_시가총액이동
##############################################################
f2b9678f-a50f-4529-bb52-21e0311f5a73
T_네이버_증권_시가총액이동


2023-07-27 16:01:59,866 [TScriptEngine] INFO  JobRequest
**************************************************************
*** TASK: P_데이터추출
**************************************************************
 - STEP 11: S3a0d00180f424f98b9392e0bd7d7bf5b (4/5) - (11/42)
 - [4] RunTask


2023-07-27 16:01:59,878 [TScriptEngine] INFO  JobRequest
##############################################################
### STATE: StartTask - T_네이버_증권_시가총액_조건테이블선택
##############################################################
38a9216d-8da5-44cb-87ab-99a2aa42f081
T_네이버_증권_시가총액_조건테이블선택


2023-07-27 16:01:59,896 [TScriptEngine] INFO  JobRequest
**************************************************************
*** TASK: T_네이버_증권_시가총액_조건테이블선택
**************************************************************
 - STEP 12: Sc84c80be0bc14489957ce845b620f612 (1/22) - (12/42)
 - [1] Assign


2023-07-27 16:01:59,960 [TScriptEngine] INFO  JobRequest
 - STEP 13: S79ca87a21f854fa19607dbb1dd8bdacc (2/22) - (13/42)
 - [2] WaitAppear


2023-07-27 16:02:01,198 [T12] DEBUG UIAEventHandler
UI Structure Changed Count: 0

2023-07-27 16:02:01,198 [T12] INFO  UIAEventHandler
waiting for 76 msec during the screen structure is changing.

2023-07-27 16:02:01,214 [TScriptEngine] INFO  JobRequest
 - STEP 14: Sfc85215ba1ce44c2900f1e217512dc24 (3/22) - (14/42)
 - [3] ChromeGetTableData


2023-07-27 16:02:01,532 [TScriptEngine] INFO  JobRequest
 - STEP 15: Se19877daedcf42b9af65425ae6d9fac9 (4/22) - (15/42)
 - [4] Foreach


2023-07-27 16:02:01,564 [TScriptEngine] INFO  JobRequest
 - STEP 16: S5cd83eca9a6a4f028a620b67e88dd5ef (5/22) - (16/42)
 - [5] Foreach


2023-07-27 16:02:01,580 [TScriptEngine] INFO  JobRequest
 - STEP 17: S0c44654008c841159a0058b09345b194 (6/22) - (17/42)
 - [6] Assign


2023-07-27 16:02:01,596 [TScriptEngine] INFO  JobRequest
 - STEP 18: S38ee26c734ba4065a38d010e1e2333f6 (7/22) - (18/42)
 - [7] IfThen


2023-07-27 16:02:01,612 [TScriptEngine] INFO  JobRequest
 - STEP 19: S9aeeb04b93fe4f1a99b1184bb23bad96 (9/22) - (20/42)
 - [9] End-IfThen


2023-07-27 16:02:01,628 [TScriptEngine] INFO  JobRequest
 - STEP 20: Sca9dfcf1158042f1a12447b12fe1352d (10/22) - (21/42)
 - [10] GetCheckState


2023-07-27 16:02:02,108 [T21] DEBUG UIAEventHandler
UI Structure Changed Count: 0

2023-07-27 16:02:02,108 [T21] INFO  UIAEventHandler
waiting for 427 msec during the screen structure is changing.

2023-07-27 16:02:02,412 [TScriptEngine] INFO  JobRequest
 - STEP 21: S3b65a20d1728462982dfa724387e33d5 (11/22) - (22/42)
 - [11] IfElse


2023-07-27 16:02:02,428 [TScriptEngine] INFO  JobRequest
 - STEP 22: S7a2932eec89a4bd2aa1dffc77fbd6dcd (12/22) - (23/42)
 - [12] SetCheckState


2023-07-27 16:02:03,417 [T23] DEBUG UIAEventHandler
UI Structure Changed Count: 0

2023-07-27 16:02:03,417 [T23] INFO  UIAEventHandler
waiting for 919 msec during the screen structure is changing.

2023-07-27 16:02:03,573 [T23] DEBUG UIAEventHandler
UI Structure Changed Count: 0

2023-07-27 16:02:03,573 [T23] INFO  UIAEventHandler
waiting for 78 msec during the screen structure is changing.

2023-07-27 16:02:03,589 [TScriptEngine] INFO  JobRequest
 - STEP 23: Sbe2e029680ab45558a37f1a750c43f84 (18/22) - (29/42)
 - [18] End-IfElse


2023-07-27 16:02:03,605 [TScriptEngine] INFO  JobRequest
 - STEP 24: S0c44654008c841159a0058b09345b194 (6/22) - (29/42)
 - [6] Assign


2023-07-27 16:02:03,621 [TScriptEngine] INFO  JobRequest
 - STEP 25: S38ee26c734ba4065a38d010e1e2333f6 (7/22) - (29/42)
 - [7] IfThen


2023-07-27 16:02:03,637 [TScriptEngine] INFO  JobRequest
 - STEP 26: S9aeeb04b93fe4f1a99b1184bb23bad96 (9/22) - (29/42)
 - [9] End-IfThen


2023-07-27 16:02:03,653 [TScriptEngine] INFO  JobRequest
 - STEP 27: Sca9dfcf1158042f1a12447b12fe1352d (10/22) - (29/42)
 - [10] GetCheckState


2023-07-27 16:02:04,477 [T17] DEBUG UIAEventHandler
UI Structure Changed Count: 0

2023-07-27 16:02:04,477 [T17] INFO  UIAEventHandler
waiting for 786 msec during the screen structure is changing.

2023-07-27 16:02:04,871 [T17] DEBUG UIAEventHandler
UI Structure Changed Count: 0

2023-07-27 16:02:04,871 [T17] INFO  UIAEventHandler
waiting for 85 msec during the screen structure is changing.

2023-07-27 16:02:04,887 [TScriptEngine] INFO  JobRequest
 - STEP 28: S3b65a20d1728462982dfa724387e33d5 (11/22) - (29/42)
 - [11] IfElse


2023-07-27 16:02:04,903 [TScriptEngine] INFO  JobRequest
 - STEP 29: S04c8d9afda404805b5a11e15b84a7a19 (13/22) - (29/42)
 - [13] Else


2023-07-27 16:02:04,919 [TScriptEngine] INFO  JobRequest
 - STEP 30: Sf9c2eb83c18a41aa8c3669d7b5462bcf (14/22) - (29/42)
 - [14] IfElse


2023-07-27 16:02:04,934 [TScriptEngine] INFO  JobRequest
 - STEP 31: S1cc578f57e934a87b7048a3f280ed642 (16/22) - (29/42)
 - [16] Else


2023-07-27 16:02:04,950 [TScriptEngine] INFO  JobRequest
 - STEP 32: S1fc299ff59bc497c8a1953a042d51934 (17/22) - (29/42)
 - [17] End-IfElse


2023-07-27 16:02:04,965 [TScriptEngine] INFO  JobRequest
 - STEP 33: Sbe2e029680ab45558a37f1a750c43f84 (18/22) - (29/42)
 - [18] End-IfElse


2023-07-27 16:02:04,981 [TScriptEngine] INFO  JobRequest
 - STEP 34: S0c44654008c841159a0058b09345b194 (6/22) - (29/42)
 - [6] Assign


2023-07-27 16:02:04,997 [TScriptEngine] INFO  JobRequest
 - STEP 35: S38ee26c734ba4065a38d010e1e2333f6 (7/22) - (29/42)
 - [7] IfThen


2023-07-27 16:02:05,013 [TScriptEngine] INFO  JobRequest
 - STEP 36: S9aeeb04b93fe4f1a99b1184bb23bad96 (9/22) - (29/42)
 - [9] End-IfThen


2023-07-27 16:02:05,029 [TScriptEngine] INFO  JobRequest
 - STEP 37: Sca9dfcf1158042f1a12447b12fe1352d (10/22) - (29/42)
 - [10] GetCheckState


2023-07-27 16:02:05,759 [T5] DEBUG UIAEventHandler
UI Structure Changed Count: 0

2023-07-27 16:02:05,759 [T5] INFO  UIAEventHandler
waiting for 683 msec during the screen structure is changing.

2023-07-27 16:02:06,141 [T5] DEBUG UIAEventHandler
UI Structure Changed Count: 0

2023-07-27 16:02:06,141 [T5] INFO  UIAEventHandler
waiting for 76 msec during the screen structure is changing.

2023-07-27 16:02:06,156 [TScriptEngine] INFO  JobRequest
 - STEP 38: S3b65a20d1728462982dfa724387e33d5 (11/22) - (29/42)
 - [11] IfElse


2023-07-27 16:02:06,172 [TScriptEngine] INFO  JobRequest
 - STEP 39: S04c8d9afda404805b5a11e15b84a7a19 (13/22) - (29/42)
 - [13] Else


2023-07-27 16:02:06,187 [TScriptEngine] INFO  JobRequest
 - STEP 40: Sf9c2eb83c18a41aa8c3669d7b5462bcf (14/22) - (29/42)
 - [14] IfElse


2023-07-27 16:02:06,203 [TScriptEngine] INFO  JobRequest
 - STEP 41: S1cc578f57e934a87b7048a3f280ed642 (16/22) - (29/42)
 - [16] Else


2023-07-27 16:02:06,219 [TScriptEngine] INFO  JobRequest
 - STEP 42: S1fc299ff59bc497c8a1953a042d51934 (17/22) - (29/42)
 - [17] End-IfElse


2023-07-27 16:02:06,235 [TScriptEngine] INFO  JobRequest
 - STEP 43: Sbe2e029680ab45558a37f1a750c43f84 (18/22) - (29/42)
 - [18] End-IfElse


2023-07-27 16:02:06,251 [TScriptEngine] INFO  JobRequest
 - STEP 44: S0c44654008c841159a0058b09345b194 (6/22) - (29/42)
 - [6] Assign


2023-07-27 16:02:06,267 [TScriptEngine] INFO  JobRequest
 - STEP 45: S38ee26c734ba4065a38d010e1e2333f6 (7/22) - (29/42)
 - [7] IfThen


2023-07-27 16:02:06,283 [TScriptEngine] INFO  JobRequest
 - STEP 46: S9aeeb04b93fe4f1a99b1184bb23bad96 (9/22) - (29/42)
 - [9] End-IfThen


2023-07-27 16:02:06,299 [TScriptEngine] INFO  JobRequest
 - STEP 47: Sca9dfcf1158042f1a12447b12fe1352d (10/22) - (29/42)
 - [10] GetCheckState


2023-07-27 16:02:07,049 [T6] DEBUG UIAEventHandler
UI Structure Changed Count: 0

2023-07-27 16:02:07,049 [T6] INFO  UIAEventHandler
waiting for 709 msec during the screen structure is changing.

2023-07-27 16:02:07,351 [TScriptEngine] INFO  JobRequest
 - STEP 48: S3b65a20d1728462982dfa724387e33d5 (11/22) - (29/42)
 - [11] IfElse


2023-07-27 16:02:07,367 [TScriptEngine] INFO  JobRequest
 - STEP 49: S7a2932eec89a4bd2aa1dffc77fbd6dcd (12/22) - (29/42)
 - [12] SetCheckState


2023-07-27 16:02:08,352 [T5] DEBUG UIAEventHandler
UI Structure Changed Count: 0

2023-07-27 16:02:08,352 [T5] INFO  UIAEventHandler
waiting for 942 msec during the screen structure is changing.

2023-07-27 16:02:08,745 [T5] DEBUG UIAEventHandler
UI Structure Changed Count: 0

2023-07-27 16:02:08,745 [T5] INFO  UIAEventHandler
waiting for 77 msec during the screen structure is changing.

2023-07-27 16:02:08,760 [TScriptEngine] INFO  JobRequest
 - STEP 50: Sbe2e029680ab45558a37f1a750c43f84 (18/22) - (29/42)
 - [18] End-IfElse


2023-07-27 16:02:08,776 [TScriptEngine] INFO  JobRequest
 - STEP 51: S0c44654008c841159a0058b09345b194 (6/22) - (29/42)
 - [6] Assign


2023-07-27 16:02:08,792 [TScriptEngine] INFO  JobRequest
 - STEP 52: S38ee26c734ba4065a38d010e1e2333f6 (7/22) - (29/42)
 - [7] IfThen


2023-07-27 16:02:08,807 [TScriptEngine] INFO  JobRequest
 - STEP 53: S9aeeb04b93fe4f1a99b1184bb23bad96 (9/22) - (29/42)
 - [9] End-IfThen


2023-07-27 16:02:08,823 [TScriptEngine] INFO  JobRequest
 - STEP 54: Sca9dfcf1158042f1a12447b12fe1352d (10/22) - (29/42)
 - [10] GetCheckState


2023-07-27 16:02:09,634 [T21] DEBUG UIAEventHandler
UI Structure Changed Count: 0

2023-07-27 16:02:09,634 [T21] INFO  UIAEventHandler
waiting for 770 msec during the screen structure is changing.

2023-07-27 16:02:10,028 [T21] DEBUG UIAEventHandler
UI Structure Changed Count: 0

2023-07-27 16:02:10,028 [T21] INFO  UIAEventHandler
waiting for 102 msec during the screen structure is changing.

2023-07-27 16:02:10,044 [TScriptEngine] INFO  JobRequest
 - STEP 55: S3b65a20d1728462982dfa724387e33d5 (11/22) - (29/42)
 - [11] IfElse


2023-07-27 16:02:10,060 [TScriptEngine] INFO  JobRequest
 - STEP 56: S04c8d9afda404805b5a11e15b84a7a19 (13/22) - (29/42)
 - [13] Else


2023-07-27 16:02:10,076 [TScriptEngine] INFO  JobRequest
 - STEP 57: Sf9c2eb83c18a41aa8c3669d7b5462bcf (14/22) - (29/42)
 - [14] IfElse


2023-07-27 16:02:10,092 [TScriptEngine] INFO  JobRequest
 - STEP 58: S1cc578f57e934a87b7048a3f280ed642 (16/22) - (29/42)
 - [16] Else


2023-07-27 16:02:10,108 [TScriptEngine] INFO  JobRequest
 - STEP 59: S1fc299ff59bc497c8a1953a042d51934 (17/22) - (29/42)
 - [17] End-IfElse


2023-07-27 16:02:10,124 [TScriptEngine] INFO  JobRequest
 - STEP 60: Sbe2e029680ab45558a37f1a750c43f84 (18/22) - (29/42)
 - [18] End-IfElse


2023-07-27 16:02:10,140 [TScriptEngine] INFO  JobRequest
 - STEP 61: S0c44654008c841159a0058b09345b194 (6/22) - (29/42)
 - [6] Assign


2023-07-27 16:02:10,156 [TScriptEngine] INFO  JobRequest
 - STEP 62: S38ee26c734ba4065a38d010e1e2333f6 (7/22) - (29/42)
 - [7] IfThen


2023-07-27 16:02:10,172 [TScriptEngine] INFO  JobRequest
 - STEP 63: S9aeeb04b93fe4f1a99b1184bb23bad96 (9/22) - (29/42)
 - [9] End-IfThen


2023-07-27 16:02:10,188 [TScriptEngine] INFO  JobRequest
 - STEP 64: Sca9dfcf1158042f1a12447b12fe1352d (10/22) - (29/42)
 - [10] GetCheckState


2023-07-27 16:02:10,940 [T5] DEBUG UIAEventHandler
UI Structure Changed Count: 0

2023-07-27 16:02:10,940 [T5] INFO  UIAEventHandler
waiting for 708 msec during the screen structure is changing.

2023-07-27 16:02:11,308 [T5] DEBUG UIAEventHandler
UI Structure Changed Count: 0

2023-07-27 16:02:11,308 [T5] INFO  UIAEventHandler
waiting for 70 msec during the screen structure is changing.

2023-07-27 16:02:11,324 [TScriptEngine] INFO  JobRequest
 - STEP 65: S3b65a20d1728462982dfa724387e33d5 (11/22) - (29/42)
 - [11] IfElse


2023-07-27 16:02:11,340 [TScriptEngine] INFO  JobRequest
 - STEP 66: S04c8d9afda404805b5a11e15b84a7a19 (13/22) - (29/42)
 - [13] Else


2023-07-27 16:02:11,356 [TScriptEngine] INFO  JobRequest
 - STEP 67: Sf9c2eb83c18a41aa8c3669d7b5462bcf (14/22) - (29/42)
 - [14] IfElse


2023-07-27 16:02:11,372 [TScriptEngine] INFO  JobRequest
 - STEP 68: S3f4b9dd0e7c247d48ca7c98fa14cb3aa (15/22) - (29/42)
 - [15] SetCheckState


2023-07-27 16:02:12,221 [T21] DEBUG UIAEventHandler
UI Structure Changed Count: 0

2023-07-27 16:02:12,221 [T21] INFO  UIAEventHandler
waiting for 803 msec during the screen structure is changing.

2023-07-27 16:02:12,599 [T21] DEBUG UIAEventHandler
UI Structure Changed Count: 0

2023-07-27 16:02:12,599 [T21] INFO  UIAEventHandler
waiting for 83 msec during the screen structure is changing.

2023-07-27 16:02:12,631 [TScriptEngine] INFO  JobRequest
 - STEP 69: S1fc299ff59bc497c8a1953a042d51934 (17/22) - (29/42)
 - [17] End-IfElse


2023-07-27 16:02:12,647 [TScriptEngine] INFO  JobRequest
 - STEP 70: Sbe2e029680ab45558a37f1a750c43f84 (18/22) - (29/42)
 - [18] End-IfElse


2023-07-27 16:02:12,663 [TScriptEngine] INFO  JobRequest
 - STEP 71: S5d556b9be2184d659971025951e5ee3b (20/22) - (30/42)
 - [20] End-Foreach


2023-07-27 16:02:12,679 [TScriptEngine] INFO  JobRequest
 - STEP 72: S5cd83eca9a6a4f028a620b67e88dd5ef (5/22) - (30/42)
 - [5] Foreach


2023-07-27 16:02:12,695 [TScriptEngine] INFO  JobRequest
 - STEP 73: S0c44654008c841159a0058b09345b194 (6/22) - (30/42)
 - [6] Assign


2023-07-27 16:02:12,711 [TScriptEngine] INFO  JobRequest
 - STEP 74: S38ee26c734ba4065a38d010e1e2333f6 (7/22) - (30/42)
 - [7] IfThen


2023-07-27 16:02:12,727 [TScriptEngine] INFO  JobRequest
 - STEP 75: S9aeeb04b93fe4f1a99b1184bb23bad96 (9/22) - (30/42)
 - [9] End-IfThen


2023-07-27 16:02:12,742 [TScriptEngine] INFO  JobRequest
 - STEP 76: Sca9dfcf1158042f1a12447b12fe1352d (10/22) - (30/42)
 - [10] GetCheckState


2023-07-27 16:02:13,502 [T24] DEBUG UIAEventHandler
UI Structure Changed Count: 0

2023-07-27 16:02:13,502 [T24] INFO  UIAEventHandler
waiting for 718 msec during the screen structure is changing.

2023-07-27 16:02:13,898 [T24] DEBUG UIAEventHandler
UI Structure Changed Count: 0

2023-07-27 16:02:13,898 [T24] INFO  UIAEventHandler
waiting for 76 msec during the screen structure is changing.

2023-07-27 16:02:13,914 [TScriptEngine] INFO  JobRequest
 - STEP 77: S3b65a20d1728462982dfa724387e33d5 (11/22) - (30/42)
 - [11] IfElse


2023-07-27 16:02:13,930 [TScriptEngine] INFO  JobRequest
 - STEP 78: S7a2932eec89a4bd2aa1dffc77fbd6dcd (12/22) - (30/42)
 - [12] SetCheckState


2023-07-27 16:02:14,792 [T21] DEBUG UIAEventHandler
UI Structure Changed Count: 0

2023-07-27 16:02:14,792 [T21] INFO  UIAEventHandler
waiting for 812 msec during the screen structure is changing.

2023-07-27 16:02:15,174 [T21] DEBUG UIAEventHandler
UI Structure Changed Count: 0

2023-07-27 16:02:15,174 [T21] INFO  UIAEventHandler
waiting for 78 msec during the screen structure is changing.

2023-07-27 16:02:15,190 [TScriptEngine] INFO  JobRequest
 - STEP 79: Sbe2e029680ab45558a37f1a750c43f84 (18/22) - (30/42)
 - [18] End-IfElse


2023-07-27 16:02:15,206 [TScriptEngine] INFO  JobRequest
 - STEP 80: S0c44654008c841159a0058b09345b194 (6/22) - (30/42)
 - [6] Assign


2023-07-27 16:02:15,222 [TScriptEngine] INFO  JobRequest
 - STEP 81: S38ee26c734ba4065a38d010e1e2333f6 (7/22) - (30/42)
 - [7] IfThen


2023-07-27 16:02:15,238 [TScriptEngine] INFO  JobRequest
 - STEP 82: S9aeeb04b93fe4f1a99b1184bb23bad96 (9/22) - (30/42)
 - [9] End-IfThen


2023-07-27 16:02:15,254 [TScriptEngine] INFO  JobRequest
 - STEP 83: Sca9dfcf1158042f1a12447b12fe1352d (10/22) - (30/42)
 - [10] GetCheckState


2023-07-27 16:02:16,084 [T24] DEBUG UIAEventHandler
UI Structure Changed Count: 0

2023-07-27 16:02:16,084 [T24] INFO  UIAEventHandler
waiting for 788 msec during the screen structure is changing.

2023-07-27 16:02:16,484 [T24] DEBUG UIAEventHandler
UI Structure Changed Count: 0

2023-07-27 16:02:16,484 [T24] INFO  UIAEventHandler
waiting for 103 msec during the screen structure is changing.

2023-07-27 16:02:16,500 [TScriptEngine] INFO  JobRequest
 - STEP 84: S3b65a20d1728462982dfa724387e33d5 (11/22) - (30/42)
 - [11] IfElse


2023-07-27 16:02:16,516 [TScriptEngine] INFO  JobRequest
 - STEP 85: S04c8d9afda404805b5a11e15b84a7a19 (13/22) - (30/42)
 - [13] Else


2023-07-27 16:02:16,532 [TScriptEngine] INFO  JobRequest
 - STEP 86: Sf9c2eb83c18a41aa8c3669d7b5462bcf (14/22) - (30/42)
 - [14] IfElse


2023-07-27 16:02:16,548 [TScriptEngine] INFO  JobRequest
 - STEP 87: S1cc578f57e934a87b7048a3f280ed642 (16/22) - (30/42)
 - [16] Else


2023-07-27 16:02:16,564 [TScriptEngine] INFO  JobRequest
 - STEP 88: S1fc299ff59bc497c8a1953a042d51934 (17/22) - (30/42)
 - [17] End-IfElse


2023-07-27 16:02:16,580 [TScriptEngine] INFO  JobRequest
 - STEP 89: Sbe2e029680ab45558a37f1a750c43f84 (18/22) - (30/42)
 - [18] End-IfElse


2023-07-27 16:02:16,596 [TScriptEngine] INFO  JobRequest
 - STEP 90: S0c44654008c841159a0058b09345b194 (6/22) - (30/42)
 - [6] Assign


2023-07-27 16:02:16,613 [TScriptEngine] INFO  JobRequest
 - STEP 91: S38ee26c734ba4065a38d010e1e2333f6 (7/22) - (30/42)
 - [7] IfThen


2023-07-27 16:02:16,629 [TScriptEngine] INFO  JobRequest
 - STEP 92: S9aeeb04b93fe4f1a99b1184bb23bad96 (9/22) - (30/42)
 - [9] End-IfThen


2023-07-27 16:02:16,645 [TScriptEngine] INFO  JobRequest
 - STEP 93: Sca9dfcf1158042f1a12447b12fe1352d (10/22) - (30/42)
 - [10] GetCheckState


2023-07-27 16:02:17,379 [T17] DEBUG UIAEventHandler
UI Structure Changed Count: 0

2023-07-27 16:02:17,379 [T17] INFO  UIAEventHandler
waiting for 686 msec during the screen structure is changing.

2023-07-27 16:02:17,763 [T17] DEBUG UIAEventHandler
UI Structure Changed Count: 0

2023-07-27 16:02:17,763 [T17] INFO  UIAEventHandler
waiting for 86 msec during the screen structure is changing.

2023-07-27 16:02:17,779 [TScriptEngine] INFO  JobRequest
 - STEP 94: S3b65a20d1728462982dfa724387e33d5 (11/22) - (30/42)
 - [11] IfElse


2023-07-27 16:02:17,795 [TScriptEngine] INFO  JobRequest
 - STEP 95: S7a2932eec89a4bd2aa1dffc77fbd6dcd (12/22) - (30/42)
 - [12] SetCheckState


2023-07-27 16:02:18,657 [T24] DEBUG UIAEventHandler
UI Structure Changed Count: 0

2023-07-27 16:02:18,657 [T24] INFO  UIAEventHandler
waiting for 818 msec during the screen structure is changing.

2023-07-27 16:02:19,039 [T24] DEBUG UIAEventHandler
UI Structure Changed Count: 0

2023-07-27 16:02:19,039 [T24] INFO  UIAEventHandler
waiting for 85 msec during the screen structure is changing.

2023-07-27 16:02:19,070 [TScriptEngine] INFO  JobRequest
 - STEP 96: Sbe2e029680ab45558a37f1a750c43f84 (18/22) - (30/42)
 - [18] End-IfElse


2023-07-27 16:02:19,085 [TScriptEngine] INFO  JobRequest
 - STEP 97: S0c44654008c841159a0058b09345b194 (6/22) - (30/42)
 - [6] Assign


2023-07-27 16:02:19,101 [TScriptEngine] INFO  JobRequest
 - STEP 98: S38ee26c734ba4065a38d010e1e2333f6 (7/22) - (30/42)
 - [7] IfThen


2023-07-27 16:02:19,117 [TScriptEngine] INFO  JobRequest
 - STEP 99: S9aeeb04b93fe4f1a99b1184bb23bad96 (9/22) - (30/42)
 - [9] End-IfThen


2023-07-27 16:02:19,133 [TScriptEngine] INFO  JobRequest
 - STEP 100: Sca9dfcf1158042f1a12447b12fe1352d (10/22) - (30/42)
 - [10] GetCheckState


2023-07-27 16:02:19,927 [T5] DEBUG UIAEventHandler
UI Structure Changed Count: 0

2023-07-27 16:02:19,927 [T5] INFO  UIAEventHandler
waiting for 754 msec during the screen structure is changing.

2023-07-27 16:02:20,309 [T5] DEBUG UIAEventHandler
UI Structure Changed Count: 0

2023-07-27 16:02:20,309 [T5] INFO  UIAEventHandler
waiting for 87 msec during the screen structure is changing.

2023-07-27 16:02:20,325 [TScriptEngine] INFO  JobRequest
 - STEP 101: S3b65a20d1728462982dfa724387e33d5 (11/22) - (30/42)
 - [11] IfElse


2023-07-27 16:02:20,341 [TScriptEngine] INFO  JobRequest
 - STEP 102: S04c8d9afda404805b5a11e15b84a7a19 (13/22) - (30/42)
 - [13] Else


2023-07-27 16:02:20,357 [TScriptEngine] INFO  JobRequest
 - STEP 103: Sf9c2eb83c18a41aa8c3669d7b5462bcf (14/22) - (30/42)
 - [14] IfElse


2023-07-27 16:02:20,373 [TScriptEngine] INFO  JobRequest
 - STEP 104: S1cc578f57e934a87b7048a3f280ed642 (16/22) - (30/42)
 - [16] Else


2023-07-27 16:02:20,389 [TScriptEngine] INFO  JobRequest
 - STEP 105: S1fc299ff59bc497c8a1953a042d51934 (17/22) - (30/42)
 - [17] End-IfElse


2023-07-27 16:02:20,405 [TScriptEngine] INFO  JobRequest
 - STEP 106: Sbe2e029680ab45558a37f1a750c43f84 (18/22) - (30/42)
 - [18] End-IfElse


2023-07-27 16:02:20,421 [TScriptEngine] INFO  JobRequest
 - STEP 107: S0c44654008c841159a0058b09345b194 (6/22) - (30/42)
 - [6] Assign


2023-07-27 16:02:20,437 [TScriptEngine] INFO  JobRequest
 - STEP 108: S38ee26c734ba4065a38d010e1e2333f6 (7/22) - (30/42)
 - [7] IfThen


2023-07-27 16:02:20,453 [TScriptEngine] INFO  JobRequest
 - STEP 109: S9aeeb04b93fe4f1a99b1184bb23bad96 (9/22) - (30/42)
 - [9] End-IfThen


2023-07-27 16:02:20,469 [TScriptEngine] INFO  JobRequest
 - STEP 110: Sca9dfcf1158042f1a12447b12fe1352d (10/22) - (30/42)
 - [10] GetCheckState


2023-07-27 16:02:21,206 [T6] DEBUG UIAEventHandler
UI Structure Changed Count: 0

2023-07-27 16:02:21,206 [T6] INFO  UIAEventHandler
waiting for 686 msec during the screen structure is changing.

2023-07-27 16:02:21,571 [T6] DEBUG UIAEventHandler
UI Structure Changed Count: 0

2023-07-27 16:02:21,571 [T6] INFO  UIAEventHandler
waiting for 71 msec during the screen structure is changing.

2023-07-27 16:02:21,586 [TScriptEngine] INFO  JobRequest
 - STEP 111: S3b65a20d1728462982dfa724387e33d5 (11/22) - (30/42)
 - [11] IfElse


2023-07-27 16:02:21,602 [TScriptEngine] INFO  JobRequest
 - STEP 112: S04c8d9afda404805b5a11e15b84a7a19 (13/22) - (30/42)
 - [13] Else


2023-07-27 16:02:21,618 [TScriptEngine] INFO  JobRequest
 - STEP 113: Sf9c2eb83c18a41aa8c3669d7b5462bcf (14/22) - (30/42)
 - [14] IfElse


2023-07-27 16:02:21,634 [TScriptEngine] INFO  JobRequest
 - STEP 114: S1cc578f57e934a87b7048a3f280ed642 (16/22) - (30/42)
 - [16] Else


2023-07-27 16:02:21,650 [TScriptEngine] INFO  JobRequest
 - STEP 115: S1fc299ff59bc497c8a1953a042d51934 (17/22) - (30/42)
 - [17] End-IfElse


2023-07-27 16:02:21,666 [TScriptEngine] INFO  JobRequest
 - STEP 116: Sbe2e029680ab45558a37f1a750c43f84 (18/22) - (30/42)
 - [18] End-IfElse


2023-07-27 16:02:21,682 [TScriptEngine] INFO  JobRequest
 - STEP 117: S0c44654008c841159a0058b09345b194 (6/22) - (30/42)
 - [6] Assign


2023-07-27 16:02:21,698 [TScriptEngine] INFO  JobRequest
 - STEP 118: S38ee26c734ba4065a38d010e1e2333f6 (7/22) - (30/42)
 - [7] IfThen


2023-07-27 16:02:21,713 [TScriptEngine] INFO  JobRequest
 - STEP 119: S9aeeb04b93fe4f1a99b1184bb23bad96 (9/22) - (30/42)
 - [9] End-IfThen


2023-07-27 16:02:21,729 [TScriptEngine] INFO  JobRequest
 - STEP 120: Sca9dfcf1158042f1a12447b12fe1352d (10/22) - (30/42)
 - [10] GetCheckState


2023-07-27 16:02:22,480 [T21] DEBUG UIAEventHandler
UI Structure Changed Count: 0

2023-07-27 16:02:22,480 [T21] INFO  UIAEventHandler
waiting for 702 msec during the screen structure is changing.

2023-07-27 16:02:22,860 [T21] DEBUG UIAEventHandler
UI Structure Changed Count: 0

2023-07-27 16:02:22,860 [T21] INFO  UIAEventHandler
waiting for 76 msec during the screen structure is changing.

2023-07-27 16:02:22,876 [TScriptEngine] INFO  JobRequest
 - STEP 121: S3b65a20d1728462982dfa724387e33d5 (11/22) - (30/42)
 - [11] IfElse


2023-07-27 16:02:22,892 [TScriptEngine] INFO  JobRequest
 - STEP 122: S04c8d9afda404805b5a11e15b84a7a19 (13/22) - (30/42)
 - [13] Else


2023-07-27 16:02:22,908 [TScriptEngine] INFO  JobRequest
 - STEP 123: Sf9c2eb83c18a41aa8c3669d7b5462bcf (14/22) - (30/42)
 - [14] IfElse


2023-07-27 16:02:22,924 [TScriptEngine] INFO  JobRequest
 - STEP 124: S3f4b9dd0e7c247d48ca7c98fa14cb3aa (15/22) - (30/42)
 - [15] SetCheckState


2023-07-27 16:02:23,768 [T12] DEBUG UIAEventHandler
UI Structure Changed Count: 0

2023-07-27 16:02:23,768 [T12] INFO  UIAEventHandler
waiting for 803 msec during the screen structure is changing.

2023-07-27 16:02:24,166 [T12] DEBUG UIAEventHandler
UI Structure Changed Count: 0

2023-07-27 16:02:24,166 [T12] INFO  UIAEventHandler
waiting for 95 msec during the screen structure is changing.

2023-07-27 16:02:24,198 [TScriptEngine] INFO  JobRequest
 - STEP 125: S1fc299ff59bc497c8a1953a042d51934 (17/22) - (30/42)
 - [17] End-IfElse


2023-07-27 16:02:24,214 [TScriptEngine] INFO  JobRequest
 - STEP 126: Sbe2e029680ab45558a37f1a750c43f84 (18/22) - (30/42)
 - [18] End-IfElse


2023-07-27 16:02:24,230 [TScriptEngine] INFO  JobRequest
 - STEP 127: S5d556b9be2184d659971025951e5ee3b (20/22) - (30/42)
 - [20] End-Foreach


2023-07-27 16:02:24,246 [TScriptEngine] INFO  JobRequest
 - STEP 128: S5cd83eca9a6a4f028a620b67e88dd5ef (5/22) - (30/42)
 - [5] Foreach


2023-07-27 16:02:24,262 [TScriptEngine] INFO  JobRequest
 - STEP 129: S0c44654008c841159a0058b09345b194 (6/22) - (30/42)
 - [6] Assign


2023-07-27 16:02:24,278 [TScriptEngine] INFO  JobRequest
 - STEP 130: S38ee26c734ba4065a38d010e1e2333f6 (7/22) - (30/42)
 - [7] IfThen


2023-07-27 16:02:24,294 [TScriptEngine] INFO  JobRequest
 - STEP 131: S9aeeb04b93fe4f1a99b1184bb23bad96 (9/22) - (30/42)
 - [9] End-IfThen


2023-07-27 16:02:24,310 [TScriptEngine] INFO  JobRequest
 - STEP 132: Sca9dfcf1158042f1a12447b12fe1352d (10/22) - (30/42)
 - [10] GetCheckState


2023-07-27 16:02:25,076 [T5] DEBUG UIAEventHandler
UI Structure Changed Count: 0

2023-07-27 16:02:25,076 [T5] INFO  UIAEventHandler
waiting for 718 msec during the screen structure is changing.

2023-07-27 16:02:25,492 [T5] DEBUG UIAEventHandler
UI Structure Changed Count: 0

2023-07-27 16:02:25,492 [T5] INFO  UIAEventHandler
waiting for 111 msec during the screen structure is changing.

2023-07-27 16:02:25,508 [TScriptEngine] INFO  JobRequest
 - STEP 133: S3b65a20d1728462982dfa724387e33d5 (11/22) - (30/42)
 - [11] IfElse


2023-07-27 16:02:25,524 [TScriptEngine] INFO  JobRequest
 - STEP 134: S7a2932eec89a4bd2aa1dffc77fbd6dcd (12/22) - (30/42)
 - [12] SetCheckState


2023-07-27 16:02:26,386 [T23] DEBUG UIAEventHandler
UI Structure Changed Count: 0

2023-07-27 16:02:26,386 [T23] INFO  UIAEventHandler
waiting for 820 msec during the screen structure is changing.

2023-07-27 16:02:26,768 [T23] DEBUG UIAEventHandler
UI Structure Changed Count: 0

2023-07-27 16:02:26,768 [T23] INFO  UIAEventHandler
waiting for 80 msec during the screen structure is changing.

2023-07-27 16:02:26,784 [TScriptEngine] INFO  JobRequest
 - STEP 135: Sbe2e029680ab45558a37f1a750c43f84 (18/22) - (30/42)
 - [18] End-IfElse


2023-07-27 16:02:26,800 [TScriptEngine] INFO  JobRequest
 - STEP 136: S0c44654008c841159a0058b09345b194 (6/22) - (30/42)
 - [6] Assign


2023-07-27 16:02:26,816 [TScriptEngine] INFO  JobRequest
 - STEP 137: S38ee26c734ba4065a38d010e1e2333f6 (7/22) - (30/42)
 - [7] IfThen


2023-07-27 16:02:26,832 [TScriptEngine] INFO  JobRequest
 - STEP 138: S9aeeb04b93fe4f1a99b1184bb23bad96 (9/22) - (30/42)
 - [9] End-IfThen


2023-07-27 16:02:26,847 [TScriptEngine] INFO  JobRequest
 - STEP 139: Sca9dfcf1158042f1a12447b12fe1352d (10/22) - (30/42)
 - [10] GetCheckState


2023-07-27 16:02:27,662 [T21] DEBUG UIAEventHandler
UI Structure Changed Count: 0

2023-07-27 16:02:27,662 [T21] INFO  UIAEventHandler
waiting for 772 msec during the screen structure is changing.

2023-07-27 16:02:28,028 [T21] DEBUG UIAEventHandler
UI Structure Changed Count: 0

2023-07-27 16:02:28,028 [T21] INFO  UIAEventHandler
waiting for 78 msec during the screen structure is changing.

2023-07-27 16:02:28,044 [TScriptEngine] INFO  JobRequest
 - STEP 140: S3b65a20d1728462982dfa724387e33d5 (11/22) - (30/42)
 - [11] IfElse


2023-07-27 16:02:28,060 [TScriptEngine] INFO  JobRequest
 - STEP 141: S04c8d9afda404805b5a11e15b84a7a19 (13/22) - (30/42)
 - [13] Else


2023-07-27 16:02:28,076 [TScriptEngine] INFO  JobRequest
 - STEP 142: Sf9c2eb83c18a41aa8c3669d7b5462bcf (14/22) - (30/42)
 - [14] IfElse


2023-07-27 16:02:28,092 [TScriptEngine] INFO  JobRequest
 - STEP 143: S1cc578f57e934a87b7048a3f280ed642 (16/22) - (30/42)
 - [16] Else


2023-07-27 16:02:28,108 [TScriptEngine] INFO  JobRequest
 - STEP 144: S1fc299ff59bc497c8a1953a042d51934 (17/22) - (30/42)
 - [17] End-IfElse


2023-07-27 16:02:28,124 [TScriptEngine] INFO  JobRequest
 - STEP 145: Sbe2e029680ab45558a37f1a750c43f84 (18/22) - (30/42)
 - [18] End-IfElse


2023-07-27 16:02:28,140 [TScriptEngine] INFO  JobRequest
 - STEP 146: S0c44654008c841159a0058b09345b194 (6/22) - (30/42)
 - [6] Assign


2023-07-27 16:02:28,156 [TScriptEngine] INFO  JobRequest
 - STEP 147: S38ee26c734ba4065a38d010e1e2333f6 (7/22) - (30/42)
 - [7] IfThen


2023-07-27 16:02:28,172 [TScriptEngine] INFO  JobRequest
 - STEP 148: S9aeeb04b93fe4f1a99b1184bb23bad96 (9/22) - (30/42)
 - [9] End-IfThen


2023-07-27 16:02:28,188 [TScriptEngine] INFO  JobRequest
 - STEP 149: Sca9dfcf1158042f1a12447b12fe1352d (10/22) - (30/42)
 - [10] GetCheckState


2023-07-27 16:02:28,935 [T17] DEBUG UIAEventHandler
UI Structure Changed Count: 0

2023-07-27 16:02:28,935 [T17] INFO  UIAEventHandler
waiting for 700 msec during the screen structure is changing.

2023-07-27 16:02:29,333 [T17] DEBUG UIAEventHandler
UI Structure Changed Count: 0

2023-07-27 16:02:29,333 [T17] INFO  UIAEventHandler
waiting for 101 msec during the screen structure is changing.

2023-07-27 16:02:29,349 [TScriptEngine] INFO  JobRequest
 - STEP 150: S3b65a20d1728462982dfa724387e33d5 (11/22) - (30/42)
 - [11] IfElse


2023-07-27 16:02:29,365 [TScriptEngine] INFO  JobRequest
 - STEP 151: S04c8d9afda404805b5a11e15b84a7a19 (13/22) - (30/42)
 - [13] Else


2023-07-27 16:02:29,381 [TScriptEngine] INFO  JobRequest
 - STEP 152: Sf9c2eb83c18a41aa8c3669d7b5462bcf (14/22) - (30/42)
 - [14] IfElse


2023-07-27 16:02:29,397 [TScriptEngine] INFO  JobRequest
 - STEP 153: S3f4b9dd0e7c247d48ca7c98fa14cb3aa (15/22) - (30/42)
 - [15] SetCheckState


2023-07-27 16:02:30,241 [T21] DEBUG UIAEventHandler
UI Structure Changed Count: 0

2023-07-27 16:02:30,241 [T21] INFO  UIAEventHandler
waiting for 802 msec during the screen structure is changing.

2023-07-27 16:02:30,561 [TScriptEngine] INFO  JobRequest
 - STEP 154: S1fc299ff59bc497c8a1953a042d51934 (17/22) - (30/42)
 - [17] End-IfElse


2023-07-27 16:02:30,577 [TScriptEngine] INFO  JobRequest
 - STEP 155: Sbe2e029680ab45558a37f1a750c43f84 (18/22) - (30/42)
 - [18] End-IfElse


2023-07-27 16:02:30,593 [TScriptEngine] INFO  JobRequest
 - STEP 156: S0c44654008c841159a0058b09345b194 (6/22) - (30/42)
 - [6] Assign


2023-07-27 16:02:30,609 [TScriptEngine] INFO  JobRequest
 - STEP 157: S38ee26c734ba4065a38d010e1e2333f6 (7/22) - (30/42)
 - [7] IfThen


2023-07-27 16:02:30,625 [TScriptEngine] INFO  JobRequest
 - STEP 158: S9aeeb04b93fe4f1a99b1184bb23bad96 (9/22) - (30/42)
 - [9] End-IfThen


2023-07-27 16:02:30,641 [TScriptEngine] INFO  JobRequest
 - STEP 159: Sca9dfcf1158042f1a12447b12fe1352d (10/22) - (30/42)
 - [10] GetCheckState


2023-07-27 16:02:31,549 [T17] DEBUG UIAEventHandler
UI Structure Changed Count: 0

2023-07-27 16:02:31,549 [T17] INFO  UIAEventHandler
waiting for 865 msec during the screen structure is changing.

2023-07-27 16:02:31,933 [T17] DEBUG UIAEventHandler
UI Structure Changed Count: 0

2023-07-27 16:02:31,933 [T17] INFO  UIAEventHandler
waiting for 83 msec during the screen structure is changing.

2023-07-27 16:02:31,949 [TScriptEngine] INFO  JobRequest
 - STEP 160: S3b65a20d1728462982dfa724387e33d5 (11/22) - (30/42)
 - [11] IfElse


2023-07-27 16:02:31,965 [TScriptEngine] INFO  JobRequest
 - STEP 161: S04c8d9afda404805b5a11e15b84a7a19 (13/22) - (30/42)
 - [13] Else


2023-07-27 16:02:31,981 [TScriptEngine] INFO  JobRequest
 - STEP 162: Sf9c2eb83c18a41aa8c3669d7b5462bcf (14/22) - (30/42)
 - [14] IfElse


2023-07-27 16:02:31,997 [TScriptEngine] INFO  JobRequest
 - STEP 163: S1cc578f57e934a87b7048a3f280ed642 (16/22) - (30/42)
 - [16] Else


2023-07-27 16:02:32,013 [TScriptEngine] INFO  JobRequest
 - STEP 164: S1fc299ff59bc497c8a1953a042d51934 (17/22) - (30/42)
 - [17] End-IfElse


2023-07-27 16:02:32,029 [TScriptEngine] INFO  JobRequest
 - STEP 165: Sbe2e029680ab45558a37f1a750c43f84 (18/22) - (30/42)
 - [18] End-IfElse


2023-07-27 16:02:32,045 [TScriptEngine] INFO  JobRequest
 - STEP 166: S0c44654008c841159a0058b09345b194 (6/22) - (30/42)
 - [6] Assign


2023-07-27 16:02:32,061 [TScriptEngine] INFO  JobRequest
 - STEP 167: S38ee26c734ba4065a38d010e1e2333f6 (7/22) - (30/42)
 - [7] IfThen


2023-07-27 16:02:32,077 [TScriptEngine] INFO  JobRequest
 - STEP 168: S9aeeb04b93fe4f1a99b1184bb23bad96 (9/22) - (30/42)
 - [9] End-IfThen


2023-07-27 16:02:32,093 [TScriptEngine] INFO  JobRequest
 - STEP 169: Sca9dfcf1158042f1a12447b12fe1352d (10/22) - (30/42)
 - [10] GetCheckState


2023-07-27 16:02:32,822 [T6] DEBUG UIAEventHandler
UI Structure Changed Count: 0

2023-07-27 16:02:32,822 [T6] INFO  UIAEventHandler
waiting for 677 msec during the screen structure is changing.

2023-07-27 16:02:33,227 [T6] DEBUG UIAEventHandler
UI Structure Changed Count: 0

2023-07-27 16:02:33,227 [T6] INFO  UIAEventHandler
waiting for 108 msec during the screen structure is changing.

2023-07-27 16:02:33,243 [TScriptEngine] INFO  JobRequest
 - STEP 170: S3b65a20d1728462982dfa724387e33d5 (11/22) - (30/42)
 - [11] IfElse


2023-07-27 16:02:33,258 [TScriptEngine] INFO  JobRequest
 - STEP 171: S7a2932eec89a4bd2aa1dffc77fbd6dcd (12/22) - (30/42)
 - [12] SetCheckState


2023-07-27 16:02:34,131 [T25] DEBUG UIAEventHandler
UI Structure Changed Count: 0

2023-07-27 16:02:34,131 [T25] INFO  UIAEventHandler
waiting for 831 msec during the screen structure is changing.

2023-07-27 16:02:34,508 [T25] DEBUG UIAEventHandler
UI Structure Changed Count: 0

2023-07-27 16:02:34,508 [T25] INFO  UIAEventHandler
waiting for 80 msec during the screen structure is changing.

2023-07-27 16:02:34,524 [TScriptEngine] INFO  JobRequest
 - STEP 172: Sbe2e029680ab45558a37f1a750c43f84 (18/22) - (30/42)
 - [18] End-IfElse


2023-07-27 16:02:34,540 [TScriptEngine] INFO  JobRequest
 - STEP 173: S0c44654008c841159a0058b09345b194 (6/22) - (30/42)
 - [6] Assign


2023-07-27 16:02:34,556 [TScriptEngine] INFO  JobRequest
 - STEP 174: S38ee26c734ba4065a38d010e1e2333f6 (7/22) - (30/42)
 - [7] IfThen


2023-07-27 16:02:34,572 [TScriptEngine] INFO  JobRequest
 - STEP 175: S9aeeb04b93fe4f1a99b1184bb23bad96 (9/22) - (30/42)
 - [9] End-IfThen


2023-07-27 16:02:34,588 [TScriptEngine] INFO  JobRequest
 - STEP 176: Sca9dfcf1158042f1a12447b12fe1352d (10/22) - (30/42)
 - [10] GetCheckState


2023-07-27 16:02:35,402 [T12] DEBUG UIAEventHandler
UI Structure Changed Count: 0

2023-07-27 16:02:35,402 [T12] INFO  UIAEventHandler
waiting for 769 msec during the screen structure is changing.

2023-07-27 16:02:35,784 [T12] DEBUG UIAEventHandler
UI Structure Changed Count: 0

2023-07-27 16:02:35,784 [T12] INFO  UIAEventHandler
waiting for 83 msec during the screen structure is changing.

2023-07-27 16:02:35,800 [TScriptEngine] INFO  JobRequest
 - STEP 177: S3b65a20d1728462982dfa724387e33d5 (11/22) - (30/42)
 - [11] IfElse


2023-07-27 16:02:35,816 [TScriptEngine] INFO  JobRequest
 - STEP 178: S04c8d9afda404805b5a11e15b84a7a19 (13/22) - (30/42)
 - [13] Else


2023-07-27 16:02:35,832 [TScriptEngine] INFO  JobRequest
 - STEP 179: Sf9c2eb83c18a41aa8c3669d7b5462bcf (14/22) - (30/42)
 - [14] IfElse


2023-07-27 16:02:35,848 [TScriptEngine] INFO  JobRequest
 - STEP 180: S1cc578f57e934a87b7048a3f280ed642 (16/22) - (30/42)
 - [16] Else


2023-07-27 16:02:35,864 [TScriptEngine] INFO  JobRequest
 - STEP 181: S1fc299ff59bc497c8a1953a042d51934 (17/22) - (30/42)
 - [17] End-IfElse


2023-07-27 16:02:35,880 [TScriptEngine] INFO  JobRequest
 - STEP 182: Sbe2e029680ab45558a37f1a750c43f84 (18/22) - (30/42)
 - [18] End-IfElse


2023-07-27 16:02:35,896 [TScriptEngine] INFO  JobRequest
 - STEP 183: S5d556b9be2184d659971025951e5ee3b (20/22) - (30/42)
 - [20] End-Foreach


2023-07-27 16:02:35,912 [TScriptEngine] INFO  JobRequest
 - STEP 184: S5cd83eca9a6a4f028a620b67e88dd5ef (5/22) - (30/42)
 - [5] Foreach


2023-07-27 16:02:35,928 [TScriptEngine] INFO  JobRequest
 - STEP 185: S0c44654008c841159a0058b09345b194 (6/22) - (30/42)
 - [6] Assign


2023-07-27 16:02:35,944 [TScriptEngine] INFO  JobRequest
 - STEP 186: S38ee26c734ba4065a38d010e1e2333f6 (7/22) - (30/42)
 - [7] IfThen


2023-07-27 16:02:35,960 [TScriptEngine] INFO  JobRequest
 - STEP 187: S9aeeb04b93fe4f1a99b1184bb23bad96 (9/22) - (30/42)
 - [9] End-IfThen


2023-07-27 16:02:35,976 [TScriptEngine] INFO  JobRequest
 - STEP 188: Sca9dfcf1158042f1a12447b12fe1352d (10/22) - (30/42)
 - [10] GetCheckState


2023-07-27 16:02:36,678 [T21] DEBUG UIAEventHandler
UI Structure Changed Count: 0

2023-07-27 16:02:36,678 [T21] INFO  UIAEventHandler
waiting for 657 msec during the screen structure is changing.

2023-07-27 16:02:37,062 [T21] DEBUG UIAEventHandler
UI Structure Changed Count: 0

2023-07-27 16:02:37,062 [T21] INFO  UIAEventHandler
waiting for 83 msec during the screen structure is changing.

2023-07-27 16:02:37,078 [TScriptEngine] INFO  JobRequest
 - STEP 189: S3b65a20d1728462982dfa724387e33d5 (11/22) - (30/42)
 - [11] IfElse


2023-07-27 16:02:37,094 [TScriptEngine] INFO  JobRequest
 - STEP 190: S04c8d9afda404805b5a11e15b84a7a19 (13/22) - (30/42)
 - [13] Else


2023-07-27 16:02:37,110 [TScriptEngine] INFO  JobRequest
 - STEP 191: Sf9c2eb83c18a41aa8c3669d7b5462bcf (14/22) - (30/42)
 - [14] IfElse


2023-07-27 16:02:37,126 [TScriptEngine] INFO  JobRequest
 - STEP 192: S1cc578f57e934a87b7048a3f280ed642 (16/22) - (30/42)
 - [16] Else


2023-07-27 16:02:37,141 [TScriptEngine] INFO  JobRequest
 - STEP 193: S1fc299ff59bc497c8a1953a042d51934 (17/22) - (30/42)
 - [17] End-IfElse


2023-07-27 16:02:37,156 [TScriptEngine] INFO  JobRequest
 - STEP 194: Sbe2e029680ab45558a37f1a750c43f84 (18/22) - (30/42)
 - [18] End-IfElse


2023-07-27 16:02:37,172 [TScriptEngine] INFO  JobRequest
 - STEP 195: S0c44654008c841159a0058b09345b194 (6/22) - (30/42)
 - [6] Assign


2023-07-27 16:02:37,188 [TScriptEngine] INFO  JobRequest
 - STEP 196: S38ee26c734ba4065a38d010e1e2333f6 (7/22) - (30/42)
 - [7] IfThen


2023-07-27 16:02:37,204 [TScriptEngine] INFO  JobRequest
 - STEP 197: S9aeeb04b93fe4f1a99b1184bb23bad96 (9/22) - (30/42)
 - [9] End-IfThen


2023-07-27 16:02:37,219 [TScriptEngine] INFO  JobRequest
 - STEP 198: Sca9dfcf1158042f1a12447b12fe1352d (10/22) - (30/42)
 - [10] GetCheckState


2023-07-27 16:02:37,962 [T23] DEBUG UIAEventHandler
UI Structure Changed Count: 0

2023-07-27 16:02:37,962 [T23] INFO  UIAEventHandler
waiting for 688 msec during the screen structure is changing.

2023-07-27 16:02:38,331 [T23] DEBUG UIAEventHandler
UI Structure Changed Count: 0

2023-07-27 16:02:38,331 [T23] INFO  UIAEventHandler
waiting for 79 msec during the screen structure is changing.

2023-07-27 16:02:38,347 [TScriptEngine] INFO  JobRequest
 - STEP 199: S3b65a20d1728462982dfa724387e33d5 (11/22) - (30/42)
 - [11] IfElse


2023-07-27 16:02:38,363 [TScriptEngine] INFO  JobRequest
 - STEP 200: S04c8d9afda404805b5a11e15b84a7a19 (13/22) - (30/42)
 - [13] Else


2023-07-27 16:02:38,379 [TScriptEngine] INFO  JobRequest
 - STEP 201: Sf9c2eb83c18a41aa8c3669d7b5462bcf (14/22) - (30/42)
 - [14] IfElse


2023-07-27 16:02:38,395 [TScriptEngine] INFO  JobRequest
 - STEP 202: S1cc578f57e934a87b7048a3f280ed642 (16/22) - (30/42)
 - [16] Else


2023-07-27 16:02:38,411 [TScriptEngine] INFO  JobRequest
 - STEP 203: S1fc299ff59bc497c8a1953a042d51934 (17/22) - (30/42)
 - [17] End-IfElse


2023-07-27 16:02:38,427 [TScriptEngine] INFO  JobRequest
 - STEP 204: Sbe2e029680ab45558a37f1a750c43f84 (18/22) - (30/42)
 - [18] End-IfElse


2023-07-27 16:02:38,443 [TScriptEngine] INFO  JobRequest
 - STEP 205: S0c44654008c841159a0058b09345b194 (6/22) - (30/42)
 - [6] Assign


2023-07-27 16:02:38,459 [TScriptEngine] INFO  JobRequest
 - STEP 206: S38ee26c734ba4065a38d010e1e2333f6 (7/22) - (30/42)
 - [7] IfThen


2023-07-27 16:02:38,475 [TScriptEngine] INFO  JobRequest
 - STEP 207: S9aeeb04b93fe4f1a99b1184bb23bad96 (9/22) - (30/42)
 - [9] End-IfThen


2023-07-27 16:02:38,491 [TScriptEngine] INFO  JobRequest
 - STEP 208: Sca9dfcf1158042f1a12447b12fe1352d (10/22) - (30/42)
 - [10] GetCheckState


2023-07-27 16:02:39,239 [T21] DEBUG UIAEventHandler
UI Structure Changed Count: 0

2023-07-27 16:02:39,239 [T21] INFO  UIAEventHandler
waiting for 691 msec during the screen structure is changing.

2023-07-27 16:02:39,653 [T21] DEBUG UIAEventHandler
UI Structure Changed Count: 0

2023-07-27 16:02:39,653 [T21] INFO  UIAEventHandler
waiting for 104 msec during the screen structure is changing.

2023-07-27 16:02:39,669 [TScriptEngine] INFO  JobRequest
 - STEP 209: S3b65a20d1728462982dfa724387e33d5 (11/22) - (30/42)
 - [11] IfElse


2023-07-27 16:02:39,685 [TScriptEngine] INFO  JobRequest
 - STEP 210: S04c8d9afda404805b5a11e15b84a7a19 (13/22) - (30/42)
 - [13] Else


2023-07-27 16:02:39,701 [TScriptEngine] INFO  JobRequest
 - STEP 211: Sf9c2eb83c18a41aa8c3669d7b5462bcf (14/22) - (30/42)
 - [14] IfElse


2023-07-27 16:02:39,717 [TScriptEngine] INFO  JobRequest
 - STEP 212: S3f4b9dd0e7c247d48ca7c98fa14cb3aa (15/22) - (30/42)
 - [15] SetCheckState


2023-07-27 16:02:40,543 [T23] DEBUG UIAEventHandler
UI Structure Changed Count: 0

2023-07-27 16:02:40,543 [T23] INFO  UIAEventHandler
waiting for 784 msec during the screen structure is changing.

2023-07-27 16:02:40,942 [T23] DEBUG UIAEventHandler
UI Structure Changed Count: 0

2023-07-27 16:02:40,942 [T23] INFO  UIAEventHandler
waiting for 101 msec during the screen structure is changing.

2023-07-27 16:02:40,958 [TScriptEngine] INFO  JobRequest
 - STEP 213: S1fc299ff59bc497c8a1953a042d51934 (17/22) - (30/42)
 - [17] End-IfElse


2023-07-27 16:02:40,973 [TScriptEngine] INFO  JobRequest
 - STEP 214: Sbe2e029680ab45558a37f1a750c43f84 (18/22) - (30/42)
 - [18] End-IfElse


2023-07-27 16:02:40,989 [TScriptEngine] INFO  JobRequest
 - STEP 215: S0c44654008c841159a0058b09345b194 (6/22) - (30/42)
 - [6] Assign


2023-07-27 16:02:41,005 [TScriptEngine] INFO  JobRequest
 - STEP 216: S38ee26c734ba4065a38d010e1e2333f6 (7/22) - (30/42)
 - [7] IfThen


2023-07-27 16:02:41,021 [TScriptEngine] INFO  JobRequest
 - STEP 217: S9aeeb04b93fe4f1a99b1184bb23bad96 (9/22) - (30/42)
 - [9] End-IfThen


2023-07-27 16:02:41,037 [TScriptEngine] INFO  JobRequest
 - STEP 218: Sca9dfcf1158042f1a12447b12fe1352d (10/22) - (30/42)
 - [10] GetCheckState


2023-07-27 16:02:41,847 [T12] DEBUG UIAEventHandler
UI Structure Changed Count: 0

2023-07-27 16:02:41,847 [T12] INFO  UIAEventHandler
waiting for 769 msec during the screen structure is changing.

2023-07-27 16:02:42,241 [T12] DEBUG UIAEventHandler
UI Structure Changed Count: 0

2023-07-27 16:02:42,241 [T12] INFO  UIAEventHandler
waiting for 93 msec during the screen structure is changing.

2023-07-27 16:02:42,257 [TScriptEngine] INFO  JobRequest
 - STEP 219: S3b65a20d1728462982dfa724387e33d5 (11/22) - (30/42)
 - [11] IfElse


2023-07-27 16:02:42,273 [TScriptEngine] INFO  JobRequest
 - STEP 220: S04c8d9afda404805b5a11e15b84a7a19 (13/22) - (30/42)
 - [13] Else


2023-07-27 16:02:42,289 [TScriptEngine] INFO  JobRequest
 - STEP 221: Sf9c2eb83c18a41aa8c3669d7b5462bcf (14/22) - (30/42)
 - [14] IfElse


2023-07-27 16:02:42,305 [TScriptEngine] INFO  JobRequest
 - STEP 222: S1cc578f57e934a87b7048a3f280ed642 (16/22) - (30/42)
 - [16] Else


2023-07-27 16:02:42,321 [TScriptEngine] INFO  JobRequest
 - STEP 223: S1fc299ff59bc497c8a1953a042d51934 (17/22) - (30/42)
 - [17] End-IfElse


2023-07-27 16:02:42,337 [TScriptEngine] INFO  JobRequest
 - STEP 224: Sbe2e029680ab45558a37f1a750c43f84 (18/22) - (30/42)
 - [18] End-IfElse


2023-07-27 16:02:42,353 [TScriptEngine] INFO  JobRequest
 - STEP 225: S0c44654008c841159a0058b09345b194 (6/22) - (30/42)
 - [6] Assign


2023-07-27 16:02:42,369 [TScriptEngine] INFO  JobRequest
 - STEP 226: S38ee26c734ba4065a38d010e1e2333f6 (7/22) - (30/42)
 - [7] IfThen


2023-07-27 16:02:42,385 [TScriptEngine] INFO  JobRequest
 - STEP 227: S9aeeb04b93fe4f1a99b1184bb23bad96 (9/22) - (30/42)
 - [9] End-IfThen


2023-07-27 16:02:42,401 [TScriptEngine] INFO  JobRequest
 - STEP 228: Sca9dfcf1158042f1a12447b12fe1352d (10/22) - (30/42)
 - [10] GetCheckState


2023-07-27 16:02:43,136 [T17] DEBUG UIAEventHandler
UI Structure Changed Count: 0

2023-07-27 16:02:43,136 [T17] INFO  UIAEventHandler
waiting for 684 msec during the screen structure is changing.

2023-07-27 16:02:43,504 [T17] DEBUG UIAEventHandler
UI Structure Changed Count: 0

2023-07-27 16:02:43,504 [T17] INFO  UIAEventHandler
waiting for 77 msec during the screen structure is changing.

2023-07-27 16:02:43,520 [TScriptEngine] INFO  JobRequest
 - STEP 229: S3b65a20d1728462982dfa724387e33d5 (11/22) - (30/42)
 - [11] IfElse


2023-07-27 16:02:43,536 [TScriptEngine] INFO  JobRequest
 - STEP 230: S04c8d9afda404805b5a11e15b84a7a19 (13/22) - (30/42)
 - [13] Else


2023-07-27 16:02:43,552 [TScriptEngine] INFO  JobRequest
 - STEP 231: Sf9c2eb83c18a41aa8c3669d7b5462bcf (14/22) - (30/42)
 - [14] IfElse


2023-07-27 16:02:43,568 [TScriptEngine] INFO  JobRequest
 - STEP 232: S1cc578f57e934a87b7048a3f280ed642 (16/22) - (30/42)
 - [16] Else


2023-07-27 16:02:43,584 [TScriptEngine] INFO  JobRequest
 - STEP 233: S1fc299ff59bc497c8a1953a042d51934 (17/22) - (30/42)
 - [17] End-IfElse


2023-07-27 16:02:43,600 [TScriptEngine] INFO  JobRequest
 - STEP 234: Sbe2e029680ab45558a37f1a750c43f84 (18/22) - (30/42)
 - [18] End-IfElse


2023-07-27 16:02:43,616 [TScriptEngine] INFO  JobRequest
 - STEP 235: S0c44654008c841159a0058b09345b194 (6/22) - (30/42)
 - [6] Assign


2023-07-27 16:02:43,632 [TScriptEngine] INFO  JobRequest
 - STEP 236: S38ee26c734ba4065a38d010e1e2333f6 (7/22) - (30/42)
 - [7] IfThen


2023-07-27 16:02:43,648 [TScriptEngine] INFO  JobRequest
 - STEP 237: S9aeeb04b93fe4f1a99b1184bb23bad96 (9/22) - (30/42)
 - [9] End-IfThen


2023-07-27 16:02:43,664 [TScriptEngine] INFO  JobRequest
 - STEP 238: Sca9dfcf1158042f1a12447b12fe1352d (10/22) - (30/42)
 - [10] GetCheckState


2023-07-27 16:02:44,414 [T6] DEBUG UIAEventHandler
UI Structure Changed Count: 0

2023-07-27 16:02:44,414 [T6] INFO  UIAEventHandler
waiting for 706 msec during the screen structure is changing.

2023-07-27 16:02:44,812 [T6] DEBUG UIAEventHandler
UI Structure Changed Count: 0

2023-07-27 16:02:44,812 [T6] INFO  UIAEventHandler
waiting for 103 msec during the screen structure is changing.

2023-07-27 16:02:44,828 [TScriptEngine] INFO  JobRequest
 - STEP 239: S3b65a20d1728462982dfa724387e33d5 (11/22) - (30/42)
 - [11] IfElse


2023-07-27 16:02:44,844 [TScriptEngine] INFO  JobRequest
 - STEP 240: S04c8d9afda404805b5a11e15b84a7a19 (13/22) - (30/42)
 - [13] Else


2023-07-27 16:02:44,860 [TScriptEngine] INFO  JobRequest
 - STEP 241: Sf9c2eb83c18a41aa8c3669d7b5462bcf (14/22) - (30/42)
 - [14] IfElse


2023-07-27 16:02:44,876 [TScriptEngine] INFO  JobRequest
 - STEP 242: S1cc578f57e934a87b7048a3f280ed642 (16/22) - (30/42)
 - [16] Else


2023-07-27 16:02:44,892 [TScriptEngine] INFO  JobRequest
 - STEP 243: S1fc299ff59bc497c8a1953a042d51934 (17/22) - (30/42)
 - [17] End-IfElse


2023-07-27 16:02:44,907 [TScriptEngine] INFO  JobRequest
 - STEP 244: Sbe2e029680ab45558a37f1a750c43f84 (18/22) - (30/42)
 - [18] End-IfElse


2023-07-27 16:02:44,922 [TScriptEngine] INFO  JobRequest
 - STEP 245: S5d556b9be2184d659971025951e5ee3b (20/22) - (30/42)
 - [20] End-Foreach


2023-07-27 16:02:44,938 [TScriptEngine] INFO  JobRequest
 - STEP 246: S5cd83eca9a6a4f028a620b67e88dd5ef (5/22) - (30/42)
 - [5] Foreach


2023-07-27 16:02:44,953 [TScriptEngine] INFO  JobRequest
 - STEP 247: S0c44654008c841159a0058b09345b194 (6/22) - (30/42)
 - [6] Assign


2023-07-27 16:02:44,968 [TScriptEngine] INFO  JobRequest
 - STEP 248: S38ee26c734ba4065a38d010e1e2333f6 (7/22) - (30/42)
 - [7] IfThen


2023-07-27 16:02:44,984 [TScriptEngine] INFO  JobRequest
 - STEP 249: S66dc504a908c4744a108a419457f860e (8/22) - (30/42)
 - [8] Continue


2023-07-27 16:02:44,999 [TScriptEngine] INFO  JobRequest
 - STEP 250: S0c44654008c841159a0058b09345b194 (6/22) - (30/42)
 - [6] Assign


2023-07-27 16:02:45,014 [TScriptEngine] INFO  JobRequest
 - STEP 251: S38ee26c734ba4065a38d010e1e2333f6 (7/22) - (30/42)
 - [7] IfThen


2023-07-27 16:02:45,030 [TScriptEngine] INFO  JobRequest
 - STEP 252: S66dc504a908c4744a108a419457f860e (8/22) - (30/42)
 - [8] Continue


2023-07-27 16:02:45,046 [TScriptEngine] INFO  JobRequest
 - STEP 253: S0c44654008c841159a0058b09345b194 (6/22) - (30/42)
 - [6] Assign


2023-07-27 16:02:45,062 [TScriptEngine] INFO  JobRequest
 - STEP 254: S38ee26c734ba4065a38d010e1e2333f6 (7/22) - (30/42)
 - [7] IfThen


2023-07-27 16:02:45,078 [TScriptEngine] INFO  JobRequest
 - STEP 255: S66dc504a908c4744a108a419457f860e (8/22) - (30/42)
 - [8] Continue


2023-07-27 16:02:45,094 [TScriptEngine] INFO  JobRequest
 - STEP 256: S0c44654008c841159a0058b09345b194 (6/22) - (30/42)
 - [6] Assign


2023-07-27 16:02:45,110 [TScriptEngine] INFO  JobRequest
 - STEP 257: S38ee26c734ba4065a38d010e1e2333f6 (7/22) - (30/42)
 - [7] IfThen


2023-07-27 16:02:45,125 [TScriptEngine] INFO  JobRequest
 - STEP 258: S9aeeb04b93fe4f1a99b1184bb23bad96 (9/22) - (30/42)
 - [9] End-IfThen


2023-07-27 16:02:45,141 [TScriptEngine] INFO  JobRequest
 - STEP 259: Sca9dfcf1158042f1a12447b12fe1352d (10/22) - (30/42)
 - [10] GetCheckState


2023-07-27 16:02:45,714 [T21] DEBUG UIAEventHandler
UI Structure Changed Count: 0

2023-07-27 16:02:45,714 [T21] INFO  UIAEventHandler
waiting for 530 msec during the screen structure is changing.

2023-07-27 16:02:46,098 [T21] DEBUG UIAEventHandler
UI Structure Changed Count: 0

2023-07-27 16:02:46,098 [T21] INFO  UIAEventHandler
waiting for 81 msec during the screen structure is changing.

2023-07-27 16:02:46,114 [TScriptEngine] INFO  JobRequest
 - STEP 260: S3b65a20d1728462982dfa724387e33d5 (11/22) - (30/42)
 - [11] IfElse


2023-07-27 16:02:46,130 [TScriptEngine] INFO  JobRequest
 - STEP 261: S04c8d9afda404805b5a11e15b84a7a19 (13/22) - (30/42)
 - [13] Else


2023-07-27 16:02:46,146 [TScriptEngine] INFO  JobRequest
 - STEP 262: Sf9c2eb83c18a41aa8c3669d7b5462bcf (14/22) - (30/42)
 - [14] IfElse


2023-07-27 16:02:46,162 [TScriptEngine] INFO  JobRequest
 - STEP 263: S1cc578f57e934a87b7048a3f280ed642 (16/22) - (30/42)
 - [16] Else


2023-07-27 16:02:46,178 [TScriptEngine] INFO  JobRequest
 - STEP 264: S1fc299ff59bc497c8a1953a042d51934 (17/22) - (30/42)
 - [17] End-IfElse


2023-07-27 16:02:46,194 [TScriptEngine] INFO  JobRequest
 - STEP 265: Sbe2e029680ab45558a37f1a750c43f84 (18/22) - (30/42)
 - [18] End-IfElse


2023-07-27 16:02:46,210 [TScriptEngine] INFO  JobRequest
 - STEP 266: S0c44654008c841159a0058b09345b194 (6/22) - (30/42)
 - [6] Assign


2023-07-27 16:02:46,226 [TScriptEngine] INFO  JobRequest
 - STEP 267: S38ee26c734ba4065a38d010e1e2333f6 (7/22) - (30/42)
 - [7] IfThen


2023-07-27 16:02:46,242 [TScriptEngine] INFO  JobRequest
 - STEP 268: S9aeeb04b93fe4f1a99b1184bb23bad96 (9/22) - (30/42)
 - [9] End-IfThen


2023-07-27 16:02:46,258 [TScriptEngine] INFO  JobRequest
 - STEP 269: Sca9dfcf1158042f1a12447b12fe1352d (10/22) - (30/42)
 - [10] GetCheckState


2023-07-27 16:02:46,993 [T25] DEBUG UIAEventHandler
UI Structure Changed Count: 0

2023-07-27 16:02:46,993 [T25] INFO  UIAEventHandler
waiting for 685 msec during the screen structure is changing.

2023-07-27 16:02:47,389 [T25] DEBUG UIAEventHandler
UI Structure Changed Count: 0

2023-07-27 16:02:47,389 [T25] INFO  UIAEventHandler
waiting for 80 msec during the screen structure is changing.

2023-07-27 16:02:47,405 [TScriptEngine] INFO  JobRequest
 - STEP 270: S3b65a20d1728462982dfa724387e33d5 (11/22) - (30/42)
 - [11] IfElse


2023-07-27 16:02:47,421 [TScriptEngine] INFO  JobRequest
 - STEP 271: S04c8d9afda404805b5a11e15b84a7a19 (13/22) - (30/42)
 - [13] Else


2023-07-27 16:02:47,437 [TScriptEngine] INFO  JobRequest
 - STEP 272: Sf9c2eb83c18a41aa8c3669d7b5462bcf (14/22) - (30/42)
 - [14] IfElse


2023-07-27 16:02:47,453 [TScriptEngine] INFO  JobRequest
 - STEP 273: S1cc578f57e934a87b7048a3f280ed642 (16/22) - (30/42)
 - [16] Else


2023-07-27 16:02:47,469 [TScriptEngine] INFO  JobRequest
 - STEP 274: S1fc299ff59bc497c8a1953a042d51934 (17/22) - (30/42)
 - [17] End-IfElse


2023-07-27 16:02:47,485 [TScriptEngine] INFO  JobRequest
 - STEP 275: Sbe2e029680ab45558a37f1a750c43f84 (18/22) - (30/42)
 - [18] End-IfElse


2023-07-27 16:02:47,500 [TScriptEngine] INFO  JobRequest
 - STEP 276: S0c44654008c841159a0058b09345b194 (6/22) - (30/42)
 - [6] Assign


2023-07-27 16:02:47,516 [TScriptEngine] INFO  JobRequest
 - STEP 277: S38ee26c734ba4065a38d010e1e2333f6 (7/22) - (30/42)
 - [7] IfThen


2023-07-27 16:02:47,531 [TScriptEngine] INFO  JobRequest
 - STEP 278: S9aeeb04b93fe4f1a99b1184bb23bad96 (9/22) - (30/42)
 - [9] End-IfThen


2023-07-27 16:02:47,547 [TScriptEngine] INFO  JobRequest
 - STEP 279: Sca9dfcf1158042f1a12447b12fe1352d (10/22) - (30/42)
 - [10] GetCheckState


2023-07-27 16:02:48,287 [T5] DEBUG UIAEventHandler
UI Structure Changed Count: 0

2023-07-27 16:02:48,287 [T5] INFO  UIAEventHandler
waiting for 697 msec during the screen structure is changing.

2023-07-27 16:02:48,671 [T5] DEBUG UIAEventHandler
UI Structure Changed Count: 0

2023-07-27 16:02:48,671 [T5] INFO  UIAEventHandler
waiting for 84 msec during the screen structure is changing.

2023-07-27 16:02:48,687 [TScriptEngine] INFO  JobRequest
 - STEP 280: S3b65a20d1728462982dfa724387e33d5 (11/22) - (30/42)
 - [11] IfElse


2023-07-27 16:02:48,703 [TScriptEngine] INFO  JobRequest
 - STEP 281: S04c8d9afda404805b5a11e15b84a7a19 (13/22) - (30/42)
 - [13] Else


2023-07-27 16:02:48,719 [TScriptEngine] INFO  JobRequest
 - STEP 282: Sf9c2eb83c18a41aa8c3669d7b5462bcf (14/22) - (30/42)
 - [14] IfElse


2023-07-27 16:02:48,735 [TScriptEngine] INFO  JobRequest
 - STEP 283: S1cc578f57e934a87b7048a3f280ed642 (16/22) - (30/42)
 - [16] Else


2023-07-27 16:02:48,751 [TScriptEngine] INFO  JobRequest
 - STEP 284: S1fc299ff59bc497c8a1953a042d51934 (17/22) - (30/42)
 - [17] End-IfElse


2023-07-27 16:02:48,766 [TScriptEngine] INFO  JobRequest
 - STEP 285: Sbe2e029680ab45558a37f1a750c43f84 (18/22) - (30/42)
 - [18] End-IfElse


2023-07-27 16:02:48,781 [TScriptEngine] INFO  JobRequest
 - STEP 286: S5d556b9be2184d659971025951e5ee3b (20/22) - (30/42)
 - [20] End-Foreach


2023-07-27 16:02:48,797 [TScriptEngine] INFO  JobRequest
 - STEP 287: Scbc7f427a6f24c428447dbb3ba3fb3a0 (21/22) - (31/42)
 - [21] End-Foreach


2023-07-27 16:02:48,812 [TScriptEngine] INFO  JobRequest
 - STEP 288: S209aa91c4c10415db999a8faa777042c (22/22) - (32/42)
 - [22] Click


2023-07-27 16:02:49,559 [T23] DEBUG UIAEventHandler
UI Structure Changed Count: 0

2023-07-27 16:02:49,559 [T23] INFO  UIAEventHandler
waiting for 706 msec during the screen structure is changing.

2023-07-27 16:02:49,779 [T23] DEBUG UIAEventHandler
UI Structure Changed Count: 0

2023-07-27 16:02:49,779 [T23] INFO  UIAEventHandler
waiting for 104 msec during the screen structure is changing.

2023-07-27 16:02:50,363 [TScriptEngine] INFO  JobRunner
[PASS] TASK: T_네이버_증권_시가총액_조건테이블선택

2023-07-27 16:02:50,364 [TScriptEngine] INFO  JobRequest
##############################################################
### STATE: EndTask - T_네이버_증권_시가총액_조건테이블선택
##############################################################
38a9216d-8da5-44cb-87ab-99a2aa42f081
T_네이버_증권_시가총액_조건테이블선택


2023-07-27 16:02:50,378 [TScriptEngine] INFO  JobRequest
**************************************************************
*** TASK: P_데이터추출
**************************************************************
 - STEP 289: S87bad1e3a22b489896cbb59ab31c3677 (5/5) - (33/42)
 - [5] RunTask


2023-07-27 16:02:50,381 [TScriptEngine] INFO  JobRequest
##############################################################
### STATE: StartTask - T_네이버_증권_시가총액_데이터추출
##############################################################
338901b2-44ac-4d1a-86cd-2cbd06e02e71
T_네이버_증권_시가총액_데이터추출


2023-07-27 16:02:50,393 [TScriptEngine] INFO  JobRequest
**************************************************************
*** TASK: T_네이버_증권_시가총액_데이터추출
**************************************************************
 - STEP 290: Sb568bb2d955b41ab96130f48b24a61be (1/10) - (34/42)
 - [1] ChromeGetTableData


2023-07-27 16:02:51,709 [TScriptEngine] INFO  JobRequest
 - STEP 291: Sfdbc8233435643bca8d29d739f8e5035 (2/10) - (35/42)
 - [2] ExecuteScript


2023-07-27 16:02:52,492 [TScriptEngine] INFO  JobRequest
 - STEP 292: Sf606b33e5b3d4ffd84ac837c28a75a34 (3/10) - (36/42)
 - [3] CreateExcel


2023-07-27 16:03:09,191 [TScriptEngine] INFO  JobRequest
 - STEP 293: S1357c039a6b44f1f8b1e1f24071c66a5 (4/10) - (37/42)
 - [4] CloseAll


2023-07-27 16:03:09,201 [TScriptEngine] DEBUG UIAHelper
CloseAll: EXCEL.EXE

2023-07-27 16:03:10,229 [TScriptEngine] INFO  JobRequest
 - STEP 294: S32d60b9c3ed045e099e5e0192e993919 (5/10) - (38/42)
 - [5] OpenExcel


2023-07-27 16:03:12,500 [TScriptEngine] INFO  JobRequest
 - STEP 295: S5b695a7cd57f4543b03fef72e532da10 (6/10) - (39/42)
 - [6] CreateWorkSheet


2023-07-27 16:03:12,612 [TScriptEngine] INFO  JobRequest
 - STEP 296: S02605ae45464477d8c68cc5d127bb056 (8/10) - (40/42)
 - [8] WriteRange


2023-07-27 16:03:12,866 [TScriptEngine] INFO  JobRequest
 - STEP 297: Sad07b207d5fb481c94b65ddd742a67e9 (9/10) - (41/42)
 - [9] SaveExcel


2023-07-27 16:03:12,930 [TScriptEngine] INFO  JobRequest
 - STEP 298: S8204618ac8cf4ed49e06f750f7cd6583 (10/10) - (42/42)
 - [10] CloseExcel


2023-07-27 16:03:12,974 [TScriptEngine] DEBUG ExcelBase
DisposeExcel

2023-07-27 16:03:14,202 [TScriptEngine] INFO  JobRunner
[PASS] TASK: T_네이버_증권_시가총액_데이터추출

2023-07-27 16:03:14,203 [TScriptEngine] INFO  JobRequest
##############################################################
### STATE: EndTask - T_네이버_증권_시가총액_데이터추출
##############################################################
338901b2-44ac-4d1a-86cd-2cbd06e02e71
T_네이버_증권_시가총액_데이터추출


2023-07-27 16:03:14,203 [TScriptEngine] INFO  JobRunner
[PASS] TASK: P_데이터추출

2023-07-27 16:03:14,203 [TScriptEngine] INFO  JobRequest
##############################################################
### STATE: EndProcess - P_데이터추출
##############################################################
6eb09e20-8126-41d8-b582-8425b2d892b9
P_데이터추출


2023-07-27 16:03:14,216 [TScriptEngine] INFO  JobRunner
RunProcess - Job Result: {}

2023-07-27 16:03:14,217 [TScriptEngine] DEBUG JobManager
Set Result State: Completed

2023-07-27 16:03:14,219 [TScriptEngine] INFO  JobRunner
Make report.

2023-07-27 16:03:14,341 [TScriptEngine] INFO  JobRunner
Start to clean up resources.

2023-07-27 16:03:14,342 [T5] DEBUG JobRunner
Start timer for checking the job to be completed.

2023-07-27 16:03:14,342 [TScriptEngine] DEBUG JobRunner
OnProcessCompleted

2023-07-27 16:03:14,345 [TScriptEngine] INFO  JobRunner
Start to clean up resources.

2023-07-27 16:03:14,349 [TScriptEngine] DEBUG JobRunner
Remove all libraries

2023-07-27 16:03:14,351 [TScriptEngine] DEBUG NetPlayer
WebPlayer OnDispose

2023-07-27 16:03:14,356 [TScriptEngine] DEBUG WebPlayer
WebPlayer OnDispose : Do Nothing

2023-07-27 16:03:14,356 [TScriptEngine] DEBUG UIAEventHandler
Stop UIA event handler

2023-07-27 16:03:14,368 [TScriptEngine] DEBUG UiaAppHelper
WinHelper DisposeAppList Count: 0

2023-07-27 16:03:14,368 [TScriptEngine] INFO  JobRunner
All Resources Clear

2023-07-27 16:03:14,369 [TScriptEngine] DEBUG JobRunner
OnCompleted

2023-07-27 16:03:14,370 [TScriptEngine] DEBUG JobRunner
SendJobResult: Completed

2023-07-27 16:03:14,370 [TScriptEngine] INFO  JobRequest
##############################################################
### STATE: Completed
##############################################################
{}


2023-07-27 16:03:14,370 [TScriptEngine] INFO  JobRequest
Last job life cycle state: Completed

2023-07-27 16:03:14,370 [TScriptEngine] INFO  JobRequest
Update skipped current step informations.

2023-07-27 16:03:14,380 [T7] DEBUG JobRequest
Callback - State: Completed
{}

2023-07-27 16:03:14,384 [TScriptEngine] INFO  JobRequest
##############################################################
### JOB COMPLETED
##############################################################


2023-07-27 16:03:14,397 [T7] INFO  JobRequest
Callback - EngineClosed

2023-07-27 16:03:14,397 [T7] INFO  JobService
Disconnect agent service

2023-07-27 16:03:14,399 [T7] DEBUG JobRequest
End of Callback Sender

2023-07-27 16:03:14,412 [TScriptEngine] INFO  JobRunner
RunProcess end

2023-07-27 16:03:14,412 [T1] INFO  JobService
Exit - Shutdown Engine BOT

