2023-07-18 17:34:36,478 [T1] INFO  EngineStarter
BOT Engine Start - v3.0.100.00404
BOT ID: D_20230718_173435_838
BOT PID: 1324
BOT PPID: 16428
BOT Working Directory: C:\Users\USER\AppData\Roaming\Brity RPA Designer

2023-07-18 17:34:36,491 [T1] INFO  EngineStarter
System Language: ko-KR
Resolution: 1680 x 1050

2023-07-18 17:34:36,728 [T1] INFO  Config
Initialize Config

2023-07-18 17:34:36,760 [T1] DEBUG Config
Config Loaded

2023-07-18 17:34:36,766 [T1] INFO  Config
Orchestrator Service => https://bwrpa.samsungsds.com:8777

2023-07-18 17:34:36,770 [T1] INFO  Config
Initialize Resource Config

2023-07-18 17:34:36,800 [T1] DEBUG Config
Refresh Language Information

2023-07-18 17:34:36,857 [T1] INFO  Config
All Config Initialized.

2023-07-18 17:34:36,860 [T1] DEBUG KeyManager
Initialize KeyManager

2023-07-18 17:34:36,868 [T1] DEBUG KeyManager
Device ID is initialized.

2023-07-18 17:34:36,900 [T1] INFO  CertLicenseClient
Initialize certificate.

2023-07-18 17:34:36,905 [T1] DEBUG CertLicenseClient
Set Security Protocol: Tls12

2023-07-18 17:34:36,922 [T4] DEBUG JobService
Connect to agent service

2023-07-18 17:34:36,943 [T1] DEBUG ApplicationInitializer
InitMode: Thread

2023-07-18 17:34:36,950 [T1] INFO  LibraryManager
Load Libraries - Started

2023-07-18 17:34:36,951 [T4] DEBUG JobService
JobService URL : net.tcp://127.0.0.1:59001/rpa/agent

2023-07-18 17:34:36,951 [T4] DEBUG JobService
Open connection

2023-07-18 17:34:36,963 [T1] DEBUG AddInLoader
Load Assembly : IPA.Lib.Chrome

2023-07-18 17:34:36,963 [T4] DEBUG JobService
Register engine to agent

2023-07-18 17:34:36,976 [T4] DEBUG JobService
Engine is connected to agent service.

2023-07-18 17:34:36,976 [T4] DEBUG JobService
Owner Process PID: 16428

2023-07-18 17:34:36,982 [T4] INFO  JobService
Start monitoring owner process is terminated.

2023-07-18 17:34:37,157 [T1] DEBUG AddInLoader
Load Assembly : IPA.Lib.Desktop

2023-07-18 17:34:37,314 [T1] DEBUG AddInLoader
Load Assembly : IPA.Lib.Excel

2023-07-18 17:34:37,474 [T1] DEBUG AddInLoader
Load Assembly : IPA.Lib.Flow

2023-07-18 17:34:37,580 [T1] DEBUG AddInLoader
Load Assembly : IPA.Lib.IE

2023-07-18 17:34:37,673 [T1] DEBUG AddInLoader
Load Assembly : IPA.Lib.ImageConverter

2023-07-18 17:34:37,737 [T1] DEBUG AddInLoader
Load Assembly : IPA.Lib.ImageRecognition

2023-07-18 17:34:37,917 [T1] DEBUG AddInLoader
Load Assembly : IPA.Lib.Net

2023-07-18 17:34:37,990 [T1] DEBUG AddInLoader
Load Assembly : IPA.Lib.Orchestra

2023-07-18 17:34:38,074 [T1] DEBUG AddInLoader
Load Assembly : IPA.Lib.ProcessFlow

2023-07-18 17:34:38,163 [T1] DEBUG AddInLoader
Load Assembly : IPA.Lib.SAP

2023-07-18 17:34:38,240 [T1] DEBUG AddInLoader
Load Assembly : IPA.Lib.Web

2023-07-18 17:34:38,345 [T1] DEBUG AddInLoader
Load Assembly : IPA.Lib.Win

2023-07-18 17:34:38,460 [T1] INFO  ScreenCapture
Default Screen Capture Bounds: 0,0,1680,1050

2023-07-18 17:34:38,489 [T1] DEBUG AddInLoader
Load Assembly : BrityWorks.AddIn.Outlook

2023-07-18 17:34:38,604 [T1] DEBUG AddInLoader
Load Assembly : BrityWorks.AddIn.Pdf

2023-07-18 17:34:38,664 [T1] DEBUG LibraryManager
Load Library - Chrome

2023-07-18 17:34:38,667 [T1] DEBUG LibraryManager
Load Library - Desktop

2023-07-18 17:34:38,668 [T1] DEBUG LibraryManager
Load Library - Excel

2023-07-18 17:34:38,669 [T1] DEBUG LibraryManager
Load Library - Flow

2023-07-18 17:34:38,669 [T1] DEBUG LibraryManager
Load Library - IE

2023-07-18 17:34:38,670 [T1] DEBUG LibraryManager
Load Library - ImageConverter

2023-07-18 17:34:38,671 [T1] DEBUG LibraryManager
Load Library - ImageRecognition

2023-07-18 17:34:38,671 [T1] DEBUG LibraryManager
Load Library - Net

2023-07-18 17:34:38,672 [T1] DEBUG LibraryManager
Load Library - Orchestra

2023-07-18 17:34:38,673 [T1] DEBUG LibraryManager
Load Library - Outlook

2023-07-18 17:34:38,675 [T1] DEBUG LibraryManager
Load Library - Pdf

2023-07-18 17:34:38,675 [T1] DEBUG LibraryManager
Load Library - SAP

2023-07-18 17:34:38,676 [T1] DEBUG LibraryManager
Load Library - Web

2023-07-18 17:34:38,677 [T1] DEBUG LibraryManager
Load Library - Win

2023-07-18 17:34:38,677 [T1] DEBUG LibraryManager
Load Library - WorkFlow

2023-07-18 17:34:38,683 [T1] DEBUG LibraryManager
Load built-in script libraries

2023-07-18 17:34:38,831 [T1] INFO  LibraryManager
Load Libraries - Completed.

2023-07-18 17:34:38,842 [T1] INFO  App
Launch Arguments: Total: 6 |  -eid D_20230718_173435_838 -runtype ProcRunner -ppid 16428

2023-07-18 17:34:38,843 [T1] DEBUG Config
Refresh Language Information

2023-07-18 17:34:38,843 [T1] DEBUG LibraryManager
LibraryManager Initialized.

2023-07-18 17:34:56,011 [T8] INFO  JobService
Start Job: P_기초실습 (Foreground)
{
  "UsePIP": false,
  "UserID": null,
  "UserPWD": null,
  "IsRunning": false,
  "ResultMessage": null,
  "JobWorkDir": "F:\\[ECMEDU]\\BRITY\\기초실습\\Histories\\20230718_173455_P_기초실습_Designer_20230718_173455_454",
  "JobLogDir": "F:\\[ECMEDU]\\BRITY\\기초실습\\Histories\\20230718_173455_P_기초실습_Designer_20230718_173455_454\\Log",
  "JobScreenshotDir": "F:\\[ECMEDU]\\BRITY\\기초실습\\Histories\\20230718_173455_P_기초실습_Designer_20230718_173455_454\\Log\\Screenshot",
  "TotalProcessStepCount": 0,
  "CurrentStepNo": 0,
  "CurrentStepName": null,
  "StartTime": "2023-07-18 17:34:55",
  "EndTime": null,
  "Data": null,
  "EngineID": "D_20230718_173435_838",
  "EnginePID": 0,
  "EngineRecommededVersion": "",
  "JobId": "Designer_20230718_173455_454",
  "JobType": 1,
  "UserAuthentication": null,
  "ProcessPath": "F:\\[ECMEDU]\\BRITY\\기초실습\\P_기초실습.proc",
  "ProcessId": "c81d6938-f37b-4e37-8376-4e7b4ba19ed1",
  "ProcessVer": "",
  "ProcessArgs": null,
  "RequesterType": 3,
  "RequesterId": "designer",
  "RequesterPID": 16428,
  "OptionsJsonString": null,
  "TimeoutSec": 0,
  "State": 0
}

2023-07-18 17:34:56,141 [T6] DEBUG JobService
Waiting library loading...

2023-07-18 17:34:56,144 [T6] DEBUG Config
Reload User Settings

2023-07-18 17:34:56,146 [T6] INFO  JobService
Config Loading Completed.

2023-07-18 17:34:56,146 [T6] DEBUG JobService
Config Loading Time: 4 ms.

2023-07-18 17:34:56,153 [T6] INFO  JobManager
Create JobManager instance for job P_기초실습(Designer_20230718_173455_454)

2023-07-18 17:34:56,159 [T6] INFO  JobRequest
Job ID : Designer_20230718_173455_454
Project Path  : F:\[ECMEDU]\BRITY\기초실습\기초실습.proj
Process Name  : P_기초실습
Engine Mode   : Designer
Requester Type: DesignerRequester PID : 16428

2023-07-18 17:34:56,162 [T5] INFO  JobRequest
Start Callback Sender

2023-07-18 17:34:56,162 [T5] DEBUG JobRequest
Step Callback Interval: 500

2023-07-18 17:34:56,203 [T6] DEBUG ProjectManager
Set Project Information

2023-07-18 17:34:56,228 [T6] INFO  PlayOptionManager
PlayOption
- Step Interval : 1
- Disable DrawBounds : False
- Invoke First : False
- Allow Upload of DumpScreen results : False

2023-07-18 17:34:56,229 [T6] INFO  JobRunner
Initialize Script Engine

2023-07-18 17:34:56,244 [TScriptEngine] INFO  JobRequest
##############################################################
### STATE: Initializing
##############################################################


2023-07-18 17:34:56,266 [T5] DEBUG JobRequest
Callback - State: Initializing


2023-07-18 17:34:57,064 [TScriptEngine] INFO  JobRequest
##############################################################
### STATE: Ready
##############################################################


2023-07-18 17:34:57,069 [T5] DEBUG JobRequest
Callback - State: Ready


2023-07-18 17:34:57,074 [T6] INFO  JobRunnerHook
HotKey Hook Started

2023-07-18 17:34:57,075 [T6] INFO  JobRequest
##############################################################
### STATE: Starting
##############################################################


2023-07-18 17:34:57,076 [TScriptEngine] INFO  JobRunner
RunProcess start

2023-07-18 17:34:57,078 [TScriptEngine] INFO  JobRequest
##############################################################
### STATE: Running
##############################################################


2023-07-18 17:34:57,078 [TScriptEngine] INFO  JobRequest
Last job life cycle state: Running

2023-07-18 17:34:57,079 [T5] DEBUG JobRequest
Callback - State: Starting


2023-07-18 17:34:57,089 [T5] DEBUG JobRequest
Callback - State: Running


2023-07-18 17:34:58,088 [TScriptEngine] DEBUG ScreenCapture
DirectX Screen Capture Initialized.

2023-07-18 17:34:58,158 [TScriptEngine] DEBUG JobRunner
DirectX ScreenCapture Checked.

2023-07-18 17:34:58,182 [TScriptEngine] INFO  JobRequest
##############################################################
### STATE: StartProcess - P_기초실습
##############################################################
c81d6938-f37b-4e37-8376-4e7b4ba19ed1
P_기초실습


2023-07-18 17:34:58,228 [TScriptEngine] INFO  JobRequest
**************************************************************
*** TASK: P_기초실습
**************************************************************
 - STEP 1: S566c23facd5b420eb91176b61da200a3 (1/5) - (1/42)
 - [1] RunTask


2023-07-18 17:34:58,324 [TScriptEngine] INFO  JobRequest
##############################################################
### STATE: StartTask - T_네이버_열기
##############################################################
c03b96df-f8f2-4dcc-bfa1-1394c014750a
T_네이버_열기


2023-07-18 17:34:58,338 [TScriptEngine] INFO  JobRequest
**************************************************************
*** TASK: T_네이버_열기
**************************************************************
 - STEP 2: S5ccb91c989a846739f1f5b6b8f57d3d7 (1/1) - (2/42)
 - [1] ChromeOpen


2023-07-18 17:35:00,520 [T10] DEBUG ChromeRemoteConnect
GetRemoteBrowserUsingEndPoint Fail : 하나 이상의 오류가 발생했습니다.

2023-07-18 17:35:00,578 [T10] DEBUG ChromeCommonExtension
extension default locale empty

2023-07-18 17:35:00,747 [T10] DEBUG ChromeCommonExtension
extension default locale empty

2023-07-18 17:35:02,514 [TScriptEngine] INFO  JobRunner
[PASS] TASK: T_네이버_열기 => Microsoft.ClearScript.V8.V8ScriptItem

2023-07-18 17:35:02,529 [TScriptEngine] INFO  JobRequest
##############################################################
### STATE: EndTask - T_네이버_열기
##############################################################
c03b96df-f8f2-4dcc-bfa1-1394c014750a
T_네이버_열기


2023-07-18 17:35:02,540 [TScriptEngine] INFO  JobRequest
**************************************************************
*** TASK: P_기초실습
**************************************************************
 - STEP 3: S098d7172ff9d40d59581aae0ec75712f (2/5) - (3/42)
 - [2] RunTask


2023-07-18 17:35:02,547 [TScriptEngine] INFO  JobRequest
##############################################################
### STATE: StartTask - T_네이버_증권이동
##############################################################
65b365d1-2ebc-4a62-be15-69acc4924452
T_네이버_증권이동


2023-07-18 17:35:02,549 [TScriptEngine] INFO  JobRequest
**************************************************************
*** TASK: T_네이버_증권이동
**************************************************************
 - STEP 4: Sb66ffd4fa1de4ddc9b20425b05c9f191 (1/2) - (4/42)
 - [1] WaitAppear


2023-07-18 17:35:03,708 [T25] INFO  UIAEventHandler
Start UIA event handler

2023-07-18 17:35:04,712 [T25] DEBUG UIAEventHandler
UI Structure Changed Count: 0

2023-07-18 17:35:04,712 [T25] INFO  UIAEventHandler
waiting for 937 msec during the screen structure is changing.

2023-07-18 17:35:05,219 [T25] DEBUG UIAEventHandler
UI Structure Changed Count: 0

2023-07-18 17:35:05,219 [T25] INFO  UIAEventHandler
waiting for 102 msec during the screen structure is changing.

2023-07-18 17:35:05,244 [TScriptEngine] INFO  JobRequest
 - STEP 5: S29df0de63318453ea4741d8a4e315afa (2/2) - (5/42)
 - [2] Click


2023-07-18 17:35:06,123 [T18] DEBUG UIAEventHandler
UI Structure Changed Count: 0

2023-07-18 17:35:06,123 [T18] INFO  UIAEventHandler
waiting for 817 msec during the screen structure is changing.

2023-07-18 17:35:06,507 [T18] DEBUG UIAEventHandler
UI Structure Changed Count: 0

2023-07-18 17:35:06,507 [T18] INFO  UIAEventHandler
waiting for 102 msec during the screen structure is changing.

2023-07-18 17:35:07,131 [TScriptEngine] INFO  JobRunner
[PASS] TASK: T_네이버_증권이동

2023-07-18 17:35:07,132 [TScriptEngine] INFO  JobRequest
##############################################################
### STATE: EndTask - T_네이버_증권이동
##############################################################
65b365d1-2ebc-4a62-be15-69acc4924452
T_네이버_증권이동


2023-07-18 17:35:07,135 [TScriptEngine] INFO  JobRequest
**************************************************************
*** TASK: P_기초실습
**************************************************************
 - STEP 6: S8fb7dfdbba904fbb8e117f5e67498e0f (3/5) - (6/42)
 - [3] RunTask


2023-07-18 17:35:07,139 [TScriptEngine] INFO  JobRequest
##############################################################
### STATE: StartTask - T_네이버_증권_시가총액이동
##############################################################
b3b6ceb1-4d67-4c53-a596-7625f734437e
T_네이버_증권_시가총액이동


2023-07-18 17:35:07,141 [TScriptEngine] INFO  JobRequest
**************************************************************
*** TASK: T_네이버_증권_시가총액이동
**************************************************************
 - STEP 7: S554cbe00ed864949a2775a61b86447e7 (1/4) - (7/42)
 - [1] WaitAppear


2023-07-18 17:35:08,395 [T19] DEBUG UIAEventHandler
UI Structure Changed Count: 0

2023-07-18 17:35:08,395 [T19] INFO  UIAEventHandler
waiting for 81 msec during the screen structure is changing.

2023-07-18 17:35:08,406 [TScriptEngine] INFO  JobRequest
 - STEP 8: Sba731afc97434ec8a1a2bafda0b571bf (2/4) - (8/42)
 - [2] Click


2023-07-18 17:35:09,294 [T16] DEBUG UIAEventHandler
UI Structure Changed Count: 0

2023-07-18 17:35:09,294 [T16] INFO  UIAEventHandler
waiting for 846 msec during the screen structure is changing.

2023-07-18 17:35:09,497 [T16] DEBUG UIAEventHandler
UI Structure Changed Count: 0

2023-07-18 17:35:09,497 [T16] INFO  UIAEventHandler
waiting for 82 msec during the screen structure is changing.

2023-07-18 17:35:10,054 [TScriptEngine] INFO  JobRequest
 - STEP 9: S7d099286df5a49fa8ae6e4038e5a5969 (3/4) - (9/42)
 - [3] WaitAppear


2023-07-18 17:35:11,482 [T23] DEBUG UIAEventHandler
UI Structure Changed Count: 0

2023-07-18 17:35:11,482 [T23] INFO  UIAEventHandler
waiting for 81 msec during the screen structure is changing.

2023-07-18 17:35:11,496 [TScriptEngine] INFO  JobRequest
 - STEP 10: S9fa9554851544baea9021173b36e398d (4/4) - (10/42)
 - [4] Click


2023-07-18 17:35:12,381 [T18] DEBUG UIAEventHandler
UI Structure Changed Count: 0

2023-07-18 17:35:12,381 [T18] INFO  UIAEventHandler
waiting for 835 msec during the screen structure is changing.

2023-07-18 17:35:12,758 [T18] DEBUG UIAEventHandler
UI Structure Changed Count: 0

2023-07-18 17:35:12,758 [T18] INFO  UIAEventHandler
waiting for 71 msec during the screen structure is changing.

2023-07-18 17:35:13,326 [TScriptEngine] INFO  JobRunner
[PASS] TASK: T_네이버_증권_시가총액이동

2023-07-18 17:35:13,326 [TScriptEngine] INFO  JobRequest
##############################################################
### STATE: EndTask - T_네이버_증권_시가총액이동
##############################################################
b3b6ceb1-4d67-4c53-a596-7625f734437e
T_네이버_증권_시가총액이동


2023-07-18 17:35:13,328 [TScriptEngine] INFO  JobRequest
**************************************************************
*** TASK: P_기초실습
**************************************************************
 - STEP 11: S3a0d00180f424f98b9392e0bd7d7bf5b (4/5) - (11/42)
 - [4] RunTask


2023-07-18 17:35:13,339 [TScriptEngine] INFO  JobRequest
##############################################################
### STATE: StartTask - T_네이버_증권_시가총액_조건테이블선택
##############################################################
117882be-5e28-42db-bee2-482390ab88c9
T_네이버_증권_시가총액_조건테이블선택


2023-07-18 17:35:13,342 [TScriptEngine] INFO  JobRequest
**************************************************************
*** TASK: T_네이버_증권_시가총액_조건테이블선택
**************************************************************
 - STEP 12: Sc84c80be0bc14489957ce845b620f612 (1/22) - (12/42)
 - [1] Assign


2023-07-18 17:35:13,387 [TScriptEngine] INFO  JobRequest
 - STEP 13: S79ca87a21f854fa19607dbb1dd8bdacc (2/22) - (13/42)
 - [2] WaitAppear


2023-07-18 17:35:14,631 [T19] DEBUG UIAEventHandler
UI Structure Changed Count: 0

2023-07-18 17:35:14,631 [T19] INFO  UIAEventHandler
waiting for 82 msec during the screen structure is changing.

2023-07-18 17:35:14,646 [TScriptEngine] INFO  JobRequest
 - STEP 14: Sfc85215ba1ce44c2900f1e217512dc24 (3/22) - (14/42)
 - [3] ChromeGetTableData


2023-07-18 17:35:14,938 [TScriptEngine] INFO  JobRequest
 - STEP 15: Se19877daedcf42b9af65425ae6d9fac9 (4/22) - (15/42)
 - [4] Foreach


2023-07-18 17:35:14,960 [TScriptEngine] INFO  JobRequest
 - STEP 16: S5cd83eca9a6a4f028a620b67e88dd5ef (5/22) - (16/42)
 - [5] Foreach


2023-07-18 17:35:14,965 [TScriptEngine] INFO  JobRequest
 - STEP 17: S0c44654008c841159a0058b09345b194 (6/22) - (17/42)
 - [6] Assign


2023-07-18 17:35:14,967 [TScriptEngine] INFO  JobRequest
 - STEP 18: S38ee26c734ba4065a38d010e1e2333f6 (7/22) - (18/42)
 - [7] IfThen


2023-07-18 17:35:14,969 [TScriptEngine] INFO  JobRequest
 - STEP 19: S9aeeb04b93fe4f1a99b1184bb23bad96 (9/22) - (20/42)
 - [9] End-IfThen


2023-07-18 17:35:14,971 [TScriptEngine] INFO  JobRequest
 - STEP 20: Sca9dfcf1158042f1a12447b12fe1352d (10/22) - (21/42)
 - [10] GetCheckState


2023-07-18 17:35:15,523 [T6] DEBUG UIAEventHandler
UI Structure Changed Count: 0

2023-07-18 17:35:15,523 [T6] INFO  UIAEventHandler
waiting for 500 msec during the screen structure is changing.

2023-07-18 17:35:15,818 [TScriptEngine] INFO  JobRequest
 - STEP 21: S3b65a20d1728462982dfa724387e33d5 (11/22) - (22/42)
 - [11] IfElse


2023-07-18 17:35:15,822 [TScriptEngine] INFO  JobRequest
 - STEP 22: S7a2932eec89a4bd2aa1dffc77fbd6dcd (12/22) - (23/42)
 - [12] SetCheckState


2023-07-18 17:35:16,820 [T19] DEBUG UIAEventHandler
UI Structure Changed Count: 0

2023-07-18 17:35:16,820 [T19] INFO  UIAEventHandler
waiting for 937 msec during the screen structure is changing.

2023-07-18 17:35:17,005 [T19] DEBUG UIAEventHandler
UI Structure Changed Count: 0

2023-07-18 17:35:17,005 [T19] INFO  UIAEventHandler
waiting for 101 msec during the screen structure is changing.

2023-07-18 17:35:17,013 [TScriptEngine] INFO  JobRequest
 - STEP 23: Sbe2e029680ab45558a37f1a750c43f84 (18/22) - (29/42)
 - [18] End-IfElse


2023-07-18 17:35:17,015 [TScriptEngine] INFO  JobRequest
 - STEP 24: S0c44654008c841159a0058b09345b194 (6/22) - (29/42)
 - [6] Assign


2023-07-18 17:35:17,017 [TScriptEngine] INFO  JobRequest
 - STEP 25: S38ee26c734ba4065a38d010e1e2333f6 (7/22) - (29/42)
 - [7] IfThen


2023-07-18 17:35:17,019 [TScriptEngine] INFO  JobRequest
 - STEP 26: S9aeeb04b93fe4f1a99b1184bb23bad96 (9/22) - (29/42)
 - [9] End-IfThen


2023-07-18 17:35:17,021 [TScriptEngine] INFO  JobRequest
 - STEP 27: Sca9dfcf1158042f1a12447b12fe1352d (10/22) - (29/42)
 - [10] GetCheckState


2023-07-18 17:35:17,908 [T6] DEBUG UIAEventHandler
UI Structure Changed Count: 0

2023-07-18 17:35:17,908 [T6] INFO  UIAEventHandler
waiting for 845 msec during the screen structure is changing.

2023-07-18 17:35:18,281 [T6] DEBUG UIAEventHandler
UI Structure Changed Count: 0

2023-07-18 17:35:18,281 [T6] INFO  UIAEventHandler
waiting for 81 msec during the screen structure is changing.

2023-07-18 17:35:18,284 [TScriptEngine] INFO  JobRequest
 - STEP 28: S3b65a20d1728462982dfa724387e33d5 (11/22) - (29/42)
 - [11] IfElse


2023-07-18 17:35:18,288 [TScriptEngine] INFO  JobRequest
 - STEP 29: S04c8d9afda404805b5a11e15b84a7a19 (13/22) - (29/42)
 - [13] Else


2023-07-18 17:35:18,291 [TScriptEngine] INFO  JobRequest
 - STEP 30: Sf9c2eb83c18a41aa8c3669d7b5462bcf (14/22) - (29/42)
 - [14] IfElse


2023-07-18 17:35:18,294 [TScriptEngine] INFO  JobRequest
 - STEP 31: S1cc578f57e934a87b7048a3f280ed642 (16/22) - (29/42)
 - [16] Else


2023-07-18 17:35:18,296 [TScriptEngine] INFO  JobRequest
 - STEP 32: S1fc299ff59bc497c8a1953a042d51934 (17/22) - (29/42)
 - [17] End-IfElse


2023-07-18 17:35:18,298 [TScriptEngine] INFO  JobRequest
 - STEP 33: Sbe2e029680ab45558a37f1a750c43f84 (18/22) - (29/42)
 - [18] End-IfElse


2023-07-18 17:35:18,300 [TScriptEngine] INFO  JobRequest
 - STEP 34: S0c44654008c841159a0058b09345b194 (6/22) - (29/42)
 - [6] Assign


2023-07-18 17:35:18,303 [TScriptEngine] INFO  JobRequest
 - STEP 35: S38ee26c734ba4065a38d010e1e2333f6 (7/22) - (29/42)
 - [7] IfThen


2023-07-18 17:35:18,305 [TScriptEngine] INFO  JobRequest
 - STEP 36: S9aeeb04b93fe4f1a99b1184bb23bad96 (9/22) - (29/42)
 - [9] End-IfThen


2023-07-18 17:35:18,307 [TScriptEngine] INFO  JobRequest
 - STEP 37: Sca9dfcf1158042f1a12447b12fe1352d (10/22) - (29/42)
 - [10] GetCheckState


2023-07-18 17:35:19,176 [T18] DEBUG UIAEventHandler
UI Structure Changed Count: 0

2023-07-18 17:35:19,176 [T18] INFO  UIAEventHandler
waiting for 817 msec during the screen structure is changing.

2023-07-18 17:35:19,560 [T18] DEBUG UIAEventHandler
UI Structure Changed Count: 0

2023-07-18 17:35:19,560 [T18] INFO  UIAEventHandler
waiting for 71 msec during the screen structure is changing.

2023-07-18 17:35:19,563 [TScriptEngine] INFO  JobRequest
 - STEP 38: S3b65a20d1728462982dfa724387e33d5 (11/22) - (29/42)
 - [11] IfElse


2023-07-18 17:35:19,566 [TScriptEngine] INFO  JobRequest
 - STEP 39: S04c8d9afda404805b5a11e15b84a7a19 (13/22) - (29/42)
 - [13] Else


2023-07-18 17:35:19,567 [TScriptEngine] INFO  JobRequest
 - STEP 40: Sf9c2eb83c18a41aa8c3669d7b5462bcf (14/22) - (29/42)
 - [14] IfElse


2023-07-18 17:35:19,569 [TScriptEngine] INFO  JobRequest
 - STEP 41: S1cc578f57e934a87b7048a3f280ed642 (16/22) - (29/42)
 - [16] Else


2023-07-18 17:35:19,571 [TScriptEngine] INFO  JobRequest
 - STEP 42: S1fc299ff59bc497c8a1953a042d51934 (17/22) - (29/42)
 - [17] End-IfElse


2023-07-18 17:35:19,572 [TScriptEngine] INFO  JobRequest
 - STEP 43: Sbe2e029680ab45558a37f1a750c43f84 (18/22) - (29/42)
 - [18] End-IfElse


2023-07-18 17:35:19,574 [TScriptEngine] INFO  JobRequest
 - STEP 44: S0c44654008c841159a0058b09345b194 (6/22) - (29/42)
 - [6] Assign


2023-07-18 17:35:19,576 [TScriptEngine] INFO  JobRequest
 - STEP 45: S38ee26c734ba4065a38d010e1e2333f6 (7/22) - (29/42)
 - [7] IfThen


2023-07-18 17:35:19,578 [TScriptEngine] INFO  JobRequest
 - STEP 46: S9aeeb04b93fe4f1a99b1184bb23bad96 (9/22) - (29/42)
 - [9] End-IfThen


2023-07-18 17:35:19,580 [TScriptEngine] INFO  JobRequest
 - STEP 47: Sca9dfcf1158042f1a12447b12fe1352d (10/22) - (29/42)
 - [10] GetCheckState


2023-07-18 17:35:20,459 [T25] DEBUG UIAEventHandler
UI Structure Changed Count: 0

2023-07-18 17:35:20,459 [T25] INFO  UIAEventHandler
waiting for 828 msec during the screen structure is changing.

2023-07-18 17:35:20,831 [T25] DEBUG UIAEventHandler
UI Structure Changed Count: 0

2023-07-18 17:35:20,831 [T25] INFO  UIAEventHandler
waiting for 81 msec during the screen structure is changing.

2023-07-18 17:35:20,834 [TScriptEngine] INFO  JobRequest
 - STEP 48: S3b65a20d1728462982dfa724387e33d5 (11/22) - (29/42)
 - [11] IfElse


2023-07-18 17:35:20,837 [TScriptEngine] INFO  JobRequest
 - STEP 49: S7a2932eec89a4bd2aa1dffc77fbd6dcd (12/22) - (29/42)
 - [12] SetCheckState


2023-07-18 17:35:21,732 [T23] DEBUG UIAEventHandler
UI Structure Changed Count: 0

2023-07-18 17:35:21,732 [T23] INFO  UIAEventHandler
waiting for 846 msec during the screen structure is changing.

2023-07-18 17:35:22,105 [T23] DEBUG UIAEventHandler
UI Structure Changed Count: 0

2023-07-18 17:35:22,105 [T23] INFO  UIAEventHandler
waiting for 72 msec during the screen structure is changing.

2023-07-18 17:35:22,109 [TScriptEngine] INFO  JobRequest
 - STEP 50: Sbe2e029680ab45558a37f1a750c43f84 (18/22) - (29/42)
 - [18] End-IfElse


2023-07-18 17:35:22,111 [TScriptEngine] INFO  JobRequest
 - STEP 51: S0c44654008c841159a0058b09345b194 (6/22) - (29/42)
 - [6] Assign


2023-07-18 17:35:22,113 [TScriptEngine] INFO  JobRequest
 - STEP 52: S38ee26c734ba4065a38d010e1e2333f6 (7/22) - (29/42)
 - [7] IfThen


2023-07-18 17:35:22,115 [TScriptEngine] INFO  JobRequest
 - STEP 53: S9aeeb04b93fe4f1a99b1184bb23bad96 (9/22) - (29/42)
 - [9] End-IfThen


2023-07-18 17:35:22,117 [TScriptEngine] INFO  JobRequest
 - STEP 54: Sca9dfcf1158042f1a12447b12fe1352d (10/22) - (29/42)
 - [10] GetCheckState


2023-07-18 17:35:23,011 [T16] DEBUG UIAEventHandler
UI Structure Changed Count: 0

2023-07-18 17:35:23,011 [T16] INFO  UIAEventHandler
waiting for 846 msec during the screen structure is changing.

2023-07-18 17:35:23,389 [T16] DEBUG UIAEventHandler
UI Structure Changed Count: 0

2023-07-18 17:35:23,389 [T16] INFO  UIAEventHandler
waiting for 82 msec during the screen structure is changing.

2023-07-18 17:35:23,392 [TScriptEngine] INFO  JobRequest
 - STEP 55: S3b65a20d1728462982dfa724387e33d5 (11/22) - (29/42)
 - [11] IfElse


2023-07-18 17:35:23,397 [TScriptEngine] INFO  JobRequest
 - STEP 56: S04c8d9afda404805b5a11e15b84a7a19 (13/22) - (29/42)
 - [13] Else


2023-07-18 17:35:23,399 [TScriptEngine] INFO  JobRequest
 - STEP 57: Sf9c2eb83c18a41aa8c3669d7b5462bcf (14/22) - (29/42)
 - [14] IfElse


2023-07-18 17:35:23,401 [TScriptEngine] INFO  JobRequest
 - STEP 58: S1cc578f57e934a87b7048a3f280ed642 (16/22) - (29/42)
 - [16] Else


2023-07-18 17:35:23,403 [TScriptEngine] INFO  JobRequest
 - STEP 59: S1fc299ff59bc497c8a1953a042d51934 (17/22) - (29/42)
 - [17] End-IfElse


2023-07-18 17:35:23,404 [TScriptEngine] INFO  JobRequest
 - STEP 60: Sbe2e029680ab45558a37f1a750c43f84 (18/22) - (29/42)
 - [18] End-IfElse


2023-07-18 17:35:23,406 [TScriptEngine] INFO  JobRequest
 - STEP 61: S0c44654008c841159a0058b09345b194 (6/22) - (29/42)
 - [6] Assign


2023-07-18 17:35:23,408 [TScriptEngine] INFO  JobRequest
 - STEP 62: S38ee26c734ba4065a38d010e1e2333f6 (7/22) - (29/42)
 - [7] IfThen


2023-07-18 17:35:23,410 [TScriptEngine] INFO  JobRequest
 - STEP 63: S9aeeb04b93fe4f1a99b1184bb23bad96 (9/22) - (29/42)
 - [9] End-IfThen


2023-07-18 17:35:23,411 [TScriptEngine] INFO  JobRequest
 - STEP 64: Sca9dfcf1158042f1a12447b12fe1352d (10/22) - (29/42)
 - [10] GetCheckState


2023-07-18 17:35:24,288 [T7] DEBUG UIAEventHandler
UI Structure Changed Count: 0

2023-07-18 17:35:24,288 [T7] INFO  UIAEventHandler
waiting for 825 msec during the screen structure is changing.

2023-07-18 17:35:24,677 [T7] DEBUG UIAEventHandler
UI Structure Changed Count: 0

2023-07-18 17:35:24,677 [T7] INFO  UIAEventHandler
waiting for 92 msec during the screen structure is changing.

2023-07-18 17:35:24,680 [TScriptEngine] INFO  JobRequest
 - STEP 65: S3b65a20d1728462982dfa724387e33d5 (11/22) - (29/42)
 - [11] IfElse


2023-07-18 17:35:24,684 [TScriptEngine] INFO  JobRequest
 - STEP 66: S04c8d9afda404805b5a11e15b84a7a19 (13/22) - (29/42)
 - [13] Else


2023-07-18 17:35:24,686 [TScriptEngine] INFO  JobRequest
 - STEP 67: Sf9c2eb83c18a41aa8c3669d7b5462bcf (14/22) - (29/42)
 - [14] IfElse


2023-07-18 17:35:24,689 [TScriptEngine] INFO  JobRequest
 - STEP 68: S3f4b9dd0e7c247d48ca7c98fa14cb3aa (15/22) - (29/42)
 - [15] SetCheckState


2023-07-18 17:35:25,575 [T25] DEBUG UIAEventHandler
UI Structure Changed Count: 0

2023-07-18 17:35:25,575 [T25] INFO  UIAEventHandler
waiting for 836 msec during the screen structure is changing.

2023-07-18 17:35:25,947 [T25] DEBUG UIAEventHandler
UI Structure Changed Count: 0

2023-07-18 17:35:25,947 [T25] INFO  UIAEventHandler
waiting for 81 msec during the screen structure is changing.

2023-07-18 17:35:25,967 [TScriptEngine] INFO  JobRequest
 - STEP 69: S1fc299ff59bc497c8a1953a042d51934 (17/22) - (29/42)
 - [17] End-IfElse


2023-07-18 17:35:25,969 [TScriptEngine] INFO  JobRequest
 - STEP 70: Sbe2e029680ab45558a37f1a750c43f84 (18/22) - (29/42)
 - [18] End-IfElse


2023-07-18 17:35:25,970 [TScriptEngine] INFO  JobRequest
 - STEP 71: S5d556b9be2184d659971025951e5ee3b (20/22) - (30/42)
 - [20] End-Foreach


2023-07-18 17:35:25,972 [TScriptEngine] INFO  JobRequest
 - STEP 72: S5cd83eca9a6a4f028a620b67e88dd5ef (5/22) - (30/42)
 - [5] Foreach


2023-07-18 17:35:25,975 [TScriptEngine] INFO  JobRequest
 - STEP 73: S0c44654008c841159a0058b09345b194 (6/22) - (30/42)
 - [6] Assign


2023-07-18 17:35:25,977 [TScriptEngine] INFO  JobRequest
 - STEP 74: S38ee26c734ba4065a38d010e1e2333f6 (7/22) - (30/42)
 - [7] IfThen


2023-07-18 17:35:25,979 [TScriptEngine] INFO  JobRequest
 - STEP 75: S9aeeb04b93fe4f1a99b1184bb23bad96 (9/22) - (30/42)
 - [9] End-IfThen


2023-07-18 17:35:25,981 [TScriptEngine] INFO  JobRequest
 - STEP 76: Sca9dfcf1158042f1a12447b12fe1352d (10/22) - (30/42)
 - [10] GetCheckState


2023-07-18 17:35:26,847 [T24] DEBUG UIAEventHandler
UI Structure Changed Count: 0

2023-07-18 17:35:26,847 [T24] INFO  UIAEventHandler
waiting for 815 msec during the screen structure is changing.

2023-07-18 17:35:27,222 [T24] DEBUG UIAEventHandler
UI Structure Changed Count: 0

2023-07-18 17:35:27,222 [T24] INFO  UIAEventHandler
waiting for 71 msec during the screen structure is changing.

2023-07-18 17:35:27,225 [TScriptEngine] INFO  JobRequest
 - STEP 77: S3b65a20d1728462982dfa724387e33d5 (11/22) - (30/42)
 - [11] IfElse


2023-07-18 17:35:27,228 [TScriptEngine] INFO  JobRequest
 - STEP 78: S7a2932eec89a4bd2aa1dffc77fbd6dcd (12/22) - (30/42)
 - [12] SetCheckState


2023-07-18 17:35:28,128 [T7] DEBUG UIAEventHandler
UI Structure Changed Count: 0

2023-07-18 17:35:28,128 [T7] INFO  UIAEventHandler
waiting for 847 msec during the screen structure is changing.

2023-07-18 17:35:28,508 [T7] DEBUG UIAEventHandler
UI Structure Changed Count: 0

2023-07-18 17:35:28,508 [T7] INFO  UIAEventHandler
waiting for 81 msec during the screen structure is changing.

2023-07-18 17:35:28,520 [TScriptEngine] INFO  JobRequest
 - STEP 79: Sbe2e029680ab45558a37f1a750c43f84 (18/22) - (30/42)
 - [18] End-IfElse


2023-07-18 17:35:28,522 [TScriptEngine] INFO  JobRequest
 - STEP 80: S0c44654008c841159a0058b09345b194 (6/22) - (30/42)
 - [6] Assign


2023-07-18 17:35:28,525 [TScriptEngine] INFO  JobRequest
 - STEP 81: S38ee26c734ba4065a38d010e1e2333f6 (7/22) - (30/42)
 - [7] IfThen


2023-07-18 17:35:28,528 [TScriptEngine] INFO  JobRequest
 - STEP 82: S9aeeb04b93fe4f1a99b1184bb23bad96 (9/22) - (30/42)
 - [9] End-IfThen


2023-07-18 17:35:28,529 [TScriptEngine] INFO  JobRequest
 - STEP 83: Sca9dfcf1158042f1a12447b12fe1352d (10/22) - (30/42)
 - [10] GetCheckState


2023-07-18 17:35:29,404 [T25] DEBUG UIAEventHandler
UI Structure Changed Count: 0

2023-07-18 17:35:29,404 [T25] INFO  UIAEventHandler
waiting for 825 msec during the screen structure is changing.

2023-07-18 17:35:29,799 [T25] DEBUG UIAEventHandler
UI Structure Changed Count: 0

2023-07-18 17:35:29,799 [T25] INFO  UIAEventHandler
waiting for 91 msec during the screen structure is changing.

2023-07-18 17:35:29,802 [TScriptEngine] INFO  JobRequest
 - STEP 84: S3b65a20d1728462982dfa724387e33d5 (11/22) - (30/42)
 - [11] IfElse


2023-07-18 17:35:29,806 [TScriptEngine] INFO  JobRequest
 - STEP 85: S04c8d9afda404805b5a11e15b84a7a19 (13/22) - (30/42)
 - [13] Else


2023-07-18 17:35:29,808 [TScriptEngine] INFO  JobRequest
 - STEP 86: Sf9c2eb83c18a41aa8c3669d7b5462bcf (14/22) - (30/42)
 - [14] IfElse


2023-07-18 17:35:29,810 [TScriptEngine] INFO  JobRequest
 - STEP 87: S1cc578f57e934a87b7048a3f280ed642 (16/22) - (30/42)
 - [16] Else


2023-07-18 17:35:29,811 [TScriptEngine] INFO  JobRequest
 - STEP 88: S1fc299ff59bc497c8a1953a042d51934 (17/22) - (30/42)
 - [17] End-IfElse


2023-07-18 17:35:29,813 [TScriptEngine] INFO  JobRequest
 - STEP 89: Sbe2e029680ab45558a37f1a750c43f84 (18/22) - (30/42)
 - [18] End-IfElse


2023-07-18 17:35:29,814 [TScriptEngine] INFO  JobRequest
 - STEP 90: S0c44654008c841159a0058b09345b194 (6/22) - (30/42)
 - [6] Assign


2023-07-18 17:35:29,816 [TScriptEngine] INFO  JobRequest
 - STEP 91: S38ee26c734ba4065a38d010e1e2333f6 (7/22) - (30/42)
 - [7] IfThen


2023-07-18 17:35:29,818 [TScriptEngine] INFO  JobRequest
 - STEP 92: S9aeeb04b93fe4f1a99b1184bb23bad96 (9/22) - (30/42)
 - [9] End-IfThen


2023-07-18 17:35:29,820 [TScriptEngine] INFO  JobRequest
 - STEP 93: Sca9dfcf1158042f1a12447b12fe1352d (10/22) - (30/42)
 - [10] GetCheckState


2023-07-18 17:35:30,705 [T18] DEBUG UIAEventHandler
UI Structure Changed Count: 0

2023-07-18 17:35:30,705 [T18] INFO  UIAEventHandler
waiting for 836 msec during the screen structure is changing.

2023-07-18 17:35:31,124 [T18] DEBUG UIAEventHandler
UI Structure Changed Count: 0

2023-07-18 17:35:31,124 [T18] INFO  UIAEventHandler
waiting for 102 msec during the screen structure is changing.

2023-07-18 17:35:31,126 [TScriptEngine] INFO  JobRequest
 - STEP 94: S3b65a20d1728462982dfa724387e33d5 (11/22) - (30/42)
 - [11] IfElse


2023-07-18 17:35:31,129 [TScriptEngine] INFO  JobRequest
 - STEP 95: S7a2932eec89a4bd2aa1dffc77fbd6dcd (12/22) - (30/42)
 - [12] SetCheckState


2023-07-18 17:35:32,028 [T7] DEBUG UIAEventHandler
UI Structure Changed Count: 0

2023-07-18 17:35:32,028 [T7] INFO  UIAEventHandler
waiting for 846 msec during the screen structure is changing.

2023-07-18 17:35:32,403 [T7] DEBUG UIAEventHandler
UI Structure Changed Count: 0

2023-07-18 17:35:32,403 [T7] INFO  UIAEventHandler
waiting for 71 msec during the screen structure is changing.

2023-07-18 17:35:32,416 [TScriptEngine] INFO  JobRequest
 - STEP 96: Sbe2e029680ab45558a37f1a750c43f84 (18/22) - (30/42)
 - [18] End-IfElse


2023-07-18 17:35:32,418 [TScriptEngine] INFO  JobRequest
 - STEP 97: S0c44654008c841159a0058b09345b194 (6/22) - (30/42)
 - [6] Assign


2023-07-18 17:35:32,420 [TScriptEngine] INFO  JobRequest
 - STEP 98: S38ee26c734ba4065a38d010e1e2333f6 (7/22) - (30/42)
 - [7] IfThen


2023-07-18 17:35:32,425 [TScriptEngine] INFO  JobRequest
 - STEP 99: S9aeeb04b93fe4f1a99b1184bb23bad96 (9/22) - (30/42)
 - [9] End-IfThen


2023-07-18 17:35:32,427 [TScriptEngine] INFO  JobRequest
 - STEP 100: Sca9dfcf1158042f1a12447b12fe1352d (10/22) - (30/42)
 - [10] GetCheckState


2023-07-18 17:35:33,301 [T19] DEBUG UIAEventHandler
UI Structure Changed Count: 0

2023-07-18 17:35:33,301 [T19] INFO  UIAEventHandler
waiting for 825 msec during the screen structure is changing.

2023-07-18 17:35:33,703 [T19] DEBUG UIAEventHandler
UI Structure Changed Count: 0

2023-07-18 17:35:33,703 [T19] INFO  UIAEventHandler
waiting for 102 msec during the screen structure is changing.

2023-07-18 17:35:33,706 [TScriptEngine] INFO  JobRequest
 - STEP 101: S3b65a20d1728462982dfa724387e33d5 (11/22) - (30/42)
 - [11] IfElse


2023-07-18 17:35:33,709 [TScriptEngine] INFO  JobRequest
 - STEP 102: S04c8d9afda404805b5a11e15b84a7a19 (13/22) - (30/42)
 - [13] Else


2023-07-18 17:35:33,711 [TScriptEngine] INFO  JobRequest
 - STEP 103: Sf9c2eb83c18a41aa8c3669d7b5462bcf (14/22) - (30/42)
 - [14] IfElse


2023-07-18 17:35:33,714 [TScriptEngine] INFO  JobRequest
 - STEP 104: S1cc578f57e934a87b7048a3f280ed642 (16/22) - (30/42)
 - [16] Else


2023-07-18 17:35:33,716 [TScriptEngine] INFO  JobRequest
 - STEP 105: S1fc299ff59bc497c8a1953a042d51934 (17/22) - (30/42)
 - [17] End-IfElse


2023-07-18 17:35:33,718 [TScriptEngine] INFO  JobRequest
 - STEP 106: Sbe2e029680ab45558a37f1a750c43f84 (18/22) - (30/42)
 - [18] End-IfElse


2023-07-18 17:35:33,720 [TScriptEngine] INFO  JobRequest
 - STEP 107: S0c44654008c841159a0058b09345b194 (6/22) - (30/42)
 - [6] Assign


2023-07-18 17:35:33,722 [TScriptEngine] INFO  JobRequest
 - STEP 108: S38ee26c734ba4065a38d010e1e2333f6 (7/22) - (30/42)
 - [7] IfThen


2023-07-18 17:35:33,724 [TScriptEngine] INFO  JobRequest
 - STEP 109: S9aeeb04b93fe4f1a99b1184bb23bad96 (9/22) - (30/42)
 - [9] End-IfThen


2023-07-18 17:35:33,726 [TScriptEngine] INFO  JobRequest
 - STEP 110: Sca9dfcf1158042f1a12447b12fe1352d (10/22) - (30/42)
 - [10] GetCheckState


2023-07-18 17:35:34,603 [T23] DEBUG UIAEventHandler
UI Structure Changed Count: 0

2023-07-18 17:35:34,603 [T23] INFO  UIAEventHandler
waiting for 827 msec during the screen structure is changing.

2023-07-18 17:35:34,975 [T23] DEBUG UIAEventHandler
UI Structure Changed Count: 0

2023-07-18 17:35:34,975 [T23] INFO  UIAEventHandler
waiting for 71 msec during the screen structure is changing.

2023-07-18 17:35:34,978 [TScriptEngine] INFO  JobRequest
 - STEP 111: S3b65a20d1728462982dfa724387e33d5 (11/22) - (30/42)
 - [11] IfElse


2023-07-18 17:35:34,982 [TScriptEngine] INFO  JobRequest
 - STEP 112: S04c8d9afda404805b5a11e15b84a7a19 (13/22) - (30/42)
 - [13] Else


2023-07-18 17:35:34,983 [TScriptEngine] INFO  JobRequest
 - STEP 113: Sf9c2eb83c18a41aa8c3669d7b5462bcf (14/22) - (30/42)
 - [14] IfElse


2023-07-18 17:35:34,985 [TScriptEngine] INFO  JobRequest
 - STEP 114: S1cc578f57e934a87b7048a3f280ed642 (16/22) - (30/42)
 - [16] Else


2023-07-18 17:35:34,987 [TScriptEngine] INFO  JobRequest
 - STEP 115: S1fc299ff59bc497c8a1953a042d51934 (17/22) - (30/42)
 - [17] End-IfElse


2023-07-18 17:35:34,988 [TScriptEngine] INFO  JobRequest
 - STEP 116: Sbe2e029680ab45558a37f1a750c43f84 (18/22) - (30/42)
 - [18] End-IfElse


2023-07-18 17:35:34,990 [TScriptEngine] INFO  JobRequest
 - STEP 117: S0c44654008c841159a0058b09345b194 (6/22) - (30/42)
 - [6] Assign


2023-07-18 17:35:34,992 [TScriptEngine] INFO  JobRequest
 - STEP 118: S38ee26c734ba4065a38d010e1e2333f6 (7/22) - (30/42)
 - [7] IfThen


2023-07-18 17:35:34,994 [TScriptEngine] INFO  JobRequest
 - STEP 119: S9aeeb04b93fe4f1a99b1184bb23bad96 (9/22) - (30/42)
 - [9] End-IfThen


2023-07-18 17:35:34,996 [TScriptEngine] INFO  JobRequest
 - STEP 120: Sca9dfcf1158042f1a12447b12fe1352d (10/22) - (30/42)
 - [10] GetCheckState


2023-07-18 17:35:35,879 [T22] DEBUG UIAEventHandler
UI Structure Changed Count: 0

2023-07-18 17:35:35,879 [T22] INFO  UIAEventHandler
waiting for 836 msec during the screen structure is changing.

2023-07-18 17:35:36,260 [T22] DEBUG UIAEventHandler
UI Structure Changed Count: 0

2023-07-18 17:35:36,260 [T22] INFO  UIAEventHandler
waiting for 82 msec during the screen structure is changing.

2023-07-18 17:35:36,263 [TScriptEngine] INFO  JobRequest
 - STEP 121: S3b65a20d1728462982dfa724387e33d5 (11/22) - (30/42)
 - [11] IfElse


2023-07-18 17:35:36,266 [TScriptEngine] INFO  JobRequest
 - STEP 122: S04c8d9afda404805b5a11e15b84a7a19 (13/22) - (30/42)
 - [13] Else


2023-07-18 17:35:36,268 [TScriptEngine] INFO  JobRequest
 - STEP 123: Sf9c2eb83c18a41aa8c3669d7b5462bcf (14/22) - (30/42)
 - [14] IfElse


2023-07-18 17:35:36,271 [TScriptEngine] INFO  JobRequest
 - STEP 124: S3f4b9dd0e7c247d48ca7c98fa14cb3aa (15/22) - (30/42)
 - [15] SetCheckState


2023-07-18 17:35:37,156 [T19] DEBUG UIAEventHandler
UI Structure Changed Count: 0

2023-07-18 17:35:37,156 [T19] INFO  UIAEventHandler
waiting for 836 msec during the screen structure is changing.

2023-07-18 17:35:37,556 [T19] DEBUG UIAEventHandler
UI Structure Changed Count: 0

2023-07-18 17:35:37,556 [T19] INFO  UIAEventHandler
waiting for 91 msec during the screen structure is changing.

2023-07-18 17:35:37,568 [TScriptEngine] INFO  JobRequest
 - STEP 125: S1fc299ff59bc497c8a1953a042d51934 (17/22) - (30/42)
 - [17] End-IfElse


2023-07-18 17:35:37,569 [TScriptEngine] INFO  JobRequest
 - STEP 126: Sbe2e029680ab45558a37f1a750c43f84 (18/22) - (30/42)
 - [18] End-IfElse


2023-07-18 17:35:37,571 [TScriptEngine] INFO  JobRequest
 - STEP 127: S5d556b9be2184d659971025951e5ee3b (20/22) - (30/42)
 - [20] End-Foreach


2023-07-18 17:35:37,572 [TScriptEngine] INFO  JobRequest
 - STEP 128: S5cd83eca9a6a4f028a620b67e88dd5ef (5/22) - (30/42)
 - [5] Foreach


2023-07-18 17:35:37,575 [TScriptEngine] INFO  JobRequest
 - STEP 129: S0c44654008c841159a0058b09345b194 (6/22) - (30/42)
 - [6] Assign


2023-07-18 17:35:37,577 [TScriptEngine] INFO  JobRequest
 - STEP 130: S38ee26c734ba4065a38d010e1e2333f6 (7/22) - (30/42)
 - [7] IfThen


2023-07-18 17:35:37,580 [TScriptEngine] INFO  JobRequest
 - STEP 131: S9aeeb04b93fe4f1a99b1184bb23bad96 (9/22) - (30/42)
 - [9] End-IfThen


2023-07-18 17:35:37,581 [TScriptEngine] INFO  JobRequest
 - STEP 132: Sca9dfcf1158042f1a12447b12fe1352d (10/22) - (30/42)
 - [10] GetCheckState


2023-07-18 17:35:38,465 [T22] DEBUG UIAEventHandler
UI Structure Changed Count: 0

2023-07-18 17:35:38,465 [T22] INFO  UIAEventHandler
waiting for 836 msec during the screen structure is changing.

2023-07-18 17:35:38,842 [T22] DEBUG UIAEventHandler
UI Structure Changed Count: 0

2023-07-18 17:35:38,842 [T22] INFO  UIAEventHandler
waiting for 81 msec during the screen structure is changing.

2023-07-18 17:35:38,845 [TScriptEngine] INFO  JobRequest
 - STEP 133: S3b65a20d1728462982dfa724387e33d5 (11/22) - (30/42)
 - [11] IfElse


2023-07-18 17:35:38,849 [TScriptEngine] INFO  JobRequest
 - STEP 134: S7a2932eec89a4bd2aa1dffc77fbd6dcd (12/22) - (30/42)
 - [12] SetCheckState


2023-07-18 17:35:39,736 [T7] DEBUG UIAEventHandler
UI Structure Changed Count: 0

2023-07-18 17:35:39,736 [T7] INFO  UIAEventHandler
waiting for 837 msec during the screen structure is changing.

2023-07-18 17:35:40,104 [T7] DEBUG UIAEventHandler
UI Structure Changed Count: 0

2023-07-18 17:35:40,104 [T7] INFO  UIAEventHandler
waiting for 71 msec during the screen structure is changing.

2023-07-18 17:35:40,121 [TScriptEngine] INFO  JobRequest
 - STEP 135: Sbe2e029680ab45558a37f1a750c43f84 (18/22) - (30/42)
 - [18] End-IfElse


2023-07-18 17:35:40,123 [TScriptEngine] INFO  JobRequest
 - STEP 136: S0c44654008c841159a0058b09345b194 (6/22) - (30/42)
 - [6] Assign


2023-07-18 17:35:40,127 [TScriptEngine] INFO  JobRequest
 - STEP 137: S38ee26c734ba4065a38d010e1e2333f6 (7/22) - (30/42)
 - [7] IfThen


2023-07-18 17:35:40,129 [TScriptEngine] INFO  JobRequest
 - STEP 138: S9aeeb04b93fe4f1a99b1184bb23bad96 (9/22) - (30/42)
 - [9] End-IfThen


2023-07-18 17:35:40,131 [TScriptEngine] INFO  JobRequest
 - STEP 139: Sca9dfcf1158042f1a12447b12fe1352d (10/22) - (30/42)
 - [10] GetCheckState


2023-07-18 17:35:41,005 [T18] DEBUG UIAEventHandler
UI Structure Changed Count: 0

2023-07-18 17:35:41,005 [T18] INFO  UIAEventHandler
waiting for 825 msec during the screen structure is changing.

2023-07-18 17:35:41,383 [T18] DEBUG UIAEventHandler
UI Structure Changed Count: 0

2023-07-18 17:35:41,383 [T18] INFO  UIAEventHandler
waiting for 81 msec during the screen structure is changing.

2023-07-18 17:35:41,386 [TScriptEngine] INFO  JobRequest
 - STEP 140: S3b65a20d1728462982dfa724387e33d5 (11/22) - (30/42)
 - [11] IfElse


2023-07-18 17:35:41,388 [TScriptEngine] INFO  JobRequest
 - STEP 141: S04c8d9afda404805b5a11e15b84a7a19 (13/22) - (30/42)
 - [13] Else


2023-07-18 17:35:41,390 [TScriptEngine] INFO  JobRequest
 - STEP 142: Sf9c2eb83c18a41aa8c3669d7b5462bcf (14/22) - (30/42)
 - [14] IfElse


2023-07-18 17:35:41,392 [TScriptEngine] INFO  JobRequest
 - STEP 143: S1cc578f57e934a87b7048a3f280ed642 (16/22) - (30/42)
 - [16] Else


2023-07-18 17:35:41,393 [TScriptEngine] INFO  JobRequest
 - STEP 144: S1fc299ff59bc497c8a1953a042d51934 (17/22) - (30/42)
 - [17] End-IfElse


2023-07-18 17:35:41,395 [TScriptEngine] INFO  JobRequest
 - STEP 145: Sbe2e029680ab45558a37f1a750c43f84 (18/22) - (30/42)
 - [18] End-IfElse


2023-07-18 17:35:41,396 [TScriptEngine] INFO  JobRequest
 - STEP 146: S0c44654008c841159a0058b09345b194 (6/22) - (30/42)
 - [6] Assign


2023-07-18 17:35:41,399 [TScriptEngine] INFO  JobRequest
 - STEP 147: S38ee26c734ba4065a38d010e1e2333f6 (7/22) - (30/42)
 - [7] IfThen


2023-07-18 17:35:41,401 [TScriptEngine] INFO  JobRequest
 - STEP 148: S9aeeb04b93fe4f1a99b1184bb23bad96 (9/22) - (30/42)
 - [9] End-IfThen


2023-07-18 17:35:41,402 [TScriptEngine] INFO  JobRequest
 - STEP 149: Sca9dfcf1158042f1a12447b12fe1352d (10/22) - (30/42)
 - [10] GetCheckState


2023-07-18 17:35:42,283 [T22] DEBUG UIAEventHandler
UI Structure Changed Count: 0

2023-07-18 17:35:42,283 [T22] INFO  UIAEventHandler
waiting for 827 msec during the screen structure is changing.

2023-07-18 17:35:42,668 [T22] DEBUG UIAEventHandler
UI Structure Changed Count: 0

2023-07-18 17:35:42,668 [T22] INFO  UIAEventHandler
waiting for 81 msec during the screen structure is changing.

2023-07-18 17:35:42,670 [TScriptEngine] INFO  JobRequest
 - STEP 150: S3b65a20d1728462982dfa724387e33d5 (11/22) - (30/42)
 - [11] IfElse


2023-07-18 17:35:42,673 [TScriptEngine] INFO  JobRequest
 - STEP 151: S04c8d9afda404805b5a11e15b84a7a19 (13/22) - (30/42)
 - [13] Else


2023-07-18 17:35:42,674 [TScriptEngine] INFO  JobRequest
 - STEP 152: Sf9c2eb83c18a41aa8c3669d7b5462bcf (14/22) - (30/42)
 - [14] IfElse


2023-07-18 17:35:42,676 [TScriptEngine] INFO  JobRequest
 - STEP 153: S3f4b9dd0e7c247d48ca7c98fa14cb3aa (15/22) - (30/42)
 - [15] SetCheckState


2023-07-18 17:35:43,568 [T23] DEBUG UIAEventHandler
UI Structure Changed Count: 0

2023-07-18 17:35:43,568 [T23] INFO  UIAEventHandler
waiting for 846 msec during the screen structure is changing.

2023-07-18 17:35:43,949 [T23] DEBUG UIAEventHandler
UI Structure Changed Count: 0

2023-07-18 17:35:43,949 [T23] INFO  UIAEventHandler
waiting for 81 msec during the screen structure is changing.

2023-07-18 17:35:43,962 [TScriptEngine] INFO  JobRequest
 - STEP 154: S1fc299ff59bc497c8a1953a042d51934 (17/22) - (30/42)
 - [17] End-IfElse


2023-07-18 17:35:43,964 [TScriptEngine] INFO  JobRequest
 - STEP 155: Sbe2e029680ab45558a37f1a750c43f84 (18/22) - (30/42)
 - [18] End-IfElse


2023-07-18 17:35:43,966 [TScriptEngine] INFO  JobRequest
 - STEP 156: S0c44654008c841159a0058b09345b194 (6/22) - (30/42)
 - [6] Assign


2023-07-18 17:35:43,968 [TScriptEngine] INFO  JobRequest
 - STEP 157: S38ee26c734ba4065a38d010e1e2333f6 (7/22) - (30/42)
 - [7] IfThen


2023-07-18 17:35:43,970 [TScriptEngine] INFO  JobRequest
 - STEP 158: S9aeeb04b93fe4f1a99b1184bb23bad96 (9/22) - (30/42)
 - [9] End-IfThen


2023-07-18 17:35:43,972 [TScriptEngine] INFO  JobRequest
 - STEP 159: Sca9dfcf1158042f1a12447b12fe1352d (10/22) - (30/42)
 - [10] GetCheckState


2023-07-18 17:35:44,847 [T22] DEBUG UIAEventHandler
UI Structure Changed Count: 0

2023-07-18 17:35:44,847 [T22] INFO  UIAEventHandler
waiting for 825 msec during the screen structure is changing.

2023-07-18 17:35:45,223 [T22] DEBUG UIAEventHandler
UI Structure Changed Count: 0

2023-07-18 17:35:45,223 [T22] INFO  UIAEventHandler
waiting for 71 msec during the screen structure is changing.

2023-07-18 17:35:45,226 [TScriptEngine] INFO  JobRequest
 - STEP 160: S3b65a20d1728462982dfa724387e33d5 (11/22) - (30/42)
 - [11] IfElse


2023-07-18 17:35:45,229 [TScriptEngine] INFO  JobRequest
 - STEP 161: S04c8d9afda404805b5a11e15b84a7a19 (13/22) - (30/42)
 - [13] Else


2023-07-18 17:35:45,231 [TScriptEngine] INFO  JobRequest
 - STEP 162: Sf9c2eb83c18a41aa8c3669d7b5462bcf (14/22) - (30/42)
 - [14] IfElse


2023-07-18 17:35:45,233 [TScriptEngine] INFO  JobRequest
 - STEP 163: S1cc578f57e934a87b7048a3f280ed642 (16/22) - (30/42)
 - [16] Else


2023-07-18 17:35:45,235 [TScriptEngine] INFO  JobRequest
 - STEP 164: S1fc299ff59bc497c8a1953a042d51934 (17/22) - (30/42)
 - [17] End-IfElse


2023-07-18 17:35:45,236 [TScriptEngine] INFO  JobRequest
 - STEP 165: Sbe2e029680ab45558a37f1a750c43f84 (18/22) - (30/42)
 - [18] End-IfElse


2023-07-18 17:35:45,238 [TScriptEngine] INFO  JobRequest
 - STEP 166: S0c44654008c841159a0058b09345b194 (6/22) - (30/42)
 - [6] Assign


2023-07-18 17:35:45,240 [TScriptEngine] INFO  JobRequest
 - STEP 167: S38ee26c734ba4065a38d010e1e2333f6 (7/22) - (30/42)
 - [7] IfThen


2023-07-18 17:35:45,242 [TScriptEngine] INFO  JobRequest
 - STEP 168: S9aeeb04b93fe4f1a99b1184bb23bad96 (9/22) - (30/42)
 - [9] End-IfThen


2023-07-18 17:35:45,243 [TScriptEngine] INFO  JobRequest
 - STEP 169: Sca9dfcf1158042f1a12447b12fe1352d (10/22) - (30/42)
 - [10] GetCheckState


2023-07-18 17:35:46,128 [T25] DEBUG UIAEventHandler
UI Structure Changed Count: 0

2023-07-18 17:35:46,128 [T25] INFO  UIAEventHandler
waiting for 836 msec during the screen structure is changing.

2023-07-18 17:35:46,498 [T25] DEBUG UIAEventHandler
UI Structure Changed Count: 0

2023-07-18 17:35:46,498 [T25] INFO  UIAEventHandler
waiting for 82 msec during the screen structure is changing.

2023-07-18 17:35:46,502 [TScriptEngine] INFO  JobRequest
 - STEP 170: S3b65a20d1728462982dfa724387e33d5 (11/22) - (30/42)
 - [11] IfElse


2023-07-18 17:35:46,504 [TScriptEngine] INFO  JobRequest
 - STEP 171: S7a2932eec89a4bd2aa1dffc77fbd6dcd (12/22) - (30/42)
 - [12] SetCheckState


2023-07-18 17:35:47,392 [T6] DEBUG UIAEventHandler
UI Structure Changed Count: 0

2023-07-18 17:35:47,392 [T6] INFO  UIAEventHandler
waiting for 835 msec during the screen structure is changing.

2023-07-18 17:35:47,779 [T6] DEBUG UIAEventHandler
UI Structure Changed Count: 0

2023-07-18 17:35:47,779 [T6] INFO  UIAEventHandler
waiting for 92 msec during the screen structure is changing.

2023-07-18 17:35:47,793 [TScriptEngine] INFO  JobRequest
 - STEP 172: Sbe2e029680ab45558a37f1a750c43f84 (18/22) - (30/42)
 - [18] End-IfElse


2023-07-18 17:35:47,795 [TScriptEngine] INFO  JobRequest
 - STEP 173: S0c44654008c841159a0058b09345b194 (6/22) - (30/42)
 - [6] Assign


2023-07-18 17:35:47,798 [TScriptEngine] INFO  JobRequest
 - STEP 174: S38ee26c734ba4065a38d010e1e2333f6 (7/22) - (30/42)
 - [7] IfThen


2023-07-18 17:35:47,800 [TScriptEngine] INFO  JobRequest
 - STEP 175: S9aeeb04b93fe4f1a99b1184bb23bad96 (9/22) - (30/42)
 - [9] End-IfThen


2023-07-18 17:35:47,801 [TScriptEngine] INFO  JobRequest
 - STEP 176: Sca9dfcf1158042f1a12447b12fe1352d (10/22) - (30/42)
 - [10] GetCheckState


2023-07-18 17:35:48,687 [T16] DEBUG UIAEventHandler
UI Structure Changed Count: 0

2023-07-18 17:35:48,687 [T16] INFO  UIAEventHandler
waiting for 836 msec during the screen structure is changing.

2023-07-18 17:35:49,071 [T16] DEBUG UIAEventHandler
UI Structure Changed Count: 0

2023-07-18 17:35:49,071 [T16] INFO  UIAEventHandler
waiting for 81 msec during the screen structure is changing.

2023-07-18 17:35:49,074 [TScriptEngine] INFO  JobRequest
 - STEP 177: S3b65a20d1728462982dfa724387e33d5 (11/22) - (30/42)
 - [11] IfElse


2023-07-18 17:35:49,078 [TScriptEngine] INFO  JobRequest
 - STEP 178: S04c8d9afda404805b5a11e15b84a7a19 (13/22) - (30/42)
 - [13] Else


2023-07-18 17:35:49,080 [TScriptEngine] INFO  JobRequest
 - STEP 179: Sf9c2eb83c18a41aa8c3669d7b5462bcf (14/22) - (30/42)
 - [14] IfElse


2023-07-18 17:35:49,083 [TScriptEngine] INFO  JobRequest
 - STEP 180: S1cc578f57e934a87b7048a3f280ed642 (16/22) - (30/42)
 - [16] Else


2023-07-18 17:35:49,084 [TScriptEngine] INFO  JobRequest
 - STEP 181: S1fc299ff59bc497c8a1953a042d51934 (17/22) - (30/42)
 - [17] End-IfElse


2023-07-18 17:35:49,086 [TScriptEngine] INFO  JobRequest
 - STEP 182: Sbe2e029680ab45558a37f1a750c43f84 (18/22) - (30/42)
 - [18] End-IfElse


2023-07-18 17:35:49,087 [TScriptEngine] INFO  JobRequest
 - STEP 183: S5d556b9be2184d659971025951e5ee3b (20/22) - (30/42)
 - [20] End-Foreach


2023-07-18 17:35:49,089 [TScriptEngine] INFO  JobRequest
 - STEP 184: S5cd83eca9a6a4f028a620b67e88dd5ef (5/22) - (30/42)
 - [5] Foreach


2023-07-18 17:35:49,092 [TScriptEngine] INFO  JobRequest
 - STEP 185: S0c44654008c841159a0058b09345b194 (6/22) - (30/42)
 - [6] Assign


2023-07-18 17:35:49,094 [TScriptEngine] INFO  JobRequest
 - STEP 186: S38ee26c734ba4065a38d010e1e2333f6 (7/22) - (30/42)
 - [7] IfThen


2023-07-18 17:35:49,096 [TScriptEngine] INFO  JobRequest
 - STEP 187: S9aeeb04b93fe4f1a99b1184bb23bad96 (9/22) - (30/42)
 - [9] End-IfThen


2023-07-18 17:35:49,098 [TScriptEngine] INFO  JobRequest
 - STEP 188: Sca9dfcf1158042f1a12447b12fe1352d (10/22) - (30/42)
 - [10] GetCheckState


2023-07-18 17:35:49,973 [T18] DEBUG UIAEventHandler
UI Structure Changed Count: 0

2023-07-18 17:35:49,973 [T18] INFO  UIAEventHandler
waiting for 825 msec during the screen structure is changing.

2023-07-18 17:35:50,347 [T18] DEBUG UIAEventHandler
UI Structure Changed Count: 0

2023-07-18 17:35:50,347 [T18] INFO  UIAEventHandler
waiting for 71 msec during the screen structure is changing.

2023-07-18 17:35:50,350 [TScriptEngine] INFO  JobRequest
 - STEP 189: S3b65a20d1728462982dfa724387e33d5 (11/22) - (30/42)
 - [11] IfElse


2023-07-18 17:35:50,354 [TScriptEngine] INFO  JobRequest
 - STEP 190: S04c8d9afda404805b5a11e15b84a7a19 (13/22) - (30/42)
 - [13] Else


2023-07-18 17:35:50,356 [TScriptEngine] INFO  JobRequest
 - STEP 191: Sf9c2eb83c18a41aa8c3669d7b5462bcf (14/22) - (30/42)
 - [14] IfElse


2023-07-18 17:35:50,358 [TScriptEngine] INFO  JobRequest
 - STEP 192: S1cc578f57e934a87b7048a3f280ed642 (16/22) - (30/42)
 - [16] Else


2023-07-18 17:35:50,360 [TScriptEngine] INFO  JobRequest
 - STEP 193: S1fc299ff59bc497c8a1953a042d51934 (17/22) - (30/42)
 - [17] End-IfElse


2023-07-18 17:35:50,361 [TScriptEngine] INFO  JobRequest
 - STEP 194: Sbe2e029680ab45558a37f1a750c43f84 (18/22) - (30/42)
 - [18] End-IfElse


2023-07-18 17:35:50,363 [TScriptEngine] INFO  JobRequest
 - STEP 195: S0c44654008c841159a0058b09345b194 (6/22) - (30/42)
 - [6] Assign


2023-07-18 17:35:50,365 [TScriptEngine] INFO  JobRequest
 - STEP 196: S38ee26c734ba4065a38d010e1e2333f6 (7/22) - (30/42)
 - [7] IfThen


2023-07-18 17:35:50,367 [TScriptEngine] INFO  JobRequest
 - STEP 197: S9aeeb04b93fe4f1a99b1184bb23bad96 (9/22) - (30/42)
 - [9] End-IfThen


2023-07-18 17:35:50,368 [TScriptEngine] INFO  JobRequest
 - STEP 198: Sca9dfcf1158042f1a12447b12fe1352d (10/22) - (30/42)
 - [10] GetCheckState


2023-07-18 17:35:51,244 [T22] DEBUG UIAEventHandler
UI Structure Changed Count: 0

2023-07-18 17:35:51,244 [T22] INFO  UIAEventHandler
waiting for 825 msec during the screen structure is changing.

2023-07-18 17:35:51,537 [TScriptEngine] INFO  JobRequest
 - STEP 199: S3b65a20d1728462982dfa724387e33d5 (11/22) - (30/42)
 - [11] IfElse


2023-07-18 17:35:51,539 [TScriptEngine] INFO  JobRequest
 - STEP 200: S04c8d9afda404805b5a11e15b84a7a19 (13/22) - (30/42)
 - [13] Else


2023-07-18 17:35:51,541 [TScriptEngine] INFO  JobRequest
 - STEP 201: Sf9c2eb83c18a41aa8c3669d7b5462bcf (14/22) - (30/42)
 - [14] IfElse


2023-07-18 17:35:51,543 [TScriptEngine] INFO  JobRequest
 - STEP 202: S1cc578f57e934a87b7048a3f280ed642 (16/22) - (30/42)
 - [16] Else


2023-07-18 17:35:51,545 [TScriptEngine] INFO  JobRequest
 - STEP 203: S1fc299ff59bc497c8a1953a042d51934 (17/22) - (30/42)
 - [17] End-IfElse


2023-07-18 17:35:51,546 [TScriptEngine] INFO  JobRequest
 - STEP 204: Sbe2e029680ab45558a37f1a750c43f84 (18/22) - (30/42)
 - [18] End-IfElse


2023-07-18 17:35:51,548 [TScriptEngine] INFO  JobRequest
 - STEP 205: S0c44654008c841159a0058b09345b194 (6/22) - (30/42)
 - [6] Assign


2023-07-18 17:35:51,550 [TScriptEngine] INFO  JobRequest
 - STEP 206: S38ee26c734ba4065a38d010e1e2333f6 (7/22) - (30/42)
 - [7] IfThen


2023-07-18 17:35:51,552 [TScriptEngine] INFO  JobRequest
 - STEP 207: S9aeeb04b93fe4f1a99b1184bb23bad96 (9/22) - (30/42)
 - [9] End-IfThen


2023-07-18 17:35:51,553 [TScriptEngine] INFO  JobRequest
 - STEP 208: Sca9dfcf1158042f1a12447b12fe1352d (10/22) - (30/42)
 - [10] GetCheckState


2023-07-18 17:35:52,541 [T25] DEBUG UIAEventHandler
UI Structure Changed Count: 0

2023-07-18 17:35:52,541 [T25] INFO  UIAEventHandler
waiting for 938 msec during the screen structure is changing.

2023-07-18 17:35:52,915 [T25] DEBUG UIAEventHandler
UI Structure Changed Count: 0

2023-07-18 17:35:52,915 [T25] INFO  UIAEventHandler
waiting for 71 msec during the screen structure is changing.

2023-07-18 17:35:52,918 [TScriptEngine] INFO  JobRequest
 - STEP 209: S3b65a20d1728462982dfa724387e33d5 (11/22) - (30/42)
 - [11] IfElse


2023-07-18 17:35:52,920 [TScriptEngine] INFO  JobRequest
 - STEP 210: S04c8d9afda404805b5a11e15b84a7a19 (13/22) - (30/42)
 - [13] Else


2023-07-18 17:35:52,922 [TScriptEngine] INFO  JobRequest
 - STEP 211: Sf9c2eb83c18a41aa8c3669d7b5462bcf (14/22) - (30/42)
 - [14] IfElse


2023-07-18 17:35:52,924 [TScriptEngine] INFO  JobRequest
 - STEP 212: S3f4b9dd0e7c247d48ca7c98fa14cb3aa (15/22) - (30/42)
 - [15] SetCheckState


2023-07-18 17:35:53,814 [T18] DEBUG UIAEventHandler
UI Structure Changed Count: 0

2023-07-18 17:35:53,814 [T18] INFO  UIAEventHandler
waiting for 838 msec during the screen structure is changing.

2023-07-18 17:35:54,197 [T18] DEBUG UIAEventHandler
UI Structure Changed Count: 0

2023-07-18 17:35:54,197 [T18] INFO  UIAEventHandler
waiting for 81 msec during the screen structure is changing.

2023-07-18 17:35:54,211 [TScriptEngine] INFO  JobRequest
 - STEP 213: S1fc299ff59bc497c8a1953a042d51934 (17/22) - (30/42)
 - [17] End-IfElse


2023-07-18 17:35:54,213 [TScriptEngine] INFO  JobRequest
 - STEP 214: Sbe2e029680ab45558a37f1a750c43f84 (18/22) - (30/42)
 - [18] End-IfElse


2023-07-18 17:35:54,214 [TScriptEngine] INFO  JobRequest
 - STEP 215: S0c44654008c841159a0058b09345b194 (6/22) - (30/42)
 - [6] Assign


2023-07-18 17:35:54,217 [TScriptEngine] INFO  JobRequest
 - STEP 216: S38ee26c734ba4065a38d010e1e2333f6 (7/22) - (30/42)
 - [7] IfThen


2023-07-18 17:35:54,219 [TScriptEngine] INFO  JobRequest
 - STEP 217: S9aeeb04b93fe4f1a99b1184bb23bad96 (9/22) - (30/42)
 - [9] End-IfThen


2023-07-18 17:35:54,221 [TScriptEngine] INFO  JobRequest
 - STEP 218: Sca9dfcf1158042f1a12447b12fe1352d (10/22) - (30/42)
 - [10] GetCheckState


2023-07-18 17:35:55,096 [T6] DEBUG UIAEventHandler
UI Structure Changed Count: 0

2023-07-18 17:35:55,096 [T6] INFO  UIAEventHandler
waiting for 826 msec during the screen structure is changing.

2023-07-18 17:35:55,495 [T6] DEBUG UIAEventHandler
UI Structure Changed Count: 0

2023-07-18 17:35:55,495 [T6] INFO  UIAEventHandler
waiting for 102 msec during the screen structure is changing.

2023-07-18 17:35:55,498 [TScriptEngine] INFO  JobRequest
 - STEP 219: S3b65a20d1728462982dfa724387e33d5 (11/22) - (30/42)
 - [11] IfElse


2023-07-18 17:35:55,502 [TScriptEngine] INFO  JobRequest
 - STEP 220: S04c8d9afda404805b5a11e15b84a7a19 (13/22) - (30/42)
 - [13] Else


2023-07-18 17:35:55,504 [TScriptEngine] INFO  JobRequest
 - STEP 221: Sf9c2eb83c18a41aa8c3669d7b5462bcf (14/22) - (30/42)
 - [14] IfElse


2023-07-18 17:35:55,506 [TScriptEngine] INFO  JobRequest
 - STEP 222: S1cc578f57e934a87b7048a3f280ed642 (16/22) - (30/42)
 - [16] Else


2023-07-18 17:35:55,507 [TScriptEngine] INFO  JobRequest
 - STEP 223: S1fc299ff59bc497c8a1953a042d51934 (17/22) - (30/42)
 - [17] End-IfElse


2023-07-18 17:35:55,509 [TScriptEngine] INFO  JobRequest
 - STEP 224: Sbe2e029680ab45558a37f1a750c43f84 (18/22) - (30/42)
 - [18] End-IfElse


2023-07-18 17:35:55,510 [TScriptEngine] INFO  JobRequest
 - STEP 225: S0c44654008c841159a0058b09345b194 (6/22) - (30/42)
 - [6] Assign


2023-07-18 17:35:55,512 [TScriptEngine] INFO  JobRequest
 - STEP 226: S38ee26c734ba4065a38d010e1e2333f6 (7/22) - (30/42)
 - [7] IfThen


2023-07-18 17:35:55,514 [TScriptEngine] INFO  JobRequest
 - STEP 227: S9aeeb04b93fe4f1a99b1184bb23bad96 (9/22) - (30/42)
 - [9] End-IfThen


2023-07-18 17:35:55,516 [TScriptEngine] INFO  JobRequest
 - STEP 228: Sca9dfcf1158042f1a12447b12fe1352d (10/22) - (30/42)
 - [10] GetCheckState


2023-07-18 17:35:56,391 [T23] DEBUG UIAEventHandler
UI Structure Changed Count: 0

2023-07-18 17:35:56,391 [T23] INFO  UIAEventHandler
waiting for 825 msec during the screen structure is changing.

2023-07-18 17:35:56,760 [T23] DEBUG UIAEventHandler
UI Structure Changed Count: 0

2023-07-18 17:35:56,760 [T23] INFO  UIAEventHandler
waiting for 81 msec during the screen structure is changing.

2023-07-18 17:35:56,763 [TScriptEngine] INFO  JobRequest
 - STEP 229: S3b65a20d1728462982dfa724387e33d5 (11/22) - (30/42)
 - [11] IfElse


2023-07-18 17:35:56,767 [TScriptEngine] INFO  JobRequest
 - STEP 230: S04c8d9afda404805b5a11e15b84a7a19 (13/22) - (30/42)
 - [13] Else


2023-07-18 17:35:56,769 [TScriptEngine] INFO  JobRequest
 - STEP 231: Sf9c2eb83c18a41aa8c3669d7b5462bcf (14/22) - (30/42)
 - [14] IfElse


2023-07-18 17:35:56,771 [TScriptEngine] INFO  JobRequest
 - STEP 232: S1cc578f57e934a87b7048a3f280ed642 (16/22) - (30/42)
 - [16] Else


2023-07-18 17:35:56,774 [TScriptEngine] INFO  JobRequest
 - STEP 233: S1fc299ff59bc497c8a1953a042d51934 (17/22) - (30/42)
 - [17] End-IfElse


2023-07-18 17:35:56,776 [TScriptEngine] INFO  JobRequest
 - STEP 234: Sbe2e029680ab45558a37f1a750c43f84 (18/22) - (30/42)
 - [18] End-IfElse


2023-07-18 17:35:56,777 [TScriptEngine] INFO  JobRequest
 - STEP 235: S0c44654008c841159a0058b09345b194 (6/22) - (30/42)
 - [6] Assign


2023-07-18 17:35:56,779 [TScriptEngine] INFO  JobRequest
 - STEP 236: S38ee26c734ba4065a38d010e1e2333f6 (7/22) - (30/42)
 - [7] IfThen


2023-07-18 17:35:56,782 [TScriptEngine] INFO  JobRequest
 - STEP 237: S9aeeb04b93fe4f1a99b1184bb23bad96 (9/22) - (30/42)
 - [9] End-IfThen


2023-07-18 17:35:56,784 [TScriptEngine] INFO  JobRequest
 - STEP 238: Sca9dfcf1158042f1a12447b12fe1352d (10/22) - (30/42)
 - [10] GetCheckState


2023-07-18 17:35:57,658 [T18] DEBUG UIAEventHandler
UI Structure Changed Count: 0

2023-07-18 17:35:57,658 [T18] INFO  UIAEventHandler
waiting for 826 msec during the screen structure is changing.

2023-07-18 17:35:58,037 [T18] DEBUG UIAEventHandler
UI Structure Changed Count: 0

2023-07-18 17:35:58,037 [T18] INFO  UIAEventHandler
waiting for 71 msec during the screen structure is changing.

2023-07-18 17:35:58,040 [TScriptEngine] INFO  JobRequest
 - STEP 239: S3b65a20d1728462982dfa724387e33d5 (11/22) - (30/42)
 - [11] IfElse


2023-07-18 17:35:58,044 [TScriptEngine] INFO  JobRequest
 - STEP 240: S04c8d9afda404805b5a11e15b84a7a19 (13/22) - (30/42)
 - [13] Else


2023-07-18 17:35:58,046 [TScriptEngine] INFO  JobRequest
 - STEP 241: Sf9c2eb83c18a41aa8c3669d7b5462bcf (14/22) - (30/42)
 - [14] IfElse


2023-07-18 17:35:58,048 [TScriptEngine] INFO  JobRequest
 - STEP 242: S1cc578f57e934a87b7048a3f280ed642 (16/22) - (30/42)
 - [16] Else


2023-07-18 17:35:58,050 [TScriptEngine] INFO  JobRequest
 - STEP 243: S1fc299ff59bc497c8a1953a042d51934 (17/22) - (30/42)
 - [17] End-IfElse


2023-07-18 17:35:58,052 [TScriptEngine] INFO  JobRequest
 - STEP 244: Sbe2e029680ab45558a37f1a750c43f84 (18/22) - (30/42)
 - [18] End-IfElse


2023-07-18 17:35:58,054 [TScriptEngine] INFO  JobRequest
 - STEP 245: S5d556b9be2184d659971025951e5ee3b (20/22) - (30/42)
 - [20] End-Foreach


2023-07-18 17:35:58,055 [TScriptEngine] INFO  JobRequest
 - STEP 246: S5cd83eca9a6a4f028a620b67e88dd5ef (5/22) - (30/42)
 - [5] Foreach


2023-07-18 17:35:58,058 [TScriptEngine] INFO  JobRequest
 - STEP 247: S0c44654008c841159a0058b09345b194 (6/22) - (30/42)
 - [6] Assign


2023-07-18 17:35:58,060 [TScriptEngine] INFO  JobRequest
 - STEP 248: S38ee26c734ba4065a38d010e1e2333f6 (7/22) - (30/42)
 - [7] IfThen


2023-07-18 17:35:58,062 [TScriptEngine] INFO  JobRequest
 - STEP 249: S66dc504a908c4744a108a419457f860e (8/22) - (30/42)
 - [8] Continue


2023-07-18 17:35:58,064 [TScriptEngine] INFO  JobRequest
 - STEP 250: S0c44654008c841159a0058b09345b194 (6/22) - (30/42)
 - [6] Assign


2023-07-18 17:35:58,066 [TScriptEngine] INFO  JobRequest
 - STEP 251: S38ee26c734ba4065a38d010e1e2333f6 (7/22) - (30/42)
 - [7] IfThen


2023-07-18 17:35:58,068 [TScriptEngine] INFO  JobRequest
 - STEP 252: S66dc504a908c4744a108a419457f860e (8/22) - (30/42)
 - [8] Continue


2023-07-18 17:35:58,070 [TScriptEngine] INFO  JobRequest
 - STEP 253: S0c44654008c841159a0058b09345b194 (6/22) - (30/42)
 - [6] Assign


2023-07-18 17:35:58,072 [TScriptEngine] INFO  JobRequest
 - STEP 254: S38ee26c734ba4065a38d010e1e2333f6 (7/22) - (30/42)
 - [7] IfThen


2023-07-18 17:35:58,074 [TScriptEngine] INFO  JobRequest
 - STEP 255: S66dc504a908c4744a108a419457f860e (8/22) - (30/42)
 - [8] Continue


2023-07-18 17:35:58,075 [TScriptEngine] INFO  JobRequest
 - STEP 256: S0c44654008c841159a0058b09345b194 (6/22) - (30/42)
 - [6] Assign


2023-07-18 17:35:58,077 [TScriptEngine] INFO  JobRequest
 - STEP 257: S38ee26c734ba4065a38d010e1e2333f6 (7/22) - (30/42)
 - [7] IfThen


2023-07-18 17:35:58,079 [TScriptEngine] INFO  JobRequest
 - STEP 258: S9aeeb04b93fe4f1a99b1184bb23bad96 (9/22) - (30/42)
 - [9] End-IfThen


2023-07-18 17:35:58,081 [TScriptEngine] INFO  JobRequest
 - STEP 259: Sca9dfcf1158042f1a12447b12fe1352d (10/22) - (30/42)
 - [10] GetCheckState


2023-07-18 17:35:58,939 [T22] DEBUG UIAEventHandler
UI Structure Changed Count: 0

2023-07-18 17:35:58,939 [T22] INFO  UIAEventHandler
waiting for 804 msec during the screen structure is changing.

2023-07-18 17:35:59,312 [T22] DEBUG UIAEventHandler
UI Structure Changed Count: 0

2023-07-18 17:35:59,312 [T22] INFO  UIAEventHandler
waiting for 81 msec during the screen structure is changing.

2023-07-18 17:35:59,315 [TScriptEngine] INFO  JobRequest
 - STEP 260: S3b65a20d1728462982dfa724387e33d5 (11/22) - (30/42)
 - [11] IfElse


2023-07-18 17:35:59,319 [TScriptEngine] INFO  JobRequest
 - STEP 261: S04c8d9afda404805b5a11e15b84a7a19 (13/22) - (30/42)
 - [13] Else


2023-07-18 17:35:59,321 [TScriptEngine] INFO  JobRequest
 - STEP 262: Sf9c2eb83c18a41aa8c3669d7b5462bcf (14/22) - (30/42)
 - [14] IfElse


2023-07-18 17:35:59,324 [TScriptEngine] INFO  JobRequest
 - STEP 263: S1cc578f57e934a87b7048a3f280ed642 (16/22) - (30/42)
 - [16] Else


2023-07-18 17:35:59,326 [TScriptEngine] INFO  JobRequest
 - STEP 264: S1fc299ff59bc497c8a1953a042d51934 (17/22) - (30/42)
 - [17] End-IfElse


2023-07-18 17:35:59,328 [TScriptEngine] INFO  JobRequest
 - STEP 265: Sbe2e029680ab45558a37f1a750c43f84 (18/22) - (30/42)
 - [18] End-IfElse


2023-07-18 17:35:59,329 [TScriptEngine] INFO  JobRequest
 - STEP 266: S0c44654008c841159a0058b09345b194 (6/22) - (30/42)
 - [6] Assign


2023-07-18 17:35:59,331 [TScriptEngine] INFO  JobRequest
 - STEP 267: S38ee26c734ba4065a38d010e1e2333f6 (7/22) - (30/42)
 - [7] IfThen


2023-07-18 17:35:59,333 [TScriptEngine] INFO  JobRequest
 - STEP 268: S9aeeb04b93fe4f1a99b1184bb23bad96 (9/22) - (30/42)
 - [9] End-IfThen


2023-07-18 17:35:59,336 [TScriptEngine] INFO  JobRequest
 - STEP 269: Sca9dfcf1158042f1a12447b12fe1352d (10/22) - (30/42)
 - [10] GetCheckState


2023-07-18 17:36:00,210 [T6] DEBUG UIAEventHandler
UI Structure Changed Count: 0

2023-07-18 17:36:00,210 [T6] INFO  UIAEventHandler
waiting for 826 msec during the screen structure is changing.

2023-07-18 17:36:00,608 [T6] DEBUG UIAEventHandler
UI Structure Changed Count: 0

2023-07-18 17:36:00,608 [T6] INFO  UIAEventHandler
waiting for 92 msec during the screen structure is changing.

2023-07-18 17:36:00,611 [TScriptEngine] INFO  JobRequest
 - STEP 270: S3b65a20d1728462982dfa724387e33d5 (11/22) - (30/42)
 - [11] IfElse


2023-07-18 17:36:00,614 [TScriptEngine] INFO  JobRequest
 - STEP 271: S04c8d9afda404805b5a11e15b84a7a19 (13/22) - (30/42)
 - [13] Else


2023-07-18 17:36:00,617 [TScriptEngine] INFO  JobRequest
 - STEP 272: Sf9c2eb83c18a41aa8c3669d7b5462bcf (14/22) - (30/42)
 - [14] IfElse


2023-07-18 17:36:00,619 [TScriptEngine] INFO  JobRequest
 - STEP 273: S1cc578f57e934a87b7048a3f280ed642 (16/22) - (30/42)
 - [16] Else


2023-07-18 17:36:00,620 [TScriptEngine] INFO  JobRequest
 - STEP 274: S1fc299ff59bc497c8a1953a042d51934 (17/22) - (30/42)
 - [17] End-IfElse


2023-07-18 17:36:00,622 [TScriptEngine] INFO  JobRequest
 - STEP 275: Sbe2e029680ab45558a37f1a750c43f84 (18/22) - (30/42)
 - [18] End-IfElse


2023-07-18 17:36:00,623 [TScriptEngine] INFO  JobRequest
 - STEP 276: S0c44654008c841159a0058b09345b194 (6/22) - (30/42)
 - [6] Assign


2023-07-18 17:36:00,625 [TScriptEngine] INFO  JobRequest
 - STEP 277: S38ee26c734ba4065a38d010e1e2333f6 (7/22) - (30/42)
 - [7] IfThen


2023-07-18 17:36:00,627 [TScriptEngine] INFO  JobRequest
 - STEP 278: S9aeeb04b93fe4f1a99b1184bb23bad96 (9/22) - (30/42)
 - [9] End-IfThen


2023-07-18 17:36:00,629 [TScriptEngine] INFO  JobRequest
 - STEP 279: Sca9dfcf1158042f1a12447b12fe1352d (10/22) - (30/42)
 - [10] GetCheckState


2023-07-18 17:36:01,513 [T19] DEBUG UIAEventHandler
UI Structure Changed Count: 0

2023-07-18 17:36:01,513 [T19] INFO  UIAEventHandler
waiting for 835 msec during the screen structure is changing.

2023-07-18 17:36:01,893 [T19] DEBUG UIAEventHandler
UI Structure Changed Count: 0

2023-07-18 17:36:01,893 [T19] INFO  UIAEventHandler
waiting for 81 msec during the screen structure is changing.

2023-07-18 17:36:01,897 [TScriptEngine] INFO  JobRequest
 - STEP 280: S3b65a20d1728462982dfa724387e33d5 (11/22) - (30/42)
 - [11] IfElse


2023-07-18 17:36:01,901 [TScriptEngine] INFO  JobRequest
 - STEP 281: S04c8d9afda404805b5a11e15b84a7a19 (13/22) - (30/42)
 - [13] Else


2023-07-18 17:36:01,903 [TScriptEngine] INFO  JobRequest
 - STEP 282: Sf9c2eb83c18a41aa8c3669d7b5462bcf (14/22) - (30/42)
 - [14] IfElse


2023-07-18 17:36:01,906 [TScriptEngine] INFO  JobRequest
 - STEP 283: S1cc578f57e934a87b7048a3f280ed642 (16/22) - (30/42)
 - [16] Else


2023-07-18 17:36:01,908 [TScriptEngine] INFO  JobRequest
 - STEP 284: S1fc299ff59bc497c8a1953a042d51934 (17/22) - (30/42)
 - [17] End-IfElse


2023-07-18 17:36:01,909 [TScriptEngine] INFO  JobRequest
 - STEP 285: Sbe2e029680ab45558a37f1a750c43f84 (18/22) - (30/42)
 - [18] End-IfElse


2023-07-18 17:36:01,911 [TScriptEngine] INFO  JobRequest
 - STEP 286: S5d556b9be2184d659971025951e5ee3b (20/22) - (30/42)
 - [20] End-Foreach


2023-07-18 17:36:01,913 [TScriptEngine] INFO  JobRequest
 - STEP 287: Scbc7f427a6f24c428447dbb3ba3fb3a0 (21/22) - (31/42)
 - [21] End-Foreach


2023-07-18 17:36:01,914 [TScriptEngine] INFO  JobRequest
 - STEP 288: S209aa91c4c10415db999a8faa777042c (22/22) - (32/42)
 - [22] Click


2023-07-18 17:36:02,793 [T23] DEBUG UIAEventHandler
UI Structure Changed Count: 0

2023-07-18 17:36:02,793 [T23] INFO  UIAEventHandler
waiting for 825 msec during the screen structure is changing.

2023-07-18 17:36:03,030 [T23] DEBUG UIAEventHandler
UI Structure Changed Count: 0

2023-07-18 17:36:03,030 [T23] INFO  UIAEventHandler
waiting for 101 msec during the screen structure is changing.

2023-07-18 17:36:03,590 [TScriptEngine] INFO  JobRunner
[PASS] TASK: T_네이버_증권_시가총액_조건테이블선택

2023-07-18 17:36:03,591 [TScriptEngine] INFO  JobRequest
##############################################################
### STATE: EndTask - T_네이버_증권_시가총액_조건테이블선택
##############################################################
117882be-5e28-42db-bee2-482390ab88c9
T_네이버_증권_시가총액_조건테이블선택


2023-07-18 17:36:03,593 [TScriptEngine] INFO  JobRequest
**************************************************************
*** TASK: P_기초실습
**************************************************************
 - STEP 289: S87bad1e3a22b489896cbb59ab31c3677 (5/5) - (33/42)
 - [5] RunTask


2023-07-18 17:36:03,597 [TScriptEngine] INFO  JobRequest
##############################################################
### STATE: StartTask - T_네이버_증권_시가총액_데이터추출
##############################################################
f36d79fc-5990-4bb6-994e-8ec8406ef7a7
T_네이버_증권_시가총액_데이터추출


2023-07-18 17:36:03,599 [TScriptEngine] INFO  JobRequest
**************************************************************
*** TASK: T_네이버_증권_시가총액_데이터추출
**************************************************************
 - STEP 290: Sb568bb2d955b41ab96130f48b24a61be (1/10) - (34/42)
 - [1] ChromeGetTableData


2023-07-18 17:36:04,926 [TScriptEngine] INFO  JobRequest
 - STEP 291: Sfdbc8233435643bca8d29d739f8e5035 (2/10) - (35/42)
 - [2] ExecuteScript


2023-07-18 17:36:05,699 [TScriptEngine] INFO  JobRequest
 - STEP 292: Sf606b33e5b3d4ffd84ac837c28a75a34 (3/10) - (36/42)
 - [3] CreateExcel


2023-07-18 17:36:22,446 [TScriptEngine] INFO  JobRequest
 - STEP 293: S1357c039a6b44f1f8b1e1f24071c66a5 (4/10) - (37/42)
 - [4] CloseAll


2023-07-18 17:36:22,459 [TScriptEngine] DEBUG UIAHelper
CloseAll: EXCEL.EXE

2023-07-18 17:36:23,465 [TScriptEngine] INFO  JobRequest
 - STEP 294: S32d60b9c3ed045e099e5e0192e993919 (5/10) - (38/42)
 - [5] OpenExcel


2023-07-18 17:36:25,613 [TScriptEngine] INFO  JobRequest
 - STEP 295: S5b695a7cd57f4543b03fef72e532da10 (6/10) - (39/42)
 - [6] CreateWorkSheet


2023-07-18 17:36:25,695 [TScriptEngine] INFO  JobRequest
 - STEP 296: S02605ae45464477d8c68cc5d127bb056 (8/10) - (40/42)
 - [8] WriteRange


2023-07-18 17:36:25,883 [TScriptEngine] INFO  JobRequest
 - STEP 297: Sad07b207d5fb481c94b65ddd742a67e9 (9/10) - (41/42)
 - [9] SaveExcel


2023-07-18 17:36:25,931 [TScriptEngine] INFO  JobRequest
 - STEP 298: S8204618ac8cf4ed49e06f750f7cd6583 (10/10) - (42/42)
 - [10] CloseExcel


2023-07-18 17:36:25,973 [TScriptEngine] DEBUG ExcelBase
DisposeExcel

2023-07-18 17:36:27,192 [TScriptEngine] INFO  JobRunner
[PASS] TASK: T_네이버_증권_시가총액_데이터추출

2023-07-18 17:36:27,192 [TScriptEngine] INFO  JobRequest
##############################################################
### STATE: EndTask - T_네이버_증권_시가총액_데이터추출
##############################################################
f36d79fc-5990-4bb6-994e-8ec8406ef7a7
T_네이버_증권_시가총액_데이터추출


2023-07-18 17:36:27,193 [TScriptEngine] INFO  JobRunner
[PASS] TASK: P_기초실습

2023-07-18 17:36:27,193 [TScriptEngine] INFO  JobRequest
##############################################################
### STATE: EndProcess - P_기초실습
##############################################################
c81d6938-f37b-4e37-8376-4e7b4ba19ed1
P_기초실습


2023-07-18 17:36:27,206 [TScriptEngine] INFO  JobRunner
RunProcess - Job Result: {}

2023-07-18 17:36:27,206 [TScriptEngine] DEBUG JobManager
Set Result State: Completed

2023-07-18 17:36:27,209 [TScriptEngine] INFO  JobRunner
Make report.

2023-07-18 17:36:27,362 [TScriptEngine] INFO  JobRunner
Start to clean up resources.

2023-07-18 17:36:27,363 [TScriptEngine] DEBUG JobRunner
OnProcessCompleted

2023-07-18 17:36:27,363 [T18] DEBUG JobRunner
Start timer for checking the job to be completed.

2023-07-18 17:36:27,364 [TScriptEngine] INFO  JobRunner
Start to clean up resources.

2023-07-18 17:36:27,367 [TScriptEngine] DEBUG JobRunner
Remove all libraries

2023-07-18 17:36:27,369 [TScriptEngine] DEBUG NetPlayer
WebPlayer OnDispose

2023-07-18 17:36:27,371 [TScriptEngine] DEBUG WebPlayer
WebPlayer OnDispose : Do Nothing

2023-07-18 17:36:27,372 [TScriptEngine] DEBUG UIAEventHandler
Stop UIA event handler

2023-07-18 17:36:27,381 [TScriptEngine] DEBUG UiaAppHelper
WinHelper DisposeAppList Count: 0

2023-07-18 17:36:27,381 [TScriptEngine] INFO  JobRunner
All Resources Clear

2023-07-18 17:36:27,382 [TScriptEngine] DEBUG JobRunner
OnCompleted

2023-07-18 17:36:27,382 [TScriptEngine] DEBUG JobRunner
SendJobResult: Completed

2023-07-18 17:36:27,382 [TScriptEngine] INFO  JobRequest
##############################################################
### STATE: Completed
##############################################################
{}


2023-07-18 17:36:27,382 [TScriptEngine] INFO  JobRequest
Last job life cycle state: Completed

2023-07-18 17:36:27,382 [TScriptEngine] INFO  JobRequest
Update skipped current step informations.

2023-07-18 17:36:27,397 [TScriptEngine] INFO  JobRequest
##############################################################
### JOB COMPLETED
##############################################################


2023-07-18 17:36:27,397 [T5] DEBUG JobRequest
Callback - State: Completed
{}

2023-07-18 17:36:27,398 [TScriptEngine] INFO  JobRunner
RunProcess end

2023-07-18 17:36:27,398 [T5] INFO  JobRequest
Callback - EngineClosed

2023-07-18 17:36:27,398 [T1] INFO  JobService
Exit - Shutdown Engine BOT

2023-07-18 17:36:27,399 [T5] INFO  JobService
Disconnect agent service

2023-07-18 17:36:27,401 [T5] DEBUG JobRequest
End of Callback Sender

